<?xml version="1.0" encoding="UTF-8"?>
<coverage generated="1770869473290" clover="3.2.0">
  <project timestamp="1770869473290" name="All files">
    <metrics statements="769" coveredstatements="696" conditionals="200" coveredconditionals="151" methods="20" coveredmethods="17" elements="989" coveredelements="864" complexity="0" loc="769" ncloc="769" packages="1" files="1" classes="1"/>
    <file name="Forge.tsx" path="/Users/lstern/projects/forge/src/features/forge/components/Forge.tsx">
      <metrics statements="769" coveredstatements="696" conditionals="200" coveredconditionals="151" methods="20" coveredmethods="17"/>
      <line num="1" count="1" type="stmt"/>
      <line num="2" count="1" type="stmt"/>
      <line num="3" count="1" type="stmt"/>
      <line num="4" count="1" type="stmt"/>
      <line num="5" count="1" type="stmt"/>
      <line num="6" count="1" type="stmt"/>
      <line num="7" count="1" type="stmt"/>
      <line num="8" count="1" type="stmt"/>
      <line num="9" count="1" type="stmt"/>
      <line num="11" count="1" type="stmt"/>
      <line num="12" count="1" type="stmt"/>
      <line num="16" count="1" type="stmt"/>
      <line num="17" count="1" type="stmt"/>
      <line num="32" count="1" type="stmt"/>
      <line num="45" count="1" type="stmt"/>
      <line num="46" count="1" type="stmt"/>
      <line num="98" count="1" type="stmt"/>
      <line num="99" count="1" type="stmt"/>
      <line num="100" count="1" type="stmt"/>
      <line num="101" count="1" type="stmt"/>
      <line num="102" count="1" type="stmt"/>
      <line num="103" count="1" type="stmt"/>
      <line num="105" count="1" type="stmt"/>
      <line num="106" count="1" type="stmt"/>
      <line num="107" count="1" type="stmt"/>
      <line num="108" count="1" type="stmt"/>
      <line num="109" count="1" type="stmt"/>
      <line num="110" count="1" type="stmt"/>
      <line num="111" count="1" type="stmt"/>
      <line num="112" count="1" type="stmt"/>
      <line num="113" count="1" type="stmt"/>
      <line num="114" count="1" type="stmt"/>
      <line num="115" count="1" type="stmt"/>
      <line num="116" count="1" type="stmt"/>
      <line num="117" count="1" type="stmt"/>
      <line num="118" count="1" type="stmt"/>
      <line num="134" count="1" type="stmt"/>
      <line num="135" count="1" type="stmt"/>
      <line num="136" count="1" type="stmt"/>
      <line num="137" count="1" type="stmt"/>
      <line num="141" count="13" type="cond" truecount="1" falsecount="0"/>
      <line num="142" count="13" type="cond" truecount="0" falsecount="1"/>
      <line num="143" count="13" type="cond" truecount="0" falsecount="1"/>
      <line num="144" count="13" type="cond" truecount="0" falsecount="1"/>
      <line num="145" count="13" type="stmt"/>
      <line num="146" count="13" type="stmt"/>
      <line num="147" count="13" type="cond" truecount="0" falsecount="1"/>
      <line num="148" count="0" type="stmt"/>
      <line num="149" count="0" type="stmt"/>
      <line num="150" count="0" type="stmt"/>
      <line num="151" count="0" type="stmt"/>
      <line num="152" count="13" type="cond" truecount="0" falsecount="1"/>
      <line num="153" count="13" type="cond" truecount="0" falsecount="2"/>
      <line num="154" count="0" type="stmt"/>
      <line num="155" count="0" type="stmt"/>
      <line num="156" count="13" type="cond" truecount="0" falsecount="1"/>
      <line num="157" count="13" type="stmt"/>
      <line num="159" count="15" type="cond" truecount="1" falsecount="0"/>
      <line num="160" count="15" type="stmt"/>
      <line num="161" count="15" type="cond" truecount="1" falsecount="0"/>
      <line num="162" count="1" type="stmt"/>
      <line num="163" count="1" type="cond" truecount="1" falsecount="0"/>
      <line num="164" count="15" type="cond" truecount="0" falsecount="1"/>
      <line num="165" count="0" type="stmt"/>
      <line num="166" count="0" type="cond" truecount="1" falsecount="0"/>
      <line num="167" count="14" type="stmt"/>
      <line num="168" count="14" type="stmt"/>
      <line num="170" count="12" type="cond" truecount="1" falsecount="0"/>
      <line num="171" count="12" type="stmt"/>
      <line num="172" count="12" type="stmt"/>
      <line num="173" count="12" type="stmt"/>
      <line num="174" count="12" type="stmt"/>
      <line num="175" count="12" type="stmt"/>
      <line num="176" count="12" type="stmt"/>
      <line num="177" count="12" type="cond" truecount="0" falsecount="3"/>
      <line num="178" count="0" type="stmt"/>
      <line num="179" count="0" type="stmt"/>
      <line num="180" count="12" type="cond" truecount="1" falsecount="0"/>
      <line num="181" count="1" type="stmt"/>
      <line num="182" count="1" type="cond" truecount="1" falsecount="0"/>
      <line num="183" count="12" type="cond" truecount="1" falsecount="0"/>
      <line num="184" count="6" type="stmt"/>
      <line num="185" count="6" type="cond" truecount="1" falsecount="0"/>
      <line num="186" count="5" type="stmt"/>
      <line num="187" count="5" type="stmt"/>
      <line num="189" count="4" type="cond" truecount="1" falsecount="0"/>
      <line num="190" count="4" type="stmt"/>
      <line num="191" count="4" type="stmt"/>
      <line num="192" count="4" type="stmt"/>
      <line num="193" count="4" type="stmt"/>
      <line num="194" count="4" type="stmt"/>
      <line num="195" count="4" type="stmt"/>
      <line num="196" count="4" type="stmt"/>
      <line num="203" count="4" type="stmt"/>
      <line num="204" count="4" type="cond" truecount="1" falsecount="0"/>
      <line num="205" count="4" type="cond" truecount="1" falsecount="0"/>
      <line num="206" count="1" type="cond" truecount="0" falsecount="1"/>
      <line num="207" count="0" type="stmt"/>
      <line num="208" count="0" type="stmt"/>
      <line num="209" count="1" type="stmt"/>
      <line num="210" count="1" type="stmt"/>
      <line num="211" count="1" type="stmt"/>
      <line num="212" count="4" type="stmt"/>
      <line num="213" count="4" type="cond" truecount="1" falsecount="0"/>
      <line num="214" count="4" type="stmt"/>
      <line num="216" count="4" type="cond" truecount="1" falsecount="0"/>
      <line num="217" count="3" type="cond" truecount="2" falsecount="0"/>
      <line num="218" count="1" type="stmt"/>
      <line num="219" count="1" type="stmt"/>
      <line num="220" count="1" type="stmt"/>
      <line num="221" count="1" type="cond" truecount="1" falsecount="0"/>
      <line num="222" count="1" type="stmt"/>
      <line num="223" count="4" type="cond" truecount="1" falsecount="0"/>
      <line num="224" count="3" type="cond" truecount="2" falsecount="0"/>
      <line num="225" count="1" type="stmt"/>
      <line num="227" count="4" type="stmt"/>
      <line num="228" count="4" type="stmt"/>
      <line num="229" count="4" type="stmt"/>
      <line num="230" count="4" type="stmt"/>
      <line num="231" count="4" type="stmt"/>
      <line num="233" count="4" type="stmt"/>
      <line num="234" count="4" type="stmt"/>
      <line num="236" count="4" type="stmt"/>
      <line num="237" count="4" type="stmt"/>
      <line num="238" count="4" type="stmt"/>
      <line num="239" count="4" type="cond" truecount="1" falsecount="0"/>
      <line num="240" count="3" type="stmt"/>
      <line num="241" count="3" type="stmt"/>
      <line num="242" count="3" type="stmt"/>
      <line num="243" count="3" type="stmt"/>
      <line num="244" count="3" type="cond" truecount="0" falsecount="1"/>
      <line num="245" count="3" type="stmt"/>
      <line num="246" count="3" type="stmt"/>
      <line num="247" count="3" type="stmt"/>
      <line num="248" count="3" type="stmt"/>
      <line num="249" count="3" type="stmt"/>
      <line num="250" count="3" type="stmt"/>
      <line num="251" count="3" type="stmt"/>
      <line num="252" count="3" type="stmt"/>
      <line num="253" count="3" type="stmt"/>
      <line num="255" count="0" type="stmt"/>
      <line num="257" count="3" type="stmt"/>
      <line num="258" count="3" type="stmt"/>
      <line num="259" count="3" type="stmt"/>
      <line num="260" count="3" type="stmt"/>
      <line num="261" count="3" type="stmt"/>
      <line num="262" count="3" type="cond" truecount="1" falsecount="0"/>
      <line num="263" count="1" type="stmt"/>
      <line num="264" count="1" type="stmt"/>
      <line num="265" count="1" type="stmt"/>
      <line num="266" count="3" type="stmt"/>
      <line num="267" count="3" type="stmt"/>
      <line num="269" count="3" type="stmt"/>
      <line num="270" count="3" type="stmt"/>
      <line num="271" count="3" type="cond" truecount="1" falsecount="0"/>
      <line num="273" count="1" type="stmt"/>
      <line num="276" count="4" type="cond" truecount="1" falsecount="0"/>
      <line num="277" count="5" type="cond" truecount="2" falsecount="0"/>
      <line num="278" count="5" type="stmt"/>
      <line num="279" count="5" type="stmt"/>
      <line num="280" count="5" type="stmt"/>
      <line num="281" count="5" type="stmt"/>
      <line num="282" count="5" type="stmt"/>
      <line num="283" count="5" type="stmt"/>
      <line num="284" count="5" type="stmt"/>
      <line num="285" count="5" type="stmt"/>
      <line num="286" count="5" type="stmt"/>
      <line num="287" count="5" type="cond" truecount="1" falsecount="0"/>
      <line num="288" count="1" type="stmt"/>
      <line num="289" count="1" type="stmt"/>
      <line num="290" count="1" type="stmt"/>
      <line num="291" count="5" type="stmt"/>
      <line num="293" count="5" type="stmt"/>
      <line num="294" count="5" type="stmt"/>
      <line num="295" count="5" type="stmt"/>
      <line num="296" count="5" type="stmt"/>
      <line num="298" count="4" type="stmt"/>
      <line num="299" count="4" type="stmt"/>
      <line num="300" count="4" type="stmt"/>
      <line num="301" count="4" type="stmt"/>
      <line num="303" count="4" type="stmt"/>
      <line num="304" count="4" type="stmt"/>
      <line num="305" count="4" type="stmt"/>
      <line num="307" count="4" type="stmt"/>
      <line num="309" count="1" type="cond" truecount="1" falsecount="0"/>
      <line num="310" count="104" type="stmt"/>
      <line num="311" count="104" type="stmt"/>
      <line num="312" count="104" type="stmt"/>
      <line num="313" count="104" type="stmt"/>
      <line num="314" count="104" type="stmt"/>
      <line num="315" count="104" type="stmt"/>
      <line num="316" count="104" type="stmt"/>
      <line num="317" count="104" type="stmt"/>
      <line num="318" count="104" type="stmt"/>
      <line num="335" count="104" type="stmt"/>
      <line num="336" count="104" type="cond" truecount="0" falsecount="1"/>
      <line num="337" count="104" type="cond" truecount="0" falsecount="1"/>
      <line num="338" count="104" type="stmt"/>
      <line num="339" count="104" type="stmt"/>
      <line num="340" count="104" type="stmt"/>
      <line num="341" count="104" type="stmt"/>
      <line num="342" count="104" type="stmt"/>
      <line num="343" count="104" type="cond" truecount="1" falsecount="0"/>
      <line num="344" count="104" type="stmt"/>
      <line num="345" count="104" type="stmt"/>
      <line num="346" count="104" type="stmt"/>
      <line num="347" count="104" type="stmt"/>
      <line num="348" count="104" type="stmt"/>
      <line num="349" count="104" type="stmt"/>
      <line num="350" count="104" type="stmt"/>
      <line num="351" count="104" type="stmt"/>
      <line num="352" count="104" type="stmt"/>
      <line num="353" count="104" type="stmt"/>
      <line num="354" count="104" type="cond" truecount="1" falsecount="0"/>
      <line num="356" count="104" type="stmt"/>
      <line num="357" count="104" type="cond" truecount="1" falsecount="0"/>
      <line num="358" count="35" type="stmt"/>
      <line num="359" count="35" type="cond" truecount="0" falsecount="1"/>
      <line num="360" count="0" type="stmt"/>
      <line num="361" count="0" type="stmt"/>
      <line num="362" count="35" type="stmt"/>
      <line num="363" count="35" type="stmt"/>
      <line num="364" count="35" type="cond" truecount="1" falsecount="0"/>
      <line num="365" count="35" type="cond" truecount="1" falsecount="0"/>
      <line num="366" count="34" type="stmt"/>
      <line num="367" count="34" type="cond" truecount="1" falsecount="1"/>
      <line num="368" count="34" type="cond" truecount="1" falsecount="0"/>
      <line num="369" count="34" type="stmt"/>
      <line num="371" count="35" type="stmt"/>
      <line num="372" count="104" type="stmt"/>
      <line num="373" count="104" type="stmt"/>
      <line num="375" count="104" type="stmt"/>
      <line num="376" count="104" type="cond" truecount="1" falsecount="0"/>
      <line num="377" count="18" type="cond" truecount="1" falsecount="0"/>
      <line num="378" count="16" type="stmt"/>
      <line num="379" count="16" type="cond" truecount="1" falsecount="0"/>
      <line num="380" count="18" type="cond" truecount="0" falsecount="1"/>
      <line num="381" count="18" type="cond" truecount="0" falsecount="1"/>
      <line num="382" count="0" type="stmt"/>
      <line num="383" count="0" type="cond" truecount="1" falsecount="0"/>
      <line num="384" count="18" type="cond" truecount="0" falsecount="1"/>
      <line num="385" count="18" type="cond" truecount="0" falsecount="1"/>
      <line num="388" count="0" type="stmt"/>
      <line num="389" count="0" type="cond" truecount="1" falsecount="0"/>
      <line num="390" count="2" type="stmt"/>
      <line num="391" count="2" type="stmt"/>
      <line num="392" count="18" type="stmt"/>
      <line num="393" count="18" type="stmt"/>
      <line num="394" count="18" type="cond" truecount="1" falsecount="0"/>
      <line num="395" count="2" type="stmt"/>
      <line num="396" count="2" type="stmt"/>
      <line num="397" count="2" type="stmt"/>
      <line num="398" count="18" type="stmt"/>
      <line num="399" count="104" type="stmt"/>
      <line num="400" count="104" type="stmt"/>
      <line num="402" count="104" type="stmt"/>
      <line num="403" count="104" type="stmt"/>
      <line num="404" count="104" type="stmt"/>
      <line num="405" count="104" type="stmt"/>
      <line num="406" count="104" type="stmt"/>
      <line num="408" count="104" type="cond" truecount="1" falsecount="0"/>
      <line num="409" count="17" type="stmt"/>
      <line num="410" count="17" type="stmt"/>
      <line num="411" count="17" type="cond" truecount="1" falsecount="0"/>
      <line num="412" count="17" type="cond" truecount="0" falsecount="1"/>
      <line num="413" count="0" type="stmt"/>
      <line num="414" count="0" type="stmt"/>
      <line num="415" count="17" type="stmt"/>
      <line num="416" count="17" type="stmt"/>
      <line num="417" count="17" type="stmt"/>
      <line num="418" count="0" type="stmt"/>
      <line num="419" count="17" type="stmt"/>
      <line num="420" count="17" type="cond" truecount="1" falsecount="0"/>
      <line num="421" count="17" type="stmt"/>
      <line num="422" count="17" type="stmt"/>
      <line num="423" count="104" type="stmt"/>
      <line num="425" count="104" type="cond" truecount="1" falsecount="0"/>
      <line num="426" count="17" type="stmt"/>
      <line num="427" count="17" type="cond" truecount="1" falsecount="0"/>
      <line num="428" count="3" type="stmt"/>
      <line num="429" count="3" type="stmt"/>
      <line num="430" count="3" type="cond" truecount="1" falsecount="0"/>
      <line num="431" count="3" type="stmt"/>
      <line num="432" count="3" type="stmt"/>
      <line num="433" count="3" type="cond" truecount="1" falsecount="0"/>
      <line num="434" count="14" type="stmt"/>
      <line num="435" count="14" type="cond" truecount="1" falsecount="0"/>
      <line num="436" count="14" type="cond" truecount="0" falsecount="1"/>
      <line num="437" count="0" type="stmt"/>
      <line num="438" count="0" type="stmt"/>
      <line num="439" count="14" type="stmt"/>
      <line num="440" count="14" type="stmt"/>
      <line num="441" count="14" type="stmt"/>
      <line num="442" count="0" type="stmt"/>
      <line num="443" count="14" type="stmt"/>
      <line num="444" count="14" type="cond" truecount="1" falsecount="0"/>
      <line num="445" count="14" type="stmt"/>
      <line num="446" count="14" type="stmt"/>
      <line num="447" count="104" type="stmt"/>
      <line num="449" count="104" type="stmt"/>
      <line num="450" count="104" type="cond" truecount="1" falsecount="0"/>
      <line num="451" count="167" type="cond" truecount="0" falsecount="1"/>
      <line num="452" count="0" type="stmt"/>
      <line num="453" count="0" type="stmt"/>
      <line num="454" count="167" type="stmt"/>
      <line num="455" count="167" type="stmt"/>
      <line num="456" count="167" type="stmt"/>
      <line num="457" count="167" type="stmt"/>
      <line num="458" count="167" type="cond" truecount="0" falsecount="1"/>
      <line num="459" count="0" type="stmt"/>
      <line num="460" count="167" type="stmt"/>
      <line num="461" count="167" type="stmt"/>
      <line num="462" count="167" type="stmt"/>
      <line num="463" count="167" type="stmt"/>
      <line num="464" count="104" type="stmt"/>
      <line num="465" count="104" type="stmt"/>
      <line num="467" count="104" type="cond" truecount="1" falsecount="0"/>
      <line num="468" count="17" type="stmt"/>
      <line num="469" count="17" type="cond" truecount="1" falsecount="0"/>
      <line num="470" count="3" type="stmt"/>
      <line num="471" count="3" type="cond" truecount="1" falsecount="0"/>
      <line num="472" count="3" type="stmt"/>
      <line num="473" count="3" type="stmt"/>
      <line num="474" count="3" type="cond" truecount="1" falsecount="0"/>
      <line num="476" count="14" type="cond" truecount="1" falsecount="0"/>
      <line num="477" count="166" type="cond" truecount="0" falsecount="1"/>
      <line num="478" count="0" type="stmt"/>
      <line num="479" count="0" type="stmt"/>
      <line num="480" count="166" type="stmt"/>
      <line num="481" count="166" type="stmt"/>
      <line num="483" count="14" type="stmt"/>
      <line num="484" count="14" type="stmt"/>
      <line num="485" count="14" type="cond" truecount="1" falsecount="0"/>
      <line num="486" count="14" type="stmt"/>
      <line num="487" count="14" type="stmt"/>
      <line num="488" count="14" type="stmt"/>
      <line num="489" count="104" type="stmt"/>
      <line num="491" count="104" type="cond" truecount="1" falsecount="0"/>
      <line num="492" count="36" type="cond" truecount="1" falsecount="0"/>
      <line num="493" count="13" type="cond" truecount="1" falsecount="0"/>
      <line num="494" count="15" type="stmt"/>
      <line num="495" count="15" type="stmt"/>
      <line num="496" count="15" type="stmt"/>
      <line num="497" count="15" type="stmt"/>
      <line num="498" count="15" type="stmt"/>
      <line num="499" count="15" type="stmt"/>
      <line num="500" count="13" type="stmt"/>
      <line num="502" count="13" type="stmt"/>
      <line num="503" count="13" type="stmt"/>
      <line num="504" count="13" type="stmt"/>
      <line num="505" count="13" type="stmt"/>
      <line num="506" count="13" type="stmt"/>
      <line num="507" count="36" type="stmt"/>
      <line num="508" count="104" type="stmt"/>
      <line num="510" count="104" type="stmt"/>
      <line num="511" count="104" type="cond" truecount="1" falsecount="0"/>
      <line num="512" count="1" type="cond" truecount="0" falsecount="1"/>
      <line num="513" count="0" type="stmt"/>
      <line num="514" count="0" type="stmt"/>
      <line num="515" count="1" type="stmt"/>
      <line num="516" count="1" type="cond" truecount="1" falsecount="0"/>
      <line num="517" count="1" type="stmt"/>
      <line num="518" count="1" type="stmt"/>
      <line num="519" count="1" type="stmt"/>
      <line num="520" count="0" type="stmt"/>
      <line num="521" count="1" type="stmt"/>
      <line num="522" count="1" type="stmt"/>
      <line num="523" count="104" type="stmt"/>
      <line num="524" count="104" type="stmt"/>
      <line num="526" count="104" type="cond" truecount="1" falsecount="0"/>
      <line num="527" count="1" type="cond" truecount="0" falsecount="1"/>
      <line num="528" count="0" type="stmt"/>
      <line num="529" count="0" type="stmt"/>
      <line num="530" count="1" type="stmt"/>
      <line num="531" count="1" type="cond" truecount="1" falsecount="0"/>
      <line num="532" count="1" type="stmt"/>
      <line num="533" count="1" type="stmt"/>
      <line num="534" count="1" type="stmt"/>
      <line num="535" count="0" type="stmt"/>
      <line num="536" count="1" type="stmt"/>
      <line num="537" count="104" type="stmt"/>
      <line num="539" count="104" type="stmt"/>
      <line num="540" count="104" type="cond" truecount="1" falsecount="0"/>
      <line num="541" count="42" type="cond" truecount="2" falsecount="1"/>
      <line num="542" count="62" type="stmt"/>
      <line num="543" count="104" type="stmt"/>
      <line num="545" count="104" type="stmt"/>
      <line num="546" count="104" type="stmt"/>
      <line num="548" count="104" type="stmt"/>
      <line num="550" count="104" type="stmt"/>
      <line num="551" count="104" type="stmt"/>
      <line num="552" count="104" type="stmt"/>
      <line num="553" count="104" type="stmt"/>
      <line num="554" count="104" type="stmt"/>
      <line num="556" count="104" type="cond" truecount="1" falsecount="0"/>
      <line num="557" count="17" type="cond" truecount="1" falsecount="0"/>
      <line num="558" count="14" type="stmt"/>
      <line num="559" count="14" type="cond" truecount="1" falsecount="0"/>
      <line num="560" count="3" type="stmt"/>
      <line num="561" count="104" type="stmt"/>
      <line num="563" count="104" type="cond" truecount="1" falsecount="0"/>
      <line num="564" count="46" type="cond" truecount="1" falsecount="0"/>
      <line num="565" count="34" type="stmt"/>
      <line num="566" count="34" type="cond" truecount="1" falsecount="0"/>
      <line num="567" count="46" type="cond" truecount="1" falsecount="1"/>
      <line num="568" count="0" type="stmt"/>
      <line num="569" count="0" type="stmt"/>
      <line num="570" count="104" type="stmt"/>
      <line num="572" count="104" type="cond" truecount="1" falsecount="0"/>
      <line num="573" count="31" type="stmt"/>
      <line num="574" count="31" type="cond" truecount="2" falsecount="0"/>
      <line num="575" count="21" type="stmt"/>
      <line num="576" count="21" type="cond" truecount="1" falsecount="0"/>
      <line num="577" count="21" type="stmt"/>
      <line num="578" count="21" type="stmt"/>
      <line num="579" count="21" type="cond" truecount="1" falsecount="0"/>
      <line num="581" count="31" type="cond" truecount="1" falsecount="1"/>
      <line num="582" count="31" type="cond" truecount="1" falsecount="0"/>
      <line num="583" count="161" type="stmt"/>
      <line num="584" count="161" type="stmt"/>
      <line num="585" count="161" type="stmt"/>
      <line num="586" count="161" type="stmt"/>
      <line num="587" count="161" type="stmt"/>
      <line num="588" count="161" type="stmt"/>
      <line num="589" count="161" type="cond" truecount="0" falsecount="1"/>
      <line num="590" count="0" type="stmt"/>
      <line num="591" count="0" type="stmt"/>
      <line num="592" count="161" type="stmt"/>
      <line num="593" count="161" type="cond" truecount="0" falsecount="1"/>
      <line num="594" count="0" type="stmt"/>
      <line num="595" count="0" type="stmt"/>
      <line num="596" count="0" type="stmt"/>
      <line num="597" count="0" type="stmt"/>
      <line num="598" count="0" type="stmt"/>
      <line num="599" count="0" type="stmt"/>
      <line num="600" count="161" type="stmt"/>
      <line num="602" count="31" type="stmt"/>
      <line num="603" count="31" type="stmt"/>
      <line num="604" count="31" type="cond" truecount="1" falsecount="0"/>
      <line num="605" count="10" type="stmt"/>
      <line num="606" count="10" type="stmt"/>
      <line num="607" count="10" type="stmt"/>
      <line num="608" count="104" type="stmt"/>
      <line num="609" count="104" type="stmt"/>
      <line num="610" count="104" type="cond" truecount="1" falsecount="0"/>
      <line num="611" count="104" type="stmt"/>
      <line num="612" count="104" type="stmt"/>
      <line num="613" count="104" type="stmt"/>
      <line num="615" count="104" type="cond" truecount="1" falsecount="0"/>
      <line num="616" count="17" type="stmt"/>
      <line num="617" count="17" type="stmt"/>
      <line num="618" count="17" type="stmt"/>
      <line num="619" count="17" type="cond" truecount="1" falsecount="0"/>
      <line num="620" count="16" type="stmt"/>
      <line num="621" count="17" type="stmt"/>
      <line num="622" count="104" type="stmt"/>
      <line num="624" count="104" type="stmt"/>
      <line num="625" count="104" type="stmt"/>
      <line num="626" count="104" type="stmt"/>
      <line num="627" count="104" type="stmt"/>
      <line num="628" count="104" type="stmt"/>
      <line num="629" count="104" type="stmt"/>
      <line num="630" count="104" type="stmt"/>
      <line num="631" count="104" type="stmt"/>
      <line num="632" count="104" type="stmt"/>
      <line num="633" count="104" type="stmt"/>
      <line num="634" count="104" type="stmt"/>
      <line num="635" count="104" type="stmt"/>
      <line num="636" count="104" type="stmt"/>
      <line num="637" count="104" type="stmt"/>
      <line num="638" count="104" type="stmt"/>
      <line num="639" count="104" type="stmt"/>
      <line num="640" count="104" type="stmt"/>
      <line num="641" count="104" type="stmt"/>
      <line num="642" count="104" type="stmt"/>
      <line num="644" count="104" type="cond" truecount="1" falsecount="0"/>
      <line num="646" count="27" type="stmt"/>
      <line num="647" count="104" type="stmt"/>
      <line num="649" count="104" type="cond" truecount="1" falsecount="0"/>
      <line num="650" count="1" type="cond" truecount="0" falsecount="1"/>
      <line num="651" count="0" type="stmt"/>
      <line num="652" count="0" type="stmt"/>
      <line num="654" count="1" type="stmt"/>
      <line num="658" count="1" type="stmt"/>
      <line num="659" count="1" type="stmt"/>
      <line num="660" count="1" type="stmt"/>
      <line num="661" count="1" type="stmt"/>
      <line num="662" count="1" type="stmt"/>
      <line num="664" count="1" type="stmt"/>
      <line num="665" count="1" type="stmt"/>
      <line num="667" count="1" type="stmt"/>
      <line num="668" count="1" type="stmt"/>
      <line num="669" count="1" type="cond" truecount="0" falsecount="2"/>
      <line num="672" count="1" type="cond" truecount="0" falsecount="1"/>
      <line num="673" count="1" type="cond" truecount="0" falsecount="1"/>
      <line num="674" count="0" type="stmt"/>
      <line num="675" count="0" type="stmt"/>
      <line num="676" count="0" type="stmt"/>
      <line num="678" count="1" type="stmt"/>
      <line num="680" count="1" type="stmt"/>
      <line num="681" count="1" type="cond" truecount="0" falsecount="1"/>
      <line num="682" count="0" type="stmt"/>
      <line num="683" count="0" type="stmt"/>
      <line num="684" count="0" type="stmt"/>
      <line num="686" count="1" type="stmt"/>
      <line num="687" count="1" type="stmt"/>
      <line num="688" count="1" type="stmt"/>
      <line num="689" count="1" type="stmt"/>
      <line num="690" count="1" type="cond" truecount="0" falsecount="1"/>
      <line num="691" count="0" type="stmt"/>
      <line num="692" count="0" type="stmt"/>
      <line num="693" count="0" type="stmt"/>
      <line num="694" count="0" type="stmt"/>
      <line num="695" count="1" type="cond" truecount="0" falsecount="1"/>
      <line num="696" count="0" type="stmt"/>
      <line num="697" count="0" type="stmt"/>
      <line num="698" count="104" type="stmt"/>
      <line num="699" count="104" type="stmt"/>
      <line num="700" count="104" type="stmt"/>
      <line num="701" count="104" type="stmt"/>
      <line num="702" count="104" type="stmt"/>
      <line num="703" count="104" type="stmt"/>
      <line num="704" count="104" type="stmt"/>
      <line num="705" count="104" type="stmt"/>
      <line num="706" count="104" type="stmt"/>
      <line num="707" count="104" type="stmt"/>
      <line num="708" count="104" type="stmt"/>
      <line num="709" count="104" type="stmt"/>
      <line num="710" count="104" type="stmt"/>
      <line num="712" count="104" type="cond" truecount="1" falsecount="0"/>
      <line num="713" count="1" type="stmt"/>
      <line num="714" count="1" type="stmt"/>
      <line num="715" count="1" type="cond" truecount="0" falsecount="1"/>
      <line num="716" count="0" type="stmt"/>
      <line num="717" count="0" type="stmt"/>
      <line num="719" count="1" type="stmt"/>
      <line num="720" count="1" type="stmt"/>
      <line num="721" count="1" type="stmt"/>
      <line num="722" count="1" type="cond" truecount="0" falsecount="1"/>
      <line num="723" count="0" type="stmt"/>
      <line num="724" count="0" type="stmt"/>
      <line num="726" count="1" type="stmt"/>
      <line num="727" count="1" type="stmt"/>
      <line num="728" count="1" type="cond" truecount="0" falsecount="1"/>
      <line num="729" count="0" type="stmt"/>
      <line num="730" count="0" type="stmt"/>
      <line num="731" count="1" type="stmt"/>
      <line num="732" count="1" type="stmt"/>
      <line num="733" count="1" type="cond" truecount="0" falsecount="1"/>
      <line num="734" count="0" type="stmt"/>
      <line num="735" count="1" type="stmt"/>
      <line num="736" count="1" type="stmt"/>
      <line num="737" count="1" type="stmt"/>
      <line num="738" count="104" type="stmt"/>
      <line num="739" count="104" type="stmt"/>
      <line num="740" count="104" type="stmt"/>
      <line num="741" count="104" type="stmt"/>
      <line num="742" count="104" type="stmt"/>
      <line num="743" count="104" type="stmt"/>
      <line num="744" count="104" type="stmt"/>
      <line num="745" count="104" type="stmt"/>
      <line num="746" count="104" type="stmt"/>
      <line num="748" count="104" type="stmt"/>
      <line num="749" count="104" type="stmt"/>
      <line num="750" count="104" type="stmt"/>
      <line num="751" count="104" type="stmt"/>
      <line num="752" count="104" type="stmt"/>
      <line num="754" count="104" type="stmt"/>
      <line num="755" count="104" type="stmt"/>
      <line num="756" count="104" type="stmt"/>
      <line num="757" count="104" type="stmt"/>
      <line num="758" count="104" type="stmt"/>
      <line num="759" count="104" type="stmt"/>
      <line num="760" count="104" type="stmt"/>
      <line num="761" count="104" type="stmt"/>
      <line num="762" count="104" type="stmt"/>
      <line num="763" count="104" type="stmt"/>
      <line num="764" count="104" type="stmt"/>
      <line num="765" count="104" type="cond" truecount="1" falsecount="0"/>
      <line num="766" count="104" type="stmt"/>
      <line num="768" count="104" type="stmt"/>
      <line num="769" count="104" type="stmt"/>
      <line num="770" count="104" type="stmt"/>
      <line num="771" count="104" type="stmt"/>
      <line num="772" count="104" type="cond" truecount="2" falsecount="0"/>
      <line num="773" count="104" type="stmt"/>
      <line num="774" count="104" type="cond" truecount="1" falsecount="0"/>
      <line num="775" count="12" type="cond" truecount="0" falsecount="1"/>
      <line num="776" count="0" type="stmt"/>
      <line num="777" count="0" type="stmt"/>
      <line num="778" count="12" type="cond" truecount="1" falsecount="0"/>
      <line num="779" count="12" type="stmt"/>
      <line num="780" count="104" type="stmt"/>
      <line num="781" count="104" type="stmt"/>
      <line num="782" count="104" type="stmt"/>
      <line num="784" count="104" type="cond" truecount="2" falsecount="0"/>
      <line num="785" count="104" type="cond" truecount="2" falsecount="0"/>
      <line num="786" count="104" type="stmt"/>
      <line num="787" count="104" type="stmt"/>
      <line num="788" count="104" type="stmt"/>
      <line num="790" count="104" type="cond" truecount="1" falsecount="0"/>
      <line num="791" count="15" type="stmt"/>
      <line num="792" count="15" type="cond" truecount="1" falsecount="0"/>
      <line num="793" count="11" type="stmt"/>
      <line num="794" count="11" type="stmt"/>
      <line num="795" count="11" type="stmt"/>
      <line num="796" count="11" type="stmt"/>
      <line num="797" count="11" type="stmt"/>
      <line num="798" count="11" type="cond" truecount="1" falsecount="0"/>
      <line num="799" count="10" type="stmt"/>
      <line num="800" count="10" type="stmt"/>
      <line num="801" count="10" type="stmt"/>
      <line num="802" count="11" type="stmt"/>
      <line num="804" count="11" type="stmt"/>
      <line num="805" count="11" type="stmt"/>
      <line num="806" count="15" type="stmt"/>
      <line num="807" count="15" type="stmt"/>
      <line num="808" count="15" type="stmt"/>
      <line num="809" count="15" type="stmt"/>
      <line num="811" count="0" type="stmt"/>
      <line num="812" count="0" type="stmt"/>
      <line num="813" count="15" type="stmt"/>
      <line num="814" count="15" type="stmt"/>
      <line num="816" count="15" type="stmt"/>
      <line num="817" count="15" type="stmt"/>
      <line num="818" count="15" type="stmt"/>
      <line num="819" count="15" type="stmt"/>
      <line num="820" count="15" type="stmt"/>
      <line num="822" count="15" type="stmt"/>
      <line num="823" count="15" type="stmt"/>
      <line num="825" count="104" type="stmt"/>
      <line num="826" count="104" type="stmt"/>
      <line num="828" count="104" type="stmt"/>
      <line num="829" count="104" type="stmt"/>
      <line num="830" count="104" type="stmt"/>
      <line num="831" count="104" type="stmt"/>
      <line num="832" count="104" type="stmt"/>
      <line num="833" count="104" type="cond" truecount="1" falsecount="0"/>
      <line num="834" count="42" type="cond" truecount="1" falsecount="0"/>
      <line num="835" count="4" type="cond" truecount="1" falsecount="0"/>
      <line num="836" count="38" type="cond" truecount="1" falsecount="0"/>
      <line num="837" count="62" type="stmt"/>
      <line num="838" count="104" type="stmt"/>
      <line num="839" count="104" type="stmt"/>
      <line num="840" count="104" type="stmt"/>
      <line num="841" count="104" type="stmt"/>
      <line num="842" count="104" type="stmt"/>
      <line num="843" count="104" type="stmt"/>
      <line num="844" count="104" type="stmt"/>
      <line num="845" count="104" type="cond" truecount="1" falsecount="0"/>
      <line num="846" count="104" type="cond" truecount="2" falsecount="0"/>
      <line num="847" count="104" type="stmt"/>
      <line num="848" count="104" type="stmt"/>
      <line num="849" count="104" type="cond" truecount="1" falsecount="0"/>
      <line num="850" count="9" type="cond" truecount="1" falsecount="0"/>
      <line num="851" count="95" type="cond" truecount="1" falsecount="0"/>
      <line num="852" count="53" type="cond" truecount="1" falsecount="0"/>
      <line num="853" count="42" type="cond" truecount="1" falsecount="0"/>
      <line num="854" count="11" type="cond" truecount="1" falsecount="0"/>
      <line num="855" count="31" type="stmt"/>
      <line num="857" count="104" type="cond" truecount="1" falsecount="0"/>
      <line num="858" count="10" type="cond" truecount="0" falsecount="1"/>
      <line num="859" count="0" type="stmt"/>
      <line num="860" count="0" type="stmt"/>
      <line num="861" count="10" type="cond" truecount="1" falsecount="0"/>
      <line num="862" count="3" type="stmt"/>
      <line num="863" count="3" type="stmt"/>
      <line num="864" count="3" type="cond" truecount="1" falsecount="0"/>
      <line num="865" count="7" type="stmt"/>
      <line num="866" count="10" type="stmt"/>
      <line num="868" count="104" type="cond" truecount="2" falsecount="0"/>
      <line num="869" count="104" type="stmt"/>
      <line num="870" count="104" type="stmt"/>
      <line num="871" count="104" type="stmt"/>
      <line num="872" count="104" type="stmt"/>
      <line num="873" count="104" type="stmt"/>
      <line num="874" count="104" type="cond" truecount="2" falsecount="0"/>
      <line num="875" count="104" type="stmt"/>
      <line num="876" count="104" type="stmt"/>
      <line num="877" count="104" type="cond" truecount="1" falsecount="0"/>
      <line num="878" count="9" type="cond" truecount="1" falsecount="0"/>
      <line num="879" count="95" type="cond" truecount="1" falsecount="0"/>
      <line num="880" count="53" type="cond" truecount="1" falsecount="0"/>
      <line num="881" count="42" type="stmt"/>
      <line num="883" count="104" type="cond" truecount="1" falsecount="0"/>
      <line num="884" count="1" type="stmt"/>
      <line num="885" count="1" type="stmt"/>
      <line num="887" count="104" type="cond" truecount="2" falsecount="0"/>
      <line num="888" count="104" type="stmt"/>
      <line num="889" count="104" type="stmt"/>
      <line num="890" count="104" type="stmt"/>
      <line num="891" count="104" type="stmt"/>
      <line num="892" count="104" type="cond" truecount="1" falsecount="0"/>
      <line num="893" count="1" type="stmt"/>
      <line num="894" count="1" type="stmt"/>
      <line num="895" count="1" type="cond" truecount="1" falsecount="0"/>
      <line num="896" count="103" type="stmt"/>
      <line num="897" count="104" type="cond" truecount="1" falsecount="0"/>
      <line num="898" count="9" type="stmt"/>
      <line num="900" count="9" type="cond" truecount="1" falsecount="0"/>
      <line num="901" count="95" type="cond" truecount="1" falsecount="0"/>
      <line num="902" count="42" type="stmt"/>
      <line num="903" count="42" type="cond" truecount="1" falsecount="0"/>
      <line num="904" count="50" type="cond" truecount="1" falsecount="0"/>
      <line num="905" count="50" type="cond" truecount="1" falsecount="0"/>
      <line num="906" count="4" type="cond" truecount="1" falsecount="0"/>
      <line num="907" count="46" type="stmt"/>
      <line num="908" count="50" type="stmt"/>
      <line num="909" count="50" type="stmt"/>
      <line num="910" count="50" type="cond" truecount="1" falsecount="0"/>
      <line num="911" count="50" type="cond" truecount="1" falsecount="0"/>
      <line num="913" count="50" type="stmt"/>
      <line num="914" count="50" type="stmt"/>
      <line num="915" count="50" type="stmt"/>
      <line num="916" count="50" type="stmt"/>
      <line num="917" count="50" type="cond" truecount="1" falsecount="0"/>
      <line num="918" count="3" type="cond" truecount="1" falsecount="0"/>
      <line num="919" count="47" type="cond" truecount="1" falsecount="0"/>
      <line num="920" count="4" type="cond" truecount="1" falsecount="0"/>
      <line num="922" count="43" type="stmt"/>
      <line num="924" count="50" type="stmt"/>
      <line num="925" count="50" type="stmt"/>
      <line num="926" count="50" type="cond" truecount="1" falsecount="0"/>
      <line num="927" count="4" type="stmt"/>
      <line num="928" count="4" type="stmt"/>
      <line num="929" count="4" type="cond" truecount="1" falsecount="0"/>
      <line num="930" count="46" type="stmt"/>
      <line num="931" count="50" type="stmt"/>
      <line num="932" count="50" type="cond" truecount="1" falsecount="0"/>
      <line num="933" count="2" type="stmt"/>
      <line num="934" count="2" type="cond" truecount="1" falsecount="0"/>
      <line num="935" count="12" type="stmt"/>
      <line num="936" count="12" type="stmt"/>
      <line num="937" count="12" type="stmt"/>
      <line num="938" count="12" type="cond" truecount="0" falsecount="1"/>
      <line num="939" count="12" type="stmt"/>
      <line num="940" count="12" type="stmt"/>
      <line num="941" count="12" type="stmt"/>
      <line num="942" count="12" type="stmt"/>
      <line num="943" count="12" type="stmt"/>
      <line num="944" count="12" type="stmt"/>
      <line num="945" count="12" type="stmt"/>
      <line num="946" count="12" type="stmt"/>
      <line num="948" count="12" type="stmt"/>
      <line num="949" count="12" type="stmt"/>
      <line num="950" count="12" type="stmt"/>
      <line num="951" count="12" type="stmt"/>
      <line num="952" count="12" type="stmt"/>
      <line num="954" count="2" type="stmt"/>
      <line num="955" count="2" type="cond" truecount="1" falsecount="0"/>
      <line num="956" count="48" type="stmt"/>
      <line num="957" count="50" type="stmt"/>
      <line num="959" count="42" type="stmt"/>
      <line num="960" count="42" type="cond" truecount="1" falsecount="0"/>
      <line num="962" count="53" type="stmt"/>
      <line num="964" count="53" type="stmt"/>
      <line num="966" count="104" type="stmt"/>
      <line num="967" count="104" type="stmt"/>
      <line num="969" count="104" type="cond" truecount="1" falsecount="0"/>
      <line num="970" count="4" type="stmt"/>
      <line num="971" count="4" type="stmt"/>
      <line num="972" count="4" type="stmt"/>
      <line num="973" count="4" type="stmt"/>
      <line num="974" count="4" type="stmt"/>
      <line num="975" count="4" type="stmt"/>
      <line num="976" count="4" type="cond" truecount="1" falsecount="0"/>
      <line num="977" count="4" type="stmt"/>
      <line num="979" count="104" type="stmt"/>
      <line num="981" count="104" type="stmt"/>
    </file>
  </project>
</coverage>
