<?xml version="1.0" encoding="UTF-8"?>
<coverage generated="1770869991025" clover="3.2.0">
  <project timestamp="1770869991025" name="All files">
    <metrics statements="825" coveredstatements="751" conditionals="220" coveredconditionals="172" methods="23" coveredmethods="20" elements="1068" coveredelements="943" complexity="0" loc="825" ncloc="825" packages="1" files="1" classes="1"/>
    <file name="Forge.tsx" path="/Users/lstern/projects/forge/src/features/forge/components/Forge.tsx">
      <metrics statements="825" coveredstatements="751" conditionals="220" coveredconditionals="172" methods="23" coveredmethods="20"/>
      <line num="1" count="1" type="stmt"/>
      <line num="2" count="1" type="stmt"/>
      <line num="3" count="1" type="stmt"/>
      <line num="4" count="1" type="stmt"/>
      <line num="5" count="1" type="stmt"/>
      <line num="6" count="1" type="stmt"/>
      <line num="7" count="1" type="stmt"/>
      <line num="8" count="1" type="stmt"/>
      <line num="9" count="1" type="stmt"/>
      <line num="11" count="1" type="stmt"/>
      <line num="12" count="1" type="stmt"/>
      <line num="16" count="1" type="stmt"/>
      <line num="17" count="1" type="stmt"/>
      <line num="32" count="1" type="stmt"/>
      <line num="45" count="1" type="stmt"/>
      <line num="46" count="1" type="stmt"/>
      <line num="98" count="1" type="stmt"/>
      <line num="99" count="1" type="stmt"/>
      <line num="100" count="1" type="stmt"/>
      <line num="101" count="1" type="stmt"/>
      <line num="102" count="1" type="stmt"/>
      <line num="103" count="1" type="stmt"/>
      <line num="105" count="1" type="stmt"/>
      <line num="106" count="1" type="stmt"/>
      <line num="107" count="1" type="stmt"/>
      <line num="108" count="1" type="stmt"/>
      <line num="109" count="1" type="stmt"/>
      <line num="110" count="1" type="stmt"/>
      <line num="111" count="1" type="stmt"/>
      <line num="112" count="1" type="stmt"/>
      <line num="113" count="1" type="stmt"/>
      <line num="114" count="1" type="stmt"/>
      <line num="115" count="1" type="stmt"/>
      <line num="116" count="1" type="stmt"/>
      <line num="117" count="1" type="stmt"/>
      <line num="118" count="1" type="stmt"/>
      <line num="134" count="1" type="stmt"/>
      <line num="135" count="1" type="stmt"/>
      <line num="136" count="1" type="stmt"/>
      <line num="137" count="1" type="stmt"/>
      <line num="142" count="28" type="cond" truecount="1" falsecount="0"/>
      <line num="143" count="28" type="cond" truecount="0" falsecount="1"/>
      <line num="144" count="28" type="cond" truecount="0" falsecount="1"/>
      <line num="145" count="28" type="cond" truecount="0" falsecount="1"/>
      <line num="146" count="28" type="stmt"/>
      <line num="147" count="28" type="stmt"/>
      <line num="148" count="28" type="cond" truecount="0" falsecount="1"/>
      <line num="149" count="0" type="stmt"/>
      <line num="150" count="0" type="stmt"/>
      <line num="151" count="0" type="stmt"/>
      <line num="152" count="0" type="stmt"/>
      <line num="153" count="28" type="cond" truecount="0" falsecount="1"/>
      <line num="154" count="28" type="cond" truecount="0" falsecount="2"/>
      <line num="155" count="0" type="stmt"/>
      <line num="156" count="0" type="stmt"/>
      <line num="157" count="28" type="cond" truecount="0" falsecount="1"/>
      <line num="158" count="28" type="stmt"/>
      <line num="160" count="45" type="cond" truecount="1" falsecount="0"/>
      <line num="161" count="45" type="stmt"/>
      <line num="162" count="45" type="cond" truecount="1" falsecount="0"/>
      <line num="163" count="1" type="stmt"/>
      <line num="164" count="1" type="cond" truecount="1" falsecount="0"/>
      <line num="165" count="45" type="cond" truecount="1" falsecount="0"/>
      <line num="166" count="15" type="stmt"/>
      <line num="167" count="15" type="cond" truecount="1" falsecount="0"/>
      <line num="168" count="29" type="stmt"/>
      <line num="169" count="29" type="stmt"/>
      <line num="171" count="348" type="cond" truecount="1" falsecount="0"/>
      <line num="172" count="348" type="stmt"/>
      <line num="173" count="348" type="stmt"/>
      <line num="174" count="348" type="stmt"/>
      <line num="175" count="348" type="stmt"/>
      <line num="176" count="348" type="stmt"/>
      <line num="177" count="348" type="stmt"/>
      <line num="178" count="348" type="cond" truecount="3" falsecount="0"/>
      <line num="179" count="14" type="stmt"/>
      <line num="180" count="14" type="cond" truecount="1" falsecount="0"/>
      <line num="181" count="348" type="cond" truecount="1" falsecount="0"/>
      <line num="182" count="59" type="stmt"/>
      <line num="183" count="59" type="cond" truecount="1" falsecount="0"/>
      <line num="184" count="348" type="cond" truecount="1" falsecount="0"/>
      <line num="185" count="106" type="stmt"/>
      <line num="186" count="106" type="cond" truecount="1" falsecount="0"/>
      <line num="187" count="169" type="stmt"/>
      <line num="188" count="169" type="stmt"/>
      <line num="190" count="112" type="cond" truecount="1" falsecount="0"/>
      <line num="191" count="112" type="stmt"/>
      <line num="192" count="112" type="stmt"/>
      <line num="193" count="112" type="stmt"/>
      <line num="194" count="112" type="stmt"/>
      <line num="195" count="112" type="stmt"/>
      <line num="196" count="112" type="cond" truecount="1" falsecount="0"/>
      <line num="197" count="173" type="cond" truecount="0" falsecount="1"/>
      <line num="198" count="173" type="stmt"/>
      <line num="199" count="112" type="stmt"/>
      <line num="200" count="112" type="cond" truecount="0" falsecount="1"/>
      <line num="201" count="0" type="stmt"/>
      <line num="202" count="0" type="stmt"/>
      <line num="203" count="0" type="stmt"/>
      <line num="204" count="0" type="stmt"/>
      <line num="206" count="112" type="stmt"/>
      <line num="208" count="212" type="cond" truecount="1" falsecount="0"/>
      <line num="209" count="212" type="stmt"/>
      <line num="210" count="212" type="stmt"/>
      <line num="211" count="212" type="stmt"/>
      <line num="212" count="212" type="stmt"/>
      <line num="213" count="212" type="cond" truecount="1" falsecount="0"/>
      <line num="214" count="104" type="stmt"/>
      <line num="215" count="104" type="cond" truecount="1" falsecount="0"/>
      <line num="216" count="212" type="cond" truecount="1" falsecount="0"/>
      <line num="217" count="4" type="stmt"/>
      <line num="218" count="4" type="cond" truecount="1" falsecount="0"/>
      <line num="219" count="212" type="cond" truecount="2" falsecount="0"/>
      <line num="220" count="59" type="stmt"/>
      <line num="221" count="59" type="cond" truecount="1" falsecount="0"/>
      <line num="222" count="45" type="stmt"/>
      <line num="223" count="45" type="stmt"/>
      <line num="225" count="230" type="cond" truecount="1" falsecount="0"/>
      <line num="226" count="230" type="stmt"/>
      <line num="227" count="230" type="stmt"/>
      <line num="228" count="230" type="stmt"/>
      <line num="229" count="230" type="stmt"/>
      <line num="230" count="230" type="stmt"/>
      <line num="231" count="230" type="stmt"/>
      <line num="237" count="230" type="stmt"/>
      <line num="238" count="230" type="cond" truecount="2" falsecount="0"/>
      <line num="239" count="18" type="stmt"/>
      <line num="240" count="18" type="cond" truecount="1" falsecount="0"/>
      <line num="242" count="212" type="stmt"/>
      <line num="243" count="230" type="cond" truecount="1" falsecount="0"/>
      <line num="245" count="230" type="cond" truecount="2" falsecount="0"/>
      <line num="246" count="4" type="cond" truecount="0" falsecount="1"/>
      <line num="247" count="0" type="stmt"/>
      <line num="248" count="4" type="stmt"/>
      <line num="249" count="4" type="cond" truecount="1" falsecount="0"/>
      <line num="251" count="208" type="stmt"/>
      <line num="252" count="208" type="stmt"/>
      <line num="254" count="4" type="cond" truecount="1" falsecount="0"/>
      <line num="255" count="4" type="stmt"/>
      <line num="256" count="4" type="stmt"/>
      <line num="257" count="4" type="stmt"/>
      <line num="258" count="4" type="stmt"/>
      <line num="259" count="4" type="stmt"/>
      <line num="260" count="4" type="stmt"/>
      <line num="261" count="4" type="stmt"/>
      <line num="268" count="4" type="stmt"/>
      <line num="269" count="4" type="cond" truecount="1" falsecount="0"/>
      <line num="270" count="4" type="cond" truecount="1" falsecount="0"/>
      <line num="271" count="1" type="cond" truecount="0" falsecount="1"/>
      <line num="272" count="0" type="stmt"/>
      <line num="273" count="0" type="stmt"/>
      <line num="274" count="1" type="stmt"/>
      <line num="275" count="1" type="stmt"/>
      <line num="276" count="1" type="stmt"/>
      <line num="277" count="4" type="stmt"/>
      <line num="278" count="4" type="cond" truecount="1" falsecount="0"/>
      <line num="279" count="4" type="stmt"/>
      <line num="281" count="4" type="cond" truecount="1" falsecount="0"/>
      <line num="282" count="3" type="cond" truecount="2" falsecount="0"/>
      <line num="283" count="1" type="stmt"/>
      <line num="284" count="1" type="stmt"/>
      <line num="285" count="1" type="stmt"/>
      <line num="286" count="1" type="cond" truecount="1" falsecount="0"/>
      <line num="287" count="1" type="stmt"/>
      <line num="288" count="4" type="cond" truecount="1" falsecount="0"/>
      <line num="289" count="3" type="cond" truecount="2" falsecount="0"/>
      <line num="290" count="1" type="stmt"/>
      <line num="292" count="4" type="stmt"/>
      <line num="293" count="4" type="stmt"/>
      <line num="294" count="4" type="stmt"/>
      <line num="295" count="4" type="stmt"/>
      <line num="296" count="4" type="stmt"/>
      <line num="298" count="4" type="stmt"/>
      <line num="299" count="4" type="stmt"/>
      <line num="301" count="4" type="stmt"/>
      <line num="302" count="4" type="stmt"/>
      <line num="303" count="4" type="stmt"/>
      <line num="304" count="4" type="cond" truecount="1" falsecount="0"/>
      <line num="305" count="3" type="stmt"/>
      <line num="306" count="3" type="stmt"/>
      <line num="307" count="3" type="stmt"/>
      <line num="308" count="3" type="stmt"/>
      <line num="309" count="3" type="cond" truecount="0" falsecount="1"/>
      <line num="310" count="3" type="stmt"/>
      <line num="311" count="3" type="stmt"/>
      <line num="312" count="3" type="stmt"/>
      <line num="313" count="3" type="stmt"/>
      <line num="314" count="3" type="stmt"/>
      <line num="315" count="3" type="stmt"/>
      <line num="316" count="3" type="stmt"/>
      <line num="317" count="3" type="stmt"/>
      <line num="318" count="3" type="stmt"/>
      <line num="320" count="0" type="stmt"/>
      <line num="322" count="3" type="stmt"/>
      <line num="323" count="3" type="stmt"/>
      <line num="324" count="3" type="stmt"/>
      <line num="325" count="3" type="stmt"/>
      <line num="326" count="3" type="stmt"/>
      <line num="327" count="3" type="cond" truecount="1" falsecount="0"/>
      <line num="328" count="1" type="stmt"/>
      <line num="329" count="1" type="stmt"/>
      <line num="330" count="1" type="stmt"/>
      <line num="331" count="3" type="stmt"/>
      <line num="332" count="3" type="stmt"/>
      <line num="334" count="3" type="stmt"/>
      <line num="335" count="3" type="stmt"/>
      <line num="336" count="3" type="cond" truecount="1" falsecount="0"/>
      <line num="338" count="1" type="stmt"/>
      <line num="341" count="4" type="cond" truecount="1" falsecount="0"/>
      <line num="342" count="5" type="cond" truecount="2" falsecount="0"/>
      <line num="343" count="5" type="stmt"/>
      <line num="344" count="5" type="stmt"/>
      <line num="345" count="5" type="stmt"/>
      <line num="346" count="5" type="stmt"/>
      <line num="347" count="5" type="stmt"/>
      <line num="348" count="5" type="stmt"/>
      <line num="349" count="5" type="stmt"/>
      <line num="350" count="5" type="stmt"/>
      <line num="351" count="5" type="stmt"/>
      <line num="352" count="5" type="cond" truecount="1" falsecount="0"/>
      <line num="353" count="1" type="stmt"/>
      <line num="354" count="1" type="stmt"/>
      <line num="355" count="1" type="stmt"/>
      <line num="356" count="5" type="stmt"/>
      <line num="358" count="5" type="stmt"/>
      <line num="359" count="5" type="stmt"/>
      <line num="360" count="5" type="stmt"/>
      <line num="361" count="5" type="stmt"/>
      <line num="363" count="4" type="stmt"/>
      <line num="364" count="4" type="stmt"/>
      <line num="365" count="4" type="stmt"/>
      <line num="366" count="4" type="stmt"/>
      <line num="368" count="4" type="stmt"/>
      <line num="369" count="4" type="stmt"/>
      <line num="370" count="4" type="stmt"/>
      <line num="372" count="4" type="stmt"/>
      <line num="374" count="1" type="cond" truecount="1" falsecount="0"/>
      <line num="375" count="240" type="stmt"/>
      <line num="376" count="240" type="stmt"/>
      <line num="377" count="240" type="stmt"/>
      <line num="378" count="240" type="stmt"/>
      <line num="379" count="240" type="stmt"/>
      <line num="380" count="240" type="stmt"/>
      <line num="381" count="240" type="stmt"/>
      <line num="382" count="240" type="stmt"/>
      <line num="383" count="240" type="stmt"/>
      <line num="400" count="240" type="stmt"/>
      <line num="401" count="240" type="cond" truecount="0" falsecount="1"/>
      <line num="402" count="240" type="cond" truecount="0" falsecount="1"/>
      <line num="403" count="240" type="stmt"/>
      <line num="404" count="240" type="stmt"/>
      <line num="405" count="240" type="stmt"/>
      <line num="406" count="240" type="stmt"/>
      <line num="407" count="240" type="stmt"/>
      <line num="408" count="240" type="cond" truecount="1" falsecount="0"/>
      <line num="409" count="240" type="stmt"/>
      <line num="410" count="240" type="stmt"/>
      <line num="411" count="240" type="stmt"/>
      <line num="412" count="240" type="stmt"/>
      <line num="413" count="240" type="stmt"/>
      <line num="414" count="240" type="stmt"/>
      <line num="415" count="240" type="stmt"/>
      <line num="416" count="240" type="stmt"/>
      <line num="417" count="240" type="stmt"/>
      <line num="418" count="240" type="stmt"/>
      <line num="419" count="240" type="cond" truecount="1" falsecount="0"/>
      <line num="421" count="240" type="stmt"/>
      <line num="422" count="240" type="cond" truecount="1" falsecount="0"/>
      <line num="423" count="65" type="stmt"/>
      <line num="424" count="65" type="cond" truecount="0" falsecount="1"/>
      <line num="425" count="0" type="stmt"/>
      <line num="426" count="0" type="stmt"/>
      <line num="427" count="65" type="stmt"/>
      <line num="428" count="65" type="stmt"/>
      <line num="429" count="65" type="cond" truecount="1" falsecount="0"/>
      <line num="430" count="65" type="cond" truecount="1" falsecount="0"/>
      <line num="431" count="64" type="stmt"/>
      <line num="432" count="64" type="cond" truecount="1" falsecount="1"/>
      <line num="433" count="64" type="cond" truecount="1" falsecount="0"/>
      <line num="434" count="64" type="stmt"/>
      <line num="436" count="65" type="stmt"/>
      <line num="437" count="240" type="stmt"/>
      <line num="438" count="240" type="stmt"/>
      <line num="440" count="240" type="stmt"/>
      <line num="441" count="240" type="cond" truecount="1" falsecount="0"/>
      <line num="442" count="33" type="cond" truecount="1" falsecount="0"/>
      <line num="443" count="31" type="stmt"/>
      <line num="444" count="31" type="cond" truecount="1" falsecount="0"/>
      <line num="445" count="33" type="cond" truecount="0" falsecount="1"/>
      <line num="446" count="33" type="cond" truecount="0" falsecount="1"/>
      <line num="447" count="0" type="stmt"/>
      <line num="448" count="0" type="cond" truecount="1" falsecount="0"/>
      <line num="449" count="33" type="cond" truecount="0" falsecount="1"/>
      <line num="450" count="33" type="cond" truecount="0" falsecount="1"/>
      <line num="453" count="0" type="stmt"/>
      <line num="454" count="0" type="cond" truecount="1" falsecount="0"/>
      <line num="455" count="2" type="stmt"/>
      <line num="456" count="2" type="stmt"/>
      <line num="457" count="33" type="stmt"/>
      <line num="458" count="33" type="stmt"/>
      <line num="459" count="33" type="cond" truecount="1" falsecount="0"/>
      <line num="460" count="2" type="stmt"/>
      <line num="461" count="2" type="stmt"/>
      <line num="462" count="2" type="stmt"/>
      <line num="463" count="33" type="stmt"/>
      <line num="464" count="240" type="stmt"/>
      <line num="465" count="240" type="stmt"/>
      <line num="467" count="240" type="stmt"/>
      <line num="468" count="240" type="stmt"/>
      <line num="469" count="240" type="stmt"/>
      <line num="470" count="240" type="stmt"/>
      <line num="471" count="240" type="stmt"/>
      <line num="473" count="240" type="cond" truecount="1" falsecount="0"/>
      <line num="474" count="32" type="stmt"/>
      <line num="475" count="32" type="stmt"/>
      <line num="476" count="32" type="cond" truecount="1" falsecount="0"/>
      <line num="477" count="32" type="cond" truecount="0" falsecount="1"/>
      <line num="478" count="0" type="stmt"/>
      <line num="479" count="0" type="stmt"/>
      <line num="480" count="32" type="stmt"/>
      <line num="481" count="32" type="stmt"/>
      <line num="482" count="32" type="stmt"/>
      <line num="483" count="0" type="stmt"/>
      <line num="484" count="32" type="stmt"/>
      <line num="485" count="32" type="cond" truecount="1" falsecount="0"/>
      <line num="486" count="32" type="stmt"/>
      <line num="487" count="32" type="stmt"/>
      <line num="488" count="240" type="stmt"/>
      <line num="490" count="240" type="cond" truecount="1" falsecount="0"/>
      <line num="491" count="32" type="stmt"/>
      <line num="492" count="32" type="cond" truecount="1" falsecount="0"/>
      <line num="493" count="3" type="stmt"/>
      <line num="494" count="3" type="stmt"/>
      <line num="495" count="3" type="cond" truecount="1" falsecount="0"/>
      <line num="496" count="3" type="stmt"/>
      <line num="497" count="3" type="stmt"/>
      <line num="498" count="3" type="cond" truecount="1" falsecount="0"/>
      <line num="499" count="29" type="stmt"/>
      <line num="500" count="29" type="cond" truecount="1" falsecount="0"/>
      <line num="501" count="29" type="cond" truecount="0" falsecount="1"/>
      <line num="502" count="0" type="stmt"/>
      <line num="503" count="0" type="stmt"/>
      <line num="504" count="29" type="stmt"/>
      <line num="505" count="29" type="stmt"/>
      <line num="506" count="29" type="stmt"/>
      <line num="507" count="0" type="stmt"/>
      <line num="508" count="29" type="stmt"/>
      <line num="509" count="29" type="cond" truecount="1" falsecount="0"/>
      <line num="510" count="29" type="stmt"/>
      <line num="511" count="29" type="stmt"/>
      <line num="512" count="240" type="stmt"/>
      <line num="514" count="240" type="stmt"/>
      <line num="515" count="240" type="cond" truecount="1" falsecount="0"/>
      <line num="516" count="182" type="cond" truecount="0" falsecount="1"/>
      <line num="517" count="0" type="stmt"/>
      <line num="518" count="0" type="stmt"/>
      <line num="519" count="182" type="stmt"/>
      <line num="520" count="182" type="stmt"/>
      <line num="521" count="182" type="stmt"/>
      <line num="522" count="182" type="stmt"/>
      <line num="523" count="182" type="cond" truecount="0" falsecount="1"/>
      <line num="524" count="0" type="stmt"/>
      <line num="525" count="182" type="stmt"/>
      <line num="526" count="182" type="stmt"/>
      <line num="527" count="182" type="stmt"/>
      <line num="528" count="182" type="stmt"/>
      <line num="529" count="240" type="stmt"/>
      <line num="530" count="240" type="stmt"/>
      <line num="532" count="240" type="cond" truecount="1" falsecount="0"/>
      <line num="533" count="32" type="stmt"/>
      <line num="534" count="32" type="cond" truecount="1" falsecount="0"/>
      <line num="535" count="3" type="stmt"/>
      <line num="536" count="3" type="cond" truecount="1" falsecount="0"/>
      <line num="537" count="3" type="stmt"/>
      <line num="538" count="3" type="stmt"/>
      <line num="539" count="3" type="cond" truecount="1" falsecount="0"/>
      <line num="541" count="29" type="cond" truecount="1" falsecount="0"/>
      <line num="542" count="181" type="cond" truecount="0" falsecount="1"/>
      <line num="543" count="0" type="stmt"/>
      <line num="544" count="0" type="stmt"/>
      <line num="545" count="181" type="stmt"/>
      <line num="546" count="181" type="stmt"/>
      <line num="548" count="29" type="stmt"/>
      <line num="549" count="29" type="stmt"/>
      <line num="550" count="29" type="cond" truecount="1" falsecount="0"/>
      <line num="551" count="29" type="stmt"/>
      <line num="552" count="29" type="stmt"/>
      <line num="553" count="29" type="stmt"/>
      <line num="554" count="240" type="stmt"/>
      <line num="556" count="240" type="cond" truecount="1" falsecount="0"/>
      <line num="557" count="66" type="cond" truecount="1" falsecount="0"/>
      <line num="558" count="28" type="cond" truecount="1" falsecount="0"/>
      <line num="559" count="45" type="stmt"/>
      <line num="560" count="45" type="stmt"/>
      <line num="561" count="45" type="stmt"/>
      <line num="562" count="45" type="stmt"/>
      <line num="563" count="45" type="stmt"/>
      <line num="564" count="45" type="stmt"/>
      <line num="565" count="28" type="stmt"/>
      <line num="567" count="28" type="stmt"/>
      <line num="568" count="28" type="stmt"/>
      <line num="569" count="28" type="stmt"/>
      <line num="570" count="28" type="stmt"/>
      <line num="571" count="28" type="stmt"/>
      <line num="572" count="66" type="stmt"/>
      <line num="573" count="240" type="stmt"/>
      <line num="575" count="240" type="stmt"/>
      <line num="576" count="240" type="cond" truecount="1" falsecount="0"/>
      <line num="577" count="1" type="cond" truecount="0" falsecount="1"/>
      <line num="578" count="0" type="stmt"/>
      <line num="579" count="0" type="stmt"/>
      <line num="580" count="1" type="stmt"/>
      <line num="581" count="1" type="cond" truecount="1" falsecount="0"/>
      <line num="582" count="1" type="stmt"/>
      <line num="583" count="1" type="stmt"/>
      <line num="584" count="1" type="stmt"/>
      <line num="585" count="0" type="stmt"/>
      <line num="586" count="1" type="stmt"/>
      <line num="587" count="1" type="stmt"/>
      <line num="588" count="240" type="stmt"/>
      <line num="589" count="240" type="stmt"/>
      <line num="591" count="240" type="cond" truecount="1" falsecount="0"/>
      <line num="592" count="1" type="cond" truecount="0" falsecount="1"/>
      <line num="593" count="0" type="stmt"/>
      <line num="594" count="0" type="stmt"/>
      <line num="595" count="1" type="stmt"/>
      <line num="596" count="1" type="cond" truecount="1" falsecount="0"/>
      <line num="597" count="1" type="stmt"/>
      <line num="598" count="1" type="stmt"/>
      <line num="599" count="1" type="stmt"/>
      <line num="600" count="0" type="stmt"/>
      <line num="601" count="1" type="stmt"/>
      <line num="602" count="240" type="stmt"/>
      <line num="604" count="240" type="stmt"/>
      <line num="605" count="240" type="cond" truecount="1" falsecount="0"/>
      <line num="606" count="132" type="cond" truecount="2" falsecount="1"/>
      <line num="607" count="108" type="stmt"/>
      <line num="608" count="240" type="stmt"/>
      <line num="610" count="240" type="stmt"/>
      <line num="611" count="240" type="stmt"/>
      <line num="613" count="240" type="stmt"/>
      <line num="615" count="240" type="stmt"/>
      <line num="616" count="240" type="stmt"/>
      <line num="617" count="240" type="stmt"/>
      <line num="618" count="240" type="stmt"/>
      <line num="619" count="240" type="stmt"/>
      <line num="621" count="240" type="cond" truecount="1" falsecount="0"/>
      <line num="622" count="32" type="cond" truecount="1" falsecount="0"/>
      <line num="623" count="29" type="stmt"/>
      <line num="624" count="29" type="cond" truecount="1" falsecount="0"/>
      <line num="625" count="3" type="stmt"/>
      <line num="626" count="240" type="stmt"/>
      <line num="628" count="240" type="cond" truecount="1" falsecount="0"/>
      <line num="629" count="91" type="cond" truecount="1" falsecount="0"/>
      <line num="630" count="64" type="stmt"/>
      <line num="631" count="64" type="cond" truecount="1" falsecount="0"/>
      <line num="632" count="91" type="cond" truecount="1" falsecount="1"/>
      <line num="633" count="0" type="stmt"/>
      <line num="634" count="0" type="stmt"/>
      <line num="635" count="240" type="stmt"/>
      <line num="637" count="240" type="cond" truecount="1" falsecount="0"/>
      <line num="638" count="61" type="stmt"/>
      <line num="639" count="61" type="cond" truecount="2" falsecount="0"/>
      <line num="640" count="36" type="stmt"/>
      <line num="641" count="36" type="cond" truecount="1" falsecount="0"/>
      <line num="642" count="36" type="stmt"/>
      <line num="643" count="36" type="stmt"/>
      <line num="644" count="36" type="cond" truecount="1" falsecount="0"/>
      <line num="646" count="61" type="cond" truecount="1" falsecount="1"/>
      <line num="647" count="61" type="cond" truecount="1" falsecount="0"/>
      <line num="648" count="176" type="stmt"/>
      <line num="649" count="176" type="stmt"/>
      <line num="650" count="176" type="stmt"/>
      <line num="651" count="176" type="stmt"/>
      <line num="652" count="176" type="stmt"/>
      <line num="653" count="176" type="stmt"/>
      <line num="654" count="176" type="cond" truecount="0" falsecount="1"/>
      <line num="655" count="0" type="stmt"/>
      <line num="656" count="0" type="stmt"/>
      <line num="657" count="176" type="stmt"/>
      <line num="658" count="176" type="cond" truecount="0" falsecount="1"/>
      <line num="659" count="0" type="stmt"/>
      <line num="660" count="0" type="stmt"/>
      <line num="661" count="0" type="stmt"/>
      <line num="662" count="0" type="stmt"/>
      <line num="663" count="0" type="stmt"/>
      <line num="664" count="0" type="stmt"/>
      <line num="665" count="176" type="stmt"/>
      <line num="667" count="61" type="stmt"/>
      <line num="668" count="61" type="stmt"/>
      <line num="669" count="61" type="cond" truecount="1" falsecount="0"/>
      <line num="670" count="25" type="stmt"/>
      <line num="671" count="25" type="stmt"/>
      <line num="672" count="25" type="stmt"/>
      <line num="673" count="240" type="stmt"/>
      <line num="674" count="240" type="stmt"/>
      <line num="675" count="240" type="cond" truecount="1" falsecount="0"/>
      <line num="676" count="240" type="stmt"/>
      <line num="677" count="240" type="stmt"/>
      <line num="678" count="240" type="stmt"/>
      <line num="680" count="240" type="cond" truecount="1" falsecount="0"/>
      <line num="681" count="32" type="stmt"/>
      <line num="682" count="32" type="stmt"/>
      <line num="683" count="32" type="stmt"/>
      <line num="684" count="32" type="cond" truecount="1" falsecount="0"/>
      <line num="685" count="31" type="stmt"/>
      <line num="686" count="32" type="stmt"/>
      <line num="687" count="240" type="stmt"/>
      <line num="689" count="240" type="stmt"/>
      <line num="690" count="240" type="stmt"/>
      <line num="691" count="240" type="stmt"/>
      <line num="692" count="240" type="stmt"/>
      <line num="693" count="240" type="stmt"/>
      <line num="694" count="240" type="stmt"/>
      <line num="695" count="240" type="stmt"/>
      <line num="696" count="240" type="stmt"/>
      <line num="697" count="240" type="stmt"/>
      <line num="698" count="240" type="stmt"/>
      <line num="699" count="240" type="stmt"/>
      <line num="700" count="240" type="stmt"/>
      <line num="701" count="240" type="stmt"/>
      <line num="702" count="240" type="stmt"/>
      <line num="703" count="240" type="stmt"/>
      <line num="704" count="240" type="stmt"/>
      <line num="705" count="240" type="stmt"/>
      <line num="706" count="240" type="stmt"/>
      <line num="707" count="240" type="stmt"/>
      <line num="709" count="240" type="cond" truecount="1" falsecount="0"/>
      <line num="711" count="57" type="stmt"/>
      <line num="712" count="240" type="stmt"/>
      <line num="714" count="240" type="cond" truecount="1" falsecount="0"/>
      <line num="715" count="1" type="cond" truecount="0" falsecount="1"/>
      <line num="716" count="0" type="stmt"/>
      <line num="717" count="0" type="stmt"/>
      <line num="719" count="1" type="stmt"/>
      <line num="723" count="1" type="stmt"/>
      <line num="724" count="1" type="stmt"/>
      <line num="725" count="1" type="stmt"/>
      <line num="726" count="1" type="stmt"/>
      <line num="727" count="1" type="stmt"/>
      <line num="729" count="1" type="stmt"/>
      <line num="730" count="1" type="stmt"/>
      <line num="732" count="1" type="stmt"/>
      <line num="733" count="1" type="stmt"/>
      <line num="734" count="1" type="cond" truecount="0" falsecount="2"/>
      <line num="737" count="1" type="cond" truecount="0" falsecount="1"/>
      <line num="738" count="1" type="cond" truecount="0" falsecount="1"/>
      <line num="739" count="0" type="stmt"/>
      <line num="740" count="0" type="stmt"/>
      <line num="741" count="0" type="stmt"/>
      <line num="743" count="1" type="stmt"/>
      <line num="745" count="1" type="stmt"/>
      <line num="746" count="1" type="cond" truecount="0" falsecount="1"/>
      <line num="747" count="0" type="stmt"/>
      <line num="748" count="0" type="stmt"/>
      <line num="749" count="0" type="stmt"/>
      <line num="751" count="1" type="stmt"/>
      <line num="752" count="1" type="stmt"/>
      <line num="753" count="1" type="stmt"/>
      <line num="754" count="1" type="stmt"/>
      <line num="755" count="1" type="cond" truecount="0" falsecount="1"/>
      <line num="756" count="0" type="stmt"/>
      <line num="757" count="0" type="stmt"/>
      <line num="758" count="0" type="stmt"/>
      <line num="759" count="0" type="stmt"/>
      <line num="760" count="1" type="cond" truecount="0" falsecount="1"/>
      <line num="761" count="0" type="stmt"/>
      <line num="762" count="0" type="stmt"/>
      <line num="763" count="240" type="stmt"/>
      <line num="764" count="240" type="stmt"/>
      <line num="765" count="240" type="stmt"/>
      <line num="766" count="240" type="stmt"/>
      <line num="767" count="240" type="stmt"/>
      <line num="768" count="240" type="stmt"/>
      <line num="769" count="240" type="stmt"/>
      <line num="770" count="240" type="stmt"/>
      <line num="771" count="240" type="stmt"/>
      <line num="772" count="240" type="stmt"/>
      <line num="773" count="240" type="stmt"/>
      <line num="774" count="240" type="stmt"/>
      <line num="775" count="240" type="stmt"/>
      <line num="777" count="240" type="cond" truecount="1" falsecount="0"/>
      <line num="778" count="1" type="stmt"/>
      <line num="779" count="1" type="stmt"/>
      <line num="780" count="1" type="cond" truecount="0" falsecount="1"/>
      <line num="781" count="0" type="stmt"/>
      <line num="782" count="0" type="stmt"/>
      <line num="784" count="1" type="stmt"/>
      <line num="785" count="1" type="stmt"/>
      <line num="786" count="1" type="stmt"/>
      <line num="787" count="1" type="cond" truecount="0" falsecount="1"/>
      <line num="788" count="0" type="stmt"/>
      <line num="789" count="0" type="stmt"/>
      <line num="791" count="1" type="stmt"/>
      <line num="792" count="1" type="stmt"/>
      <line num="793" count="1" type="cond" truecount="0" falsecount="1"/>
      <line num="794" count="0" type="stmt"/>
      <line num="795" count="0" type="stmt"/>
      <line num="796" count="1" type="stmt"/>
      <line num="797" count="1" type="stmt"/>
      <line num="798" count="1" type="cond" truecount="0" falsecount="1"/>
      <line num="799" count="0" type="stmt"/>
      <line num="800" count="1" type="stmt"/>
      <line num="801" count="1" type="stmt"/>
      <line num="802" count="1" type="stmt"/>
      <line num="803" count="240" type="stmt"/>
      <line num="804" count="240" type="stmt"/>
      <line num="805" count="240" type="stmt"/>
      <line num="806" count="240" type="stmt"/>
      <line num="807" count="240" type="stmt"/>
      <line num="808" count="240" type="stmt"/>
      <line num="809" count="240" type="stmt"/>
      <line num="810" count="240" type="stmt"/>
      <line num="811" count="240" type="stmt"/>
      <line num="813" count="240" type="stmt"/>
      <line num="814" count="240" type="stmt"/>
      <line num="815" count="240" type="stmt"/>
      <line num="816" count="240" type="stmt"/>
      <line num="817" count="240" type="stmt"/>
      <line num="819" count="240" type="stmt"/>
      <line num="820" count="240" type="stmt"/>
      <line num="821" count="240" type="stmt"/>
      <line num="822" count="240" type="stmt"/>
      <line num="823" count="240" type="stmt"/>
      <line num="824" count="240" type="stmt"/>
      <line num="825" count="240" type="stmt"/>
      <line num="826" count="240" type="stmt"/>
      <line num="827" count="240" type="stmt"/>
      <line num="828" count="240" type="stmt"/>
      <line num="829" count="240" type="stmt"/>
      <line num="830" count="240" type="cond" truecount="1" falsecount="0"/>
      <line num="831" count="240" type="stmt"/>
      <line num="833" count="240" type="stmt"/>
      <line num="834" count="240" type="stmt"/>
      <line num="835" count="240" type="stmt"/>
      <line num="836" count="240" type="stmt"/>
      <line num="837" count="240" type="cond" truecount="2" falsecount="0"/>
      <line num="838" count="240" type="stmt"/>
      <line num="839" count="240" type="cond" truecount="1" falsecount="0"/>
      <line num="840" count="27" type="cond" truecount="0" falsecount="1"/>
      <line num="841" count="0" type="stmt"/>
      <line num="842" count="0" type="stmt"/>
      <line num="843" count="27" type="cond" truecount="1" falsecount="0"/>
      <line num="844" count="27" type="stmt"/>
      <line num="845" count="240" type="stmt"/>
      <line num="846" count="240" type="stmt"/>
      <line num="847" count="240" type="stmt"/>
      <line num="849" count="240" type="cond" truecount="2" falsecount="0"/>
      <line num="850" count="240" type="cond" truecount="2" falsecount="0"/>
      <line num="851" count="240" type="stmt"/>
      <line num="852" count="240" type="stmt"/>
      <line num="853" count="240" type="stmt"/>
      <line num="855" count="240" type="cond" truecount="1" falsecount="0"/>
      <line num="856" count="30" type="stmt"/>
      <line num="857" count="30" type="cond" truecount="1" falsecount="0"/>
      <line num="858" count="26" type="stmt"/>
      <line num="859" count="26" type="stmt"/>
      <line num="860" count="26" type="stmt"/>
      <line num="861" count="26" type="stmt"/>
      <line num="862" count="26" type="stmt"/>
      <line num="863" count="26" type="cond" truecount="1" falsecount="0"/>
      <line num="864" count="25" type="stmt"/>
      <line num="865" count="25" type="stmt"/>
      <line num="866" count="25" type="stmt"/>
      <line num="867" count="26" type="stmt"/>
      <line num="869" count="26" type="stmt"/>
      <line num="870" count="26" type="stmt"/>
      <line num="871" count="30" type="stmt"/>
      <line num="872" count="30" type="stmt"/>
      <line num="873" count="30" type="stmt"/>
      <line num="874" count="30" type="stmt"/>
      <line num="876" count="0" type="stmt"/>
      <line num="877" count="0" type="stmt"/>
      <line num="878" count="30" type="stmt"/>
      <line num="879" count="30" type="stmt"/>
      <line num="881" count="30" type="stmt"/>
      <line num="882" count="30" type="stmt"/>
      <line num="883" count="30" type="stmt"/>
      <line num="884" count="30" type="stmt"/>
      <line num="885" count="30" type="stmt"/>
      <line num="887" count="30" type="stmt"/>
      <line num="888" count="30" type="stmt"/>
      <line num="890" count="240" type="stmt"/>
      <line num="891" count="240" type="stmt"/>
      <line num="893" count="240" type="stmt"/>
      <line num="894" count="240" type="stmt"/>
      <line num="895" count="240" type="stmt"/>
      <line num="896" count="240" type="stmt"/>
      <line num="897" count="240" type="stmt"/>
      <line num="898" count="240" type="cond" truecount="1" falsecount="0"/>
      <line num="899" count="132" type="cond" truecount="1" falsecount="0"/>
      <line num="900" count="19" type="cond" truecount="1" falsecount="0"/>
      <line num="901" count="113" type="cond" truecount="1" falsecount="0"/>
      <line num="902" count="108" type="stmt"/>
      <line num="903" count="240" type="stmt"/>
      <line num="904" count="240" type="stmt"/>
      <line num="905" count="240" type="stmt"/>
      <line num="906" count="240" type="stmt"/>
      <line num="907" count="240" type="stmt"/>
      <line num="908" count="240" type="stmt"/>
      <line num="909" count="240" type="stmt"/>
      <line num="910" count="240" type="cond" truecount="1" falsecount="0"/>
      <line num="911" count="240" type="cond" truecount="2" falsecount="0"/>
      <line num="912" count="240" type="stmt"/>
      <line num="913" count="240" type="stmt"/>
      <line num="914" count="240" type="cond" truecount="1" falsecount="0"/>
      <line num="915" count="9" type="cond" truecount="1" falsecount="0"/>
      <line num="916" count="231" type="cond" truecount="1" falsecount="0"/>
      <line num="917" count="99" type="cond" truecount="1" falsecount="0"/>
      <line num="918" count="132" type="cond" truecount="1" falsecount="0"/>
      <line num="919" count="41" type="cond" truecount="1" falsecount="0"/>
      <line num="920" count="91" type="stmt"/>
      <line num="922" count="240" type="cond" truecount="1" falsecount="0"/>
      <line num="923" count="40" type="cond" truecount="0" falsecount="1"/>
      <line num="924" count="0" type="stmt"/>
      <line num="925" count="0" type="stmt"/>
      <line num="926" count="40" type="cond" truecount="1" falsecount="0"/>
      <line num="927" count="18" type="stmt"/>
      <line num="928" count="18" type="stmt"/>
      <line num="929" count="18" type="cond" truecount="1" falsecount="0"/>
      <line num="930" count="22" type="stmt"/>
      <line num="931" count="40" type="stmt"/>
      <line num="933" count="240" type="cond" truecount="2" falsecount="0"/>
      <line num="934" count="240" type="stmt"/>
      <line num="935" count="240" type="stmt"/>
      <line num="936" count="240" type="stmt"/>
      <line num="937" count="240" type="stmt"/>
      <line num="938" count="240" type="stmt"/>
      <line num="939" count="240" type="cond" truecount="2" falsecount="0"/>
      <line num="940" count="240" type="stmt"/>
      <line num="941" count="240" type="stmt"/>
      <line num="942" count="240" type="cond" truecount="1" falsecount="0"/>
      <line num="943" count="9" type="cond" truecount="1" falsecount="0"/>
      <line num="944" count="231" type="cond" truecount="1" falsecount="0"/>
      <line num="945" count="99" type="cond" truecount="1" falsecount="0"/>
      <line num="946" count="132" type="stmt"/>
      <line num="948" count="240" type="cond" truecount="1" falsecount="0"/>
      <line num="949" count="1" type="stmt"/>
      <line num="950" count="1" type="stmt"/>
      <line num="952" count="240" type="cond" truecount="2" falsecount="0"/>
      <line num="953" count="240" type="stmt"/>
      <line num="954" count="240" type="stmt"/>
      <line num="955" count="240" type="stmt"/>
      <line num="956" count="240" type="stmt"/>
      <line num="957" count="240" type="cond" truecount="1" falsecount="0"/>
      <line num="958" count="1" type="stmt"/>
      <line num="959" count="1" type="stmt"/>
      <line num="960" count="1" type="cond" truecount="1" falsecount="0"/>
      <line num="961" count="239" type="stmt"/>
      <line num="962" count="240" type="cond" truecount="1" falsecount="0"/>
      <line num="963" count="9" type="stmt"/>
      <line num="965" count="9" type="cond" truecount="1" falsecount="0"/>
      <line num="966" count="231" type="cond" truecount="1" falsecount="0"/>
      <line num="967" count="132" type="stmt"/>
      <line num="968" count="132" type="cond" truecount="1" falsecount="0"/>
      <line num="969" count="230" type="cond" truecount="1" falsecount="0"/>
      <line num="970" count="230" type="cond" truecount="1" falsecount="0"/>
      <line num="971" count="230" type="stmt"/>
      <line num="972" count="230" type="stmt"/>
      <line num="973" count="230" type="stmt"/>
      <line num="974" count="230" type="stmt"/>
      <line num="975" count="230" type="stmt"/>
      <line num="976" count="230" type="stmt"/>
      <line num="977" count="230" type="stmt"/>
      <line num="978" count="230" type="stmt"/>
      <line num="979" count="230" type="stmt"/>
      <line num="980" count="230" type="cond" truecount="1" falsecount="0"/>
      <line num="982" count="230" type="stmt"/>
      <line num="983" count="230" type="stmt"/>
      <line num="984" count="230" type="stmt"/>
      <line num="985" count="230" type="stmt"/>
      <line num="986" count="230" type="cond" truecount="1" falsecount="0"/>
      <line num="987" count="6" type="cond" truecount="1" falsecount="0"/>
      <line num="988" count="224" type="cond" truecount="1" falsecount="0"/>
      <line num="989" count="103" type="cond" truecount="1" falsecount="0"/>
      <line num="991" count="121" type="stmt"/>
      <line num="993" count="230" type="stmt"/>
      <line num="994" count="230" type="stmt"/>
      <line num="995" count="230" type="cond" truecount="1" falsecount="0"/>
      <line num="996" count="18" type="stmt"/>
      <line num="997" count="18" type="stmt"/>
      <line num="998" count="18" type="cond" truecount="1" falsecount="0"/>
      <line num="999" count="212" type="stmt"/>
      <line num="1000" count="230" type="stmt"/>
      <line num="1001" count="230" type="cond" truecount="1" falsecount="0"/>
      <line num="1002" count="122" type="stmt"/>
      <line num="1003" count="122" type="cond" truecount="1" falsecount="0"/>
      <line num="1004" count="348" type="stmt"/>
      <line num="1005" count="348" type="stmt"/>
      <line num="1006" count="348" type="stmt"/>
      <line num="1007" count="348" type="cond" truecount="0" falsecount="1"/>
      <line num="1008" count="348" type="stmt"/>
      <line num="1009" count="348" type="stmt"/>
      <line num="1010" count="348" type="stmt"/>
      <line num="1011" count="348" type="stmt"/>
      <line num="1012" count="348" type="stmt"/>
      <line num="1013" count="348" type="stmt"/>
      <line num="1014" count="348" type="stmt"/>
      <line num="1015" count="348" type="stmt"/>
      <line num="1017" count="348" type="stmt"/>
      <line num="1018" count="348" type="stmt"/>
      <line num="1019" count="348" type="stmt"/>
      <line num="1020" count="348" type="stmt"/>
      <line num="1021" count="348" type="stmt"/>
      <line num="1023" count="122" type="stmt"/>
      <line num="1024" count="122" type="cond" truecount="1" falsecount="0"/>
      <line num="1025" count="108" type="stmt"/>
      <line num="1026" count="230" type="stmt"/>
      <line num="1028" count="132" type="stmt"/>
      <line num="1029" count="132" type="cond" truecount="1" falsecount="0"/>
      <line num="1031" count="99" type="stmt"/>
      <line num="1033" count="99" type="stmt"/>
      <line num="1035" count="240" type="stmt"/>
      <line num="1036" count="240" type="stmt"/>
      <line num="1038" count="240" type="cond" truecount="1" falsecount="0"/>
      <line num="1039" count="4" type="stmt"/>
      <line num="1040" count="4" type="stmt"/>
      <line num="1041" count="4" type="stmt"/>
      <line num="1042" count="4" type="stmt"/>
      <line num="1043" count="4" type="stmt"/>
      <line num="1044" count="4" type="stmt"/>
      <line num="1045" count="4" type="cond" truecount="1" falsecount="0"/>
      <line num="1046" count="4" type="stmt"/>
      <line num="1048" count="240" type="stmt"/>
      <line num="1050" count="240" type="stmt"/>
    </file>
  </project>
</coverage>
