{"/Users/lstern/projects/forge/src/features/forge/components/Forge.tsx": {"path":"/Users/lstern/projects/forge/src/features/forge/components/Forge.tsx","all":false,"statementMap":{"0":{"start":{"line":1,"column":0},"end":{"line":1,"column":70}},"1":{"start":{"line":2,"column":0},"end":{"line":2,"column":67}},"2":{"start":{"line":3,"column":0},"end":{"line":3,"column":56}},"3":{"start":{"line":4,"column":0},"end":{"line":4,"column":56}},"4":{"start":{"line":5,"column":0},"end":{"line":5,"column":63}},"5":{"start":{"line":6,"column":0},"end":{"line":6,"column":73}},"6":{"start":{"line":7,"column":0},"end":{"line":7,"column":54}},"7":{"start":{"line":8,"column":0},"end":{"line":8,"column":52}},"8":{"start":{"line":9,"column":0},"end":{"line":9,"column":74}},"10":{"start":{"line":11,"column":0},"end":{"line":11,"column":77}},"11":{"start":{"line":12,"column":0},"end":{"line":12,"column":8}},"15":{"start":{"line":16,"column":0},"end":{"line":16,"column":72}},"16":{"start":{"line":17,"column":0},"end":{"line":17,"column":8}},"31":{"start":{"line":32,"column":0},"end":{"line":32,"column":8}},"44":{"start":{"line":45,"column":0},"end":{"line":45,"column":63}},"45":{"start":{"line":46,"column":0},"end":{"line":46,"column":70}},"97":{"start":{"line":98,"column":0},"end":{"line":98,"column":59}},"98":{"start":{"line":99,"column":0},"end":{"line":99,"column":50}},"99":{"start":{"line":100,"column":0},"end":{"line":100,"column":50}},"100":{"start":{"line":101,"column":0},"end":{"line":101,"column":40}},"101":{"start":{"line":102,"column":0},"end":{"line":102,"column":44}},"102":{"start":{"line":103,"column":0},"end":{"line":103,"column":2}},"104":{"start":{"line":105,"column":0},"end":{"line":105,"column":51}},"105":{"start":{"line":106,"column":0},"end":{"line":106,"column":28}},"106":{"start":{"line":107,"column":0},"end":{"line":107,"column":36}},"107":{"start":{"line":108,"column":0},"end":{"line":108,"column":36}},"108":{"start":{"line":109,"column":0},"end":{"line":109,"column":42}},"109":{"start":{"line":110,"column":0},"end":{"line":110,"column":54}},"110":{"start":{"line":111,"column":0},"end":{"line":111,"column":46}},"111":{"start":{"line":112,"column":0},"end":{"line":112,"column":38}},"112":{"start":{"line":113,"column":0},"end":{"line":113,"column":38}},"113":{"start":{"line":114,"column":0},"end":{"line":114,"column":16}},"114":{"start":{"line":115,"column":0},"end":{"line":115,"column":19}},"115":{"start":{"line":116,"column":0},"end":{"line":116,"column":14}},"116":{"start":{"line":117,"column":0},"end":{"line":117,"column":18}},"117":{"start":{"line":118,"column":0},"end":{"line":118,"column":2}},"133":{"start":{"line":134,"column":0},"end":{"line":134,"column":42}},"134":{"start":{"line":135,"column":0},"end":{"line":135,"column":13}},"135":{"start":{"line":136,"column":0},"end":{"line":136,"column":30}},"136":{"start":{"line":137,"column":0},"end":{"line":137,"column":2}},"141":{"start":{"line":142,"column":0},"end":{"line":142,"column":60}},"142":{"start":{"line":143,"column":0},"end":{"line":143,"column":41}},"143":{"start":{"line":144,"column":0},"end":{"line":144,"column":39}},"144":{"start":{"line":145,"column":0},"end":{"line":145,"column":35}},"145":{"start":{"line":146,"column":0},"end":{"line":146,"column":20}},"146":{"start":{"line":147,"column":0},"end":{"line":147,"column":30}},"147":{"start":{"line":148,"column":0},"end":{"line":148,"column":3}},"148":{"start":{"line":149,"column":0},"end":{"line":149,"column":14}},"149":{"start":{"line":150,"column":0},"end":{"line":150,"column":17}},"150":{"start":{"line":151,"column":0},"end":{"line":151,"column":3}},"151":{"start":{"line":152,"column":0},"end":{"line":152,"column":19}},"152":{"start":{"line":153,"column":0},"end":{"line":153,"column":66}},"153":{"start":{"line":154,"column":0},"end":{"line":154,"column":24}},"154":{"start":{"line":155,"column":0},"end":{"line":155,"column":34}},"155":{"start":{"line":156,"column":0},"end":{"line":156,"column":3}},"156":{"start":{"line":157,"column":0},"end":{"line":157,"column":44}},"157":{"start":{"line":158,"column":0},"end":{"line":158,"column":1}},"159":{"start":{"line":160,"column":0},"end":{"line":160,"column":62}},"160":{"start":{"line":161,"column":0},"end":{"line":161,"column":49}},"161":{"start":{"line":162,"column":0},"end":{"line":162,"column":35}},"162":{"start":{"line":163,"column":0},"end":{"line":163,"column":23}},"163":{"start":{"line":164,"column":0},"end":{"line":164,"column":3}},"164":{"start":{"line":165,"column":0},"end":{"line":165,"column":37}},"165":{"start":{"line":166,"column":0},"end":{"line":166,"column":24}},"166":{"start":{"line":167,"column":0},"end":{"line":167,"column":3}},"167":{"start":{"line":168,"column":0},"end":{"line":168,"column":19}},"168":{"start":{"line":169,"column":0},"end":{"line":169,"column":1}},"170":{"start":{"line":171,"column":0},"end":{"line":171,"column":32}},"171":{"start":{"line":172,"column":0},"end":{"line":172,"column":17}},"172":{"start":{"line":173,"column":0},"end":{"line":173,"column":18}},"173":{"start":{"line":174,"column":0},"end":{"line":174,"column":36}},"174":{"start":{"line":175,"column":0},"end":{"line":175,"column":32}},"175":{"start":{"line":176,"column":0},"end":{"line":176,"column":24}},"176":{"start":{"line":177,"column":0},"end":{"line":177,"column":60}},"177":{"start":{"line":178,"column":0},"end":{"line":178,"column":74}},"178":{"start":{"line":179,"column":0},"end":{"line":179,"column":24}},"179":{"start":{"line":180,"column":0},"end":{"line":180,"column":3}},"180":{"start":{"line":181,"column":0},"end":{"line":181,"column":43}},"181":{"start":{"line":182,"column":0},"end":{"line":182,"column":24}},"182":{"start":{"line":183,"column":0},"end":{"line":183,"column":3}},"183":{"start":{"line":184,"column":0},"end":{"line":184,"column":41}},"184":{"start":{"line":185,"column":0},"end":{"line":185,"column":25}},"185":{"start":{"line":186,"column":0},"end":{"line":186,"column":3}},"186":{"start":{"line":187,"column":0},"end":{"line":187,"column":22}},"187":{"start":{"line":188,"column":0},"end":{"line":188,"column":1}},"189":{"start":{"line":190,"column":0},"end":{"line":190,"column":32}},"190":{"start":{"line":191,"column":0},"end":{"line":191,"column":58}},"191":{"start":{"line":192,"column":0},"end":{"line":192,"column":35}},"192":{"start":{"line":193,"column":0},"end":{"line":193,"column":12}},"193":{"start":{"line":194,"column":0},"end":{"line":194,"column":26}},"194":{"start":{"line":195,"column":0},"end":{"line":195,"column":24}},"195":{"start":{"line":196,"column":0},"end":{"line":196,"column":16}},"196":{"start":{"line":197,"column":0},"end":{"line":197,"column":75}},"197":{"start":{"line":198,"column":0},"end":{"line":198,"column":20}},"198":{"start":{"line":199,"column":0},"end":{"line":199,"column":6}},"199":{"start":{"line":200,"column":0},"end":{"line":200,"column":3}},"200":{"start":{"line":201,"column":0},"end":{"line":201,"column":57}},"201":{"start":{"line":202,"column":0},"end":{"line":202,"column":10}},"202":{"start":{"line":203,"column":0},"end":{"line":203,"column":31}},"203":{"start":{"line":204,"column":0},"end":{"line":204,"column":80}},"205":{"start":{"line":206,"column":0},"end":{"line":206,"column":1}},"207":{"start":{"line":208,"column":0},"end":{"line":208,"column":36}},"208":{"start":{"line":209,"column":0},"end":{"line":209,"column":58}},"209":{"start":{"line":210,"column":0},"end":{"line":210,"column":35}},"210":{"start":{"line":211,"column":0},"end":{"line":211,"column":27}},"211":{"start":{"line":212,"column":0},"end":{"line":212,"column":57}},"212":{"start":{"line":213,"column":0},"end":{"line":213,"column":35}},"213":{"start":{"line":214,"column":0},"end":{"line":214,"column":16}},"214":{"start":{"line":215,"column":0},"end":{"line":215,"column":3}},"215":{"start":{"line":216,"column":0},"end":{"line":216,"column":58}},"216":{"start":{"line":217,"column":0},"end":{"line":217,"column":23}},"217":{"start":{"line":218,"column":0},"end":{"line":218,"column":3}},"218":{"start":{"line":219,"column":0},"end":{"line":219,"column":86}},"219":{"start":{"line":220,"column":0},"end":{"line":220,"column":24}},"220":{"start":{"line":221,"column":0},"end":{"line":221,"column":3}},"221":{"start":{"line":222,"column":0},"end":{"line":222,"column":19}},"222":{"start":{"line":223,"column":0},"end":{"line":223,"column":1}},"224":{"start":{"line":225,"column":0},"end":{"line":225,"column":36}},"225":{"start":{"line":226,"column":0},"end":{"line":226,"column":9}},"226":{"start":{"line":227,"column":0},"end":{"line":227,"column":17}},"227":{"start":{"line":228,"column":0},"end":{"line":228,"column":20}},"228":{"start":{"line":229,"column":0},"end":{"line":229,"column":9}},"229":{"start":{"line":230,"column":0},"end":{"line":230,"column":14}},"230":{"start":{"line":231,"column":0},"end":{"line":231,"column":4}},"236":{"start":{"line":237,"column":0},"end":{"line":237,"column":21}},"237":{"start":{"line":238,"column":0},"end":{"line":238,"column":39}},"238":{"start":{"line":239,"column":0},"end":{"line":239,"column":24}},"239":{"start":{"line":240,"column":0},"end":{"line":240,"column":3}},"241":{"start":{"line":242,"column":0},"end":{"line":242,"column":83}},"242":{"start":{"line":243,"column":0},"end":{"line":243,"column":62}},"244":{"start":{"line":245,"column":0},"end":{"line":245,"column":55}},"245":{"start":{"line":246,"column":0},"end":{"line":246,"column":60}},"246":{"start":{"line":247,"column":0},"end":{"line":247,"column":19}},"247":{"start":{"line":248,"column":0},"end":{"line":248,"column":18}},"248":{"start":{"line":249,"column":0},"end":{"line":249,"column":3}},"250":{"start":{"line":251,"column":0},"end":{"line":251,"column":24}},"251":{"start":{"line":252,"column":0},"end":{"line":252,"column":1}},"253":{"start":{"line":254,"column":0},"end":{"line":254,"column":30}},"254":{"start":{"line":255,"column":0},"end":{"line":255,"column":12}},"255":{"start":{"line":256,"column":0},"end":{"line":256,"column":20}},"256":{"start":{"line":257,"column":0},"end":{"line":257,"column":12}},"257":{"start":{"line":258,"column":0},"end":{"line":258,"column":20}},"258":{"start":{"line":259,"column":0},"end":{"line":259,"column":22}},"259":{"start":{"line":260,"column":0},"end":{"line":260,"column":10}},"260":{"start":{"line":261,"column":0},"end":{"line":261,"column":4}},"267":{"start":{"line":268,"column":0},"end":{"line":268,"column":4}},"268":{"start":{"line":269,"column":0},"end":{"line":269,"column":19}},"269":{"start":{"line":270,"column":0},"end":{"line":270,"column":53}},"270":{"start":{"line":271,"column":0},"end":{"line":271,"column":35}},"271":{"start":{"line":272,"column":0},"end":{"line":272,"column":15}},"272":{"start":{"line":273,"column":0},"end":{"line":273,"column":7}},"273":{"start":{"line":274,"column":0},"end":{"line":274,"column":29}},"274":{"start":{"line":275,"column":0},"end":{"line":275,"column":16}},"275":{"start":{"line":276,"column":0},"end":{"line":276,"column":6}},"276":{"start":{"line":277,"column":0},"end":{"line":277,"column":54}},"277":{"start":{"line":278,"column":0},"end":{"line":278,"column":70}},"278":{"start":{"line":279,"column":0},"end":{"line":279,"column":16}},"280":{"start":{"line":281,"column":0},"end":{"line":281,"column":37}},"281":{"start":{"line":282,"column":0},"end":{"line":282,"column":80}},"282":{"start":{"line":283,"column":0},"end":{"line":283,"column":50}},"283":{"start":{"line":284,"column":0},"end":{"line":284,"column":53}},"284":{"start":{"line":285,"column":0},"end":{"line":285,"column":60}},"285":{"start":{"line":286,"column":0},"end":{"line":286,"column":7}},"286":{"start":{"line":287,"column":0},"end":{"line":287,"column":11}},"287":{"start":{"line":288,"column":0},"end":{"line":288,"column":26}},"288":{"start":{"line":289,"column":0},"end":{"line":289,"column":52}},"289":{"start":{"line":290,"column":0},"end":{"line":290,"column":16}},"291":{"start":{"line":292,"column":0},"end":{"line":292,"column":10}},"292":{"start":{"line":293,"column":0},"end":{"line":293,"column":15}},"293":{"start":{"line":294,"column":0},"end":{"line":294,"column":39}},"294":{"start":{"line":295,"column":0},"end":{"line":295,"column":31}},"295":{"start":{"line":296,"column":0},"end":{"line":296,"column":33}},"297":{"start":{"line":298,"column":0},"end":{"line":298,"column":75}},"298":{"start":{"line":299,"column":0},"end":{"line":299,"column":66}},"300":{"start":{"line":301,"column":0},"end":{"line":301,"column":12}},"301":{"start":{"line":302,"column":0},"end":{"line":302,"column":42}},"302":{"start":{"line":303,"column":0},"end":{"line":303,"column":56}},"303":{"start":{"line":304,"column":0},"end":{"line":304,"column":22}},"304":{"start":{"line":305,"column":0},"end":{"line":305,"column":62}},"305":{"start":{"line":306,"column":0},"end":{"line":306,"column":49}},"306":{"start":{"line":307,"column":0},"end":{"line":307,"column":74}},"307":{"start":{"line":308,"column":0},"end":{"line":308,"column":51}},"308":{"start":{"line":309,"column":0},"end":{"line":309,"column":77}},"309":{"start":{"line":310,"column":0},"end":{"line":310,"column":20}},"310":{"start":{"line":311,"column":0},"end":{"line":311,"column":18}},"311":{"start":{"line":312,"column":0},"end":{"line":312,"column":52}},"312":{"start":{"line":313,"column":0},"end":{"line":313,"column":21}},"313":{"start":{"line":314,"column":0},"end":{"line":314,"column":29}},"314":{"start":{"line":315,"column":0},"end":{"line":315,"column":53}},"315":{"start":{"line":316,"column":0},"end":{"line":316,"column":42}},"316":{"start":{"line":317,"column":0},"end":{"line":317,"column":37}},"317":{"start":{"line":318,"column":0},"end":{"line":318,"column":32}},"319":{"start":{"line":320,"column":0},"end":{"line":320,"column":18}},"321":{"start":{"line":322,"column":0},"end":{"line":322,"column":38}},"322":{"start":{"line":323,"column":0},"end":{"line":323,"column":23}},"323":{"start":{"line":324,"column":0},"end":{"line":324,"column":21}},"324":{"start":{"line":325,"column":0},"end":{"line":325,"column":29}},"325":{"start":{"line":326,"column":0},"end":{"line":326,"column":55}},"326":{"start":{"line":327,"column":0},"end":{"line":327,"column":32}},"327":{"start":{"line":328,"column":0},"end":{"line":328,"column":40}},"328":{"start":{"line":329,"column":0},"end":{"line":329,"column":28}},"329":{"start":{"line":330,"column":0},"end":{"line":330,"column":18}},"330":{"start":{"line":331,"column":0},"end":{"line":331,"column":37}},"331":{"start":{"line":332,"column":0},"end":{"line":332,"column":15}},"333":{"start":{"line":334,"column":0},"end":{"line":334,"column":23}},"334":{"start":{"line":335,"column":0},"end":{"line":335,"column":18}},"335":{"start":{"line":336,"column":0},"end":{"line":336,"column":16}},"337":{"start":{"line":338,"column":0},"end":{"line":338,"column":76}},"340":{"start":{"line":341,"column":0},"end":{"line":341,"column":35}},"341":{"start":{"line":342,"column":0},"end":{"line":342,"column":61}},"342":{"start":{"line":343,"column":0},"end":{"line":343,"column":18}},"343":{"start":{"line":344,"column":0},"end":{"line":344,"column":82}},"344":{"start":{"line":345,"column":0},"end":{"line":345,"column":51}},"345":{"start":{"line":346,"column":0},"end":{"line":346,"column":75}},"346":{"start":{"line":347,"column":0},"end":{"line":347,"column":20}},"347":{"start":{"line":348,"column":0},"end":{"line":348,"column":54}},"348":{"start":{"line":349,"column":0},"end":{"line":349,"column":23}},"349":{"start":{"line":350,"column":0},"end":{"line":350,"column":31}},"350":{"start":{"line":351,"column":0},"end":{"line":351,"column":57}},"351":{"start":{"line":352,"column":0},"end":{"line":352,"column":34}},"352":{"start":{"line":353,"column":0},"end":{"line":353,"column":51}},"353":{"start":{"line":354,"column":0},"end":{"line":354,"column":30}},"354":{"start":{"line":355,"column":0},"end":{"line":355,"column":20}},"355":{"start":{"line":356,"column":0},"end":{"line":356,"column":39}},"357":{"start":{"line":358,"column":0},"end":{"line":358,"column":31}},"358":{"start":{"line":359,"column":0},"end":{"line":359,"column":25}},"359":{"start":{"line":360,"column":0},"end":{"line":360,"column":20}},"360":{"start":{"line":361,"column":0},"end":{"line":361,"column":18}},"362":{"start":{"line":363,"column":0},"end":{"line":363,"column":11}},"363":{"start":{"line":364,"column":0},"end":{"line":364,"column":12}},"364":{"start":{"line":365,"column":0},"end":{"line":365,"column":64}},"365":{"start":{"line":366,"column":0},"end":{"line":366,"column":82}},"367":{"start":{"line":368,"column":0},"end":{"line":368,"column":17}},"368":{"start":{"line":369,"column":0},"end":{"line":369,"column":12}},"369":{"start":{"line":370,"column":0},"end":{"line":370,"column":17}},"371":{"start":{"line":372,"column":0},"end":{"line":372,"column":1}},"373":{"start":{"line":374,"column":0},"end":{"line":374,"column":23}},"374":{"start":{"line":375,"column":0},"end":{"line":375,"column":20}},"375":{"start":{"line":376,"column":0},"end":{"line":376,"column":25}},"376":{"start":{"line":377,"column":0},"end":{"line":377,"column":26}},"377":{"start":{"line":378,"column":0},"end":{"line":378,"column":18}},"378":{"start":{"line":379,"column":0},"end":{"line":379,"column":14}},"379":{"start":{"line":380,"column":0},"end":{"line":380,"column":17}},"380":{"start":{"line":381,"column":0},"end":{"line":381,"column":26}},"381":{"start":{"line":382,"column":0},"end":{"line":382,"column":28}},"382":{"start":{"line":383,"column":0},"end":{"line":383,"column":4}},"399":{"start":{"line":400,"column":0},"end":{"line":400,"column":4}},"400":{"start":{"line":401,"column":0},"end":{"line":401,"column":64}},"401":{"start":{"line":402,"column":0},"end":{"line":402,"column":58}},"402":{"start":{"line":403,"column":0},"end":{"line":403,"column":59}},"403":{"start":{"line":404,"column":0},"end":{"line":404,"column":59}},"404":{"start":{"line":405,"column":0},"end":{"line":405,"column":49}},"405":{"start":{"line":406,"column":0},"end":{"line":406,"column":53}},"406":{"start":{"line":407,"column":0},"end":{"line":407,"column":39}},"407":{"start":{"line":408,"column":0},"end":{"line":408,"column":69}},"408":{"start":{"line":409,"column":0},"end":{"line":409,"column":47}},"409":{"start":{"line":410,"column":0},"end":{"line":410,"column":53}},"410":{"start":{"line":411,"column":0},"end":{"line":411,"column":65}},"411":{"start":{"line":412,"column":0},"end":{"line":412,"column":57}},"412":{"start":{"line":413,"column":0},"end":{"line":413,"column":49}},"413":{"start":{"line":414,"column":0},"end":{"line":414,"column":49}},"414":{"start":{"line":415,"column":0},"end":{"line":415,"column":51}},"415":{"start":{"line":416,"column":0},"end":{"line":416,"column":58}},"416":{"start":{"line":417,"column":0},"end":{"line":417,"column":50}},"417":{"start":{"line":418,"column":0},"end":{"line":418,"column":63}},"418":{"start":{"line":419,"column":0},"end":{"line":419,"column":64}},"420":{"start":{"line":421,"column":0},"end":{"line":421,"column":44}},"421":{"start":{"line":422,"column":0},"end":{"line":422,"column":25}},"422":{"start":{"line":423,"column":0},"end":{"line":423,"column":53}},"423":{"start":{"line":424,"column":0},"end":{"line":424,"column":24}},"424":{"start":{"line":425,"column":0},"end":{"line":425,"column":20}},"425":{"start":{"line":426,"column":0},"end":{"line":426,"column":7}},"426":{"start":{"line":427,"column":0},"end":{"line":427,"column":14}},"427":{"start":{"line":428,"column":0},"end":{"line":428,"column":32}},"428":{"start":{"line":429,"column":0},"end":{"line":429,"column":64}},"429":{"start":{"line":430,"column":0},"end":{"line":430,"column":12}},"430":{"start":{"line":431,"column":0},"end":{"line":431,"column":32}},"431":{"start":{"line":432,"column":0},"end":{"line":432,"column":79}},"432":{"start":{"line":433,"column":0},"end":{"line":433,"column":12}},"433":{"start":{"line":434,"column":0},"end":{"line":434,"column":12}},"435":{"start":{"line":436,"column":0},"end":{"line":436,"column":6}},"436":{"start":{"line":437,"column":0},"end":{"line":437,"column":25}},"437":{"start":{"line":438,"column":0},"end":{"line":438,"column":4}},"439":{"start":{"line":440,"column":0},"end":{"line":440,"column":55}},"440":{"start":{"line":441,"column":0},"end":{"line":441,"column":47}},"441":{"start":{"line":442,"column":0},"end":{"line":442,"column":18}},"442":{"start":{"line":443,"column":0},"end":{"line":443,"column":20}},"443":{"start":{"line":444,"column":0},"end":{"line":444,"column":7}},"444":{"start":{"line":445,"column":0},"end":{"line":445,"column":45}},"445":{"start":{"line":446,"column":0},"end":{"line":446,"column":23}},"446":{"start":{"line":447,"column":0},"end":{"line":447,"column":20}},"447":{"start":{"line":448,"column":0},"end":{"line":448,"column":7}},"448":{"start":{"line":449,"column":0},"end":{"line":449,"column":51}},"449":{"start":{"line":450,"column":0},"end":{"line":450,"column":24}},"452":{"start":{"line":453,"column":0},"end":{"line":453,"column":20}},"453":{"start":{"line":454,"column":0},"end":{"line":454,"column":7}},"454":{"start":{"line":455,"column":0},"end":{"line":455,"column":49}},"455":{"start":{"line":456,"column":0},"end":{"line":456,"column":67}},"456":{"start":{"line":457,"column":0},"end":{"line":457,"column":26}},"457":{"start":{"line":458,"column":0},"end":{"line":458,"column":8}},"458":{"start":{"line":459,"column":0},"end":{"line":459,"column":42}},"459":{"start":{"line":460,"column":0},"end":{"line":460,"column":57}},"460":{"start":{"line":461,"column":0},"end":{"line":461,"column":7}},"461":{"start":{"line":462,"column":0},"end":{"line":462,"column":43}},"462":{"start":{"line":463,"column":0},"end":{"line":463,"column":6}},"463":{"start":{"line":464,"column":0},"end":{"line":464,"column":7}},"464":{"start":{"line":465,"column":0},"end":{"line":465,"column":4}},"466":{"start":{"line":467,"column":0},"end":{"line":467,"column":77}},"467":{"start":{"line":468,"column":0},"end":{"line":468,"column":93}},"468":{"start":{"line":469,"column":0},"end":{"line":469,"column":81}},"469":{"start":{"line":470,"column":0},"end":{"line":470,"column":72}},"470":{"start":{"line":471,"column":0},"end":{"line":471,"column":41}},"472":{"start":{"line":473,"column":0},"end":{"line":473,"column":19}},"473":{"start":{"line":474,"column":0},"end":{"line":474,"column":26}},"474":{"start":{"line":475,"column":0},"end":{"line":475,"column":31}},"475":{"start":{"line":476,"column":0},"end":{"line":476,"column":24}},"476":{"start":{"line":477,"column":0},"end":{"line":477,"column":24}},"477":{"start":{"line":478,"column":0},"end":{"line":478,"column":17}},"478":{"start":{"line":479,"column":0},"end":{"line":479,"column":9}},"479":{"start":{"line":480,"column":0},"end":{"line":480,"column":28}},"480":{"start":{"line":481,"column":0},"end":{"line":481,"column":8}},"481":{"start":{"line":482,"column":0},"end":{"line":482,"column":25}},"482":{"start":{"line":483,"column":0},"end":{"line":483,"column":67}},"483":{"start":{"line":484,"column":0},"end":{"line":484,"column":9}},"484":{"start":{"line":485,"column":0},"end":{"line":485,"column":18}},"485":{"start":{"line":486,"column":0},"end":{"line":486,"column":23}},"486":{"start":{"line":487,"column":0},"end":{"line":487,"column":6}},"487":{"start":{"line":488,"column":0},"end":{"line":488,"column":29}},"489":{"start":{"line":490,"column":0},"end":{"line":490,"column":19}},"490":{"start":{"line":491,"column":0},"end":{"line":491,"column":26}},"491":{"start":{"line":492,"column":0},"end":{"line":492,"column":29}},"492":{"start":{"line":493,"column":0},"end":{"line":493,"column":33}},"493":{"start":{"line":494,"column":0},"end":{"line":494,"column":28}},"494":{"start":{"line":495,"column":0},"end":{"line":495,"column":20}},"495":{"start":{"line":496,"column":0},"end":{"line":496,"column":25}},"496":{"start":{"line":497,"column":0},"end":{"line":497,"column":8}},"497":{"start":{"line":498,"column":0},"end":{"line":498,"column":5}},"498":{"start":{"line":499,"column":0},"end":{"line":499,"column":48}},"499":{"start":{"line":500,"column":0},"end":{"line":500,"column":28}},"500":{"start":{"line":501,"column":0},"end":{"line":501,"column":24}},"501":{"start":{"line":502,"column":0},"end":{"line":502,"column":17}},"502":{"start":{"line":503,"column":0},"end":{"line":503,"column":9}},"503":{"start":{"line":504,"column":0},"end":{"line":504,"column":40}},"504":{"start":{"line":505,"column":0},"end":{"line":505,"column":8}},"505":{"start":{"line":506,"column":0},"end":{"line":506,"column":25}},"506":{"start":{"line":507,"column":0},"end":{"line":507,"column":76}},"507":{"start":{"line":508,"column":0},"end":{"line":508,"column":9}},"508":{"start":{"line":509,"column":0},"end":{"line":509,"column":18}},"509":{"start":{"line":510,"column":0},"end":{"line":510,"column":23}},"510":{"start":{"line":511,"column":0},"end":{"line":511,"column":6}},"511":{"start":{"line":512,"column":0},"end":{"line":512,"column":48}},"513":{"start":{"line":514,"column":0},"end":{"line":514,"column":35}},"514":{"start":{"line":515,"column":0},"end":{"line":515,"column":36}},"515":{"start":{"line":516,"column":0},"end":{"line":516,"column":37}},"516":{"start":{"line":517,"column":0},"end":{"line":517,"column":15}},"517":{"start":{"line":518,"column":0},"end":{"line":518,"column":7}},"518":{"start":{"line":519,"column":0},"end":{"line":519,"column":38}},"519":{"start":{"line":520,"column":0},"end":{"line":520,"column":11}},"520":{"start":{"line":521,"column":0},"end":{"line":521,"column":50}},"521":{"start":{"line":522,"column":0},"end":{"line":522,"column":32}},"522":{"start":{"line":523,"column":0},"end":{"line":523,"column":23}},"523":{"start":{"line":524,"column":0},"end":{"line":524,"column":63}},"524":{"start":{"line":525,"column":0},"end":{"line":525,"column":17}},"525":{"start":{"line":526,"column":0},"end":{"line":526,"column":41}},"526":{"start":{"line":527,"column":0},"end":{"line":527,"column":7}},"527":{"start":{"line":528,"column":0},"end":{"line":528,"column":6}},"528":{"start":{"line":529,"column":0},"end":{"line":529,"column":16}},"529":{"start":{"line":530,"column":0},"end":{"line":530,"column":4}},"531":{"start":{"line":532,"column":0},"end":{"line":532,"column":19}},"532":{"start":{"line":533,"column":0},"end":{"line":533,"column":26}},"533":{"start":{"line":534,"column":0},"end":{"line":534,"column":29}},"534":{"start":{"line":535,"column":0},"end":{"line":535,"column":28}},"535":{"start":{"line":536,"column":0},"end":{"line":536,"column":20}},"536":{"start":{"line":537,"column":0},"end":{"line":537,"column":25}},"537":{"start":{"line":538,"column":0},"end":{"line":538,"column":8}},"538":{"start":{"line":539,"column":0},"end":{"line":539,"column":5}},"540":{"start":{"line":541,"column":0},"end":{"line":541,"column":35}},"541":{"start":{"line":542,"column":0},"end":{"line":542,"column":22}},"542":{"start":{"line":543,"column":0},"end":{"line":543,"column":15}},"543":{"start":{"line":544,"column":0},"end":{"line":544,"column":7}},"544":{"start":{"line":545,"column":0},"end":{"line":545,"column":44}},"545":{"start":{"line":546,"column":0},"end":{"line":546,"column":6}},"547":{"start":{"line":548,"column":0},"end":{"line":548,"column":21}},"548":{"start":{"line":549,"column":0},"end":{"line":549,"column":57}},"549":{"start":{"line":550,"column":0},"end":{"line":550,"column":18}},"550":{"start":{"line":551,"column":0},"end":{"line":551,"column":23}},"551":{"start":{"line":552,"column":0},"end":{"line":552,"column":37}},"552":{"start":{"line":553,"column":0},"end":{"line":553,"column":6}},"553":{"start":{"line":554,"column":0},"end":{"line":554,"column":40}},"555":{"start":{"line":556,"column":0},"end":{"line":556,"column":44}},"556":{"start":{"line":557,"column":0},"end":{"line":557,"column":41}},"557":{"start":{"line":558,"column":0},"end":{"line":558,"column":63}},"558":{"start":{"line":559,"column":0},"end":{"line":559,"column":55}},"559":{"start":{"line":560,"column":0},"end":{"line":560,"column":16}},"560":{"start":{"line":561,"column":0},"end":{"line":561,"column":22}},"561":{"start":{"line":562,"column":0},"end":{"line":562,"column":27}},"562":{"start":{"line":563,"column":0},"end":{"line":563,"column":17}},"563":{"start":{"line":564,"column":0},"end":{"line":564,"column":10}},"564":{"start":{"line":565,"column":0},"end":{"line":565,"column":9}},"566":{"start":{"line":567,"column":0},"end":{"line":567,"column":14}},"567":{"start":{"line":568,"column":0},"end":{"line":568,"column":20}},"568":{"start":{"line":569,"column":0},"end":{"line":569,"column":36}},"569":{"start":{"line":570,"column":0},"end":{"line":570,"column":14}},"570":{"start":{"line":571,"column":0},"end":{"line":571,"column":8}},"571":{"start":{"line":572,"column":0},"end":{"line":572,"column":7}},"572":{"start":{"line":573,"column":0},"end":{"line":573,"column":23}},"574":{"start":{"line":575,"column":0},"end":{"line":575,"column":44}},"575":{"start":{"line":576,"column":0},"end":{"line":576,"column":29}},"576":{"start":{"line":577,"column":0},"end":{"line":577,"column":31}},"577":{"start":{"line":578,"column":0},"end":{"line":578,"column":15}},"578":{"start":{"line":579,"column":0},"end":{"line":579,"column":7}},"579":{"start":{"line":580,"column":0},"end":{"line":580,"column":57}},"580":{"start":{"line":581,"column":0},"end":{"line":581,"column":25}},"581":{"start":{"line":582,"column":0},"end":{"line":582,"column":37}},"582":{"start":{"line":583,"column":0},"end":{"line":583,"column":10}},"583":{"start":{"line":584,"column":0},"end":{"line":584,"column":27}},"584":{"start":{"line":585,"column":0},"end":{"line":585,"column":71}},"585":{"start":{"line":586,"column":0},"end":{"line":586,"column":11}},"586":{"start":{"line":587,"column":0},"end":{"line":587,"column":6}},"587":{"start":{"line":588,"column":0},"end":{"line":588,"column":41}},"588":{"start":{"line":589,"column":0},"end":{"line":589,"column":4}},"590":{"start":{"line":591,"column":0},"end":{"line":591,"column":53}},"591":{"start":{"line":592,"column":0},"end":{"line":592,"column":29}},"592":{"start":{"line":593,"column":0},"end":{"line":593,"column":13}},"593":{"start":{"line":594,"column":0},"end":{"line":594,"column":5}},"594":{"start":{"line":595,"column":0},"end":{"line":595,"column":45}},"595":{"start":{"line":596,"column":0},"end":{"line":596,"column":19}},"596":{"start":{"line":597,"column":0},"end":{"line":597,"column":35}},"597":{"start":{"line":598,"column":0},"end":{"line":598,"column":8}},"598":{"start":{"line":599,"column":0},"end":{"line":599,"column":25}},"599":{"start":{"line":600,"column":0},"end":{"line":600,"column":71}},"600":{"start":{"line":601,"column":0},"end":{"line":601,"column":9}},"601":{"start":{"line":602,"column":0},"end":{"line":602,"column":45}},"603":{"start":{"line":604,"column":0},"end":{"line":604,"column":76}},"604":{"start":{"line":605,"column":0},"end":{"line":605,"column":37}},"605":{"start":{"line":606,"column":0},"end":{"line":606,"column":56}},"606":{"start":{"line":607,"column":0},"end":{"line":607,"column":11}},"607":{"start":{"line":608,"column":0},"end":{"line":608,"column":79}},"609":{"start":{"line":610,"column":0},"end":{"line":610,"column":58}},"610":{"start":{"line":611,"column":0},"end":{"line":611,"column":58}},"612":{"start":{"line":613,"column":0},"end":{"line":613,"column":60}},"614":{"start":{"line":615,"column":0},"end":{"line":615,"column":22}},"615":{"start":{"line":616,"column":0},"end":{"line":616,"column":25}},"616":{"start":{"line":617,"column":0},"end":{"line":617,"column":30}},"617":{"start":{"line":618,"column":0},"end":{"line":618,"column":42}},"618":{"start":{"line":619,"column":0},"end":{"line":619,"column":5}},"620":{"start":{"line":621,"column":0},"end":{"line":621,"column":19}},"621":{"start":{"line":622,"column":0},"end":{"line":622,"column":29}},"622":{"start":{"line":623,"column":0},"end":{"line":623,"column":13}},"623":{"start":{"line":624,"column":0},"end":{"line":624,"column":5}},"624":{"start":{"line":625,"column":0},"end":{"line":625,"column":27}},"625":{"start":{"line":626,"column":0},"end":{"line":626,"column":27}},"627":{"start":{"line":628,"column":0},"end":{"line":628,"column":19}},"628":{"start":{"line":629,"column":0},"end":{"line":629,"column":26}},"629":{"start":{"line":630,"column":0},"end":{"line":630,"column":13}},"630":{"start":{"line":631,"column":0},"end":{"line":631,"column":5}},"631":{"start":{"line":632,"column":0},"end":{"line":632,"column":60}},"632":{"start":{"line":633,"column":0},"end":{"line":633,"column":30}},"633":{"start":{"line":634,"column":0},"end":{"line":634,"column":5}},"634":{"start":{"line":635,"column":0},"end":{"line":635,"column":30}},"636":{"start":{"line":637,"column":0},"end":{"line":637,"column":19}},"637":{"start":{"line":638,"column":0},"end":{"line":638,"column":26}},"638":{"start":{"line":639,"column":0},"end":{"line":639,"column":48}},"639":{"start":{"line":640,"column":0},"end":{"line":640,"column":37}},"640":{"start":{"line":641,"column":0},"end":{"line":641,"column":20}},"641":{"start":{"line":642,"column":0},"end":{"line":642,"column":25}},"642":{"start":{"line":643,"column":0},"end":{"line":643,"column":8}},"643":{"start":{"line":644,"column":0},"end":{"line":644,"column":5}},"645":{"start":{"line":646,"column":0},"end":{"line":646,"column":79}},"646":{"start":{"line":647,"column":0},"end":{"line":647,"column":42}},"647":{"start":{"line":648,"column":0},"end":{"line":648,"column":11}},"648":{"start":{"line":649,"column":0},"end":{"line":649,"column":41}},"649":{"start":{"line":650,"column":0},"end":{"line":650,"column":28}},"650":{"start":{"line":651,"column":0},"end":{"line":651,"column":25}},"651":{"start":{"line":652,"column":0},"end":{"line":652,"column":30}},"652":{"start":{"line":653,"column":0},"end":{"line":653,"column":10}},"653":{"start":{"line":654,"column":0},"end":{"line":654,"column":24}},"654":{"start":{"line":655,"column":0},"end":{"line":655,"column":17}},"655":{"start":{"line":656,"column":0},"end":{"line":656,"column":9}},"656":{"start":{"line":657,"column":0},"end":{"line":657,"column":27}},"657":{"start":{"line":658,"column":0},"end":{"line":658,"column":23}},"658":{"start":{"line":659,"column":0},"end":{"line":659,"column":24}},"659":{"start":{"line":660,"column":0},"end":{"line":660,"column":17}},"660":{"start":{"line":661,"column":0},"end":{"line":661,"column":9}},"661":{"start":{"line":662,"column":0},"end":{"line":662,"column":68}},"662":{"start":{"line":663,"column":0},"end":{"line":663,"column":39}},"663":{"start":{"line":664,"column":0},"end":{"line":664,"column":7}},"664":{"start":{"line":665,"column":0},"end":{"line":665,"column":6}},"666":{"start":{"line":667,"column":0},"end":{"line":667,"column":28}},"667":{"start":{"line":668,"column":0},"end":{"line":668,"column":64}},"668":{"start":{"line":669,"column":0},"end":{"line":669,"column":18}},"669":{"start":{"line":670,"column":0},"end":{"line":670,"column":23}},"670":{"start":{"line":671,"column":0},"end":{"line":671,"column":37}},"671":{"start":{"line":672,"column":0},"end":{"line":672,"column":6}},"672":{"start":{"line":673,"column":0},"end":{"line":673,"column":6}},"673":{"start":{"line":674,"column":0},"end":{"line":674,"column":22}},"674":{"start":{"line":675,"column":0},"end":{"line":675,"column":43}},"675":{"start":{"line":676,"column":0},"end":{"line":676,"column":18}},"676":{"start":{"line":677,"column":0},"end":{"line":677,"column":19}},"677":{"start":{"line":678,"column":0},"end":{"line":678,"column":5}},"679":{"start":{"line":680,"column":0},"end":{"line":680,"column":39}},"680":{"start":{"line":681,"column":0},"end":{"line":681,"column":16}},"681":{"start":{"line":682,"column":0},"end":{"line":682,"column":41}},"682":{"start":{"line":683,"column":0},"end":{"line":683,"column":38}},"683":{"start":{"line":684,"column":0},"end":{"line":684,"column":30}},"684":{"start":{"line":685,"column":0},"end":{"line":685,"column":11}},"685":{"start":{"line":686,"column":0},"end":{"line":686,"column":50}},"686":{"start":{"line":687,"column":0},"end":{"line":687,"column":84}},"688":{"start":{"line":689,"column":0},"end":{"line":689,"column":9}},"689":{"start":{"line":690,"column":0},"end":{"line":690,"column":16}},"690":{"start":{"line":691,"column":0},"end":{"line":691,"column":16}},"691":{"start":{"line":692,"column":0},"end":{"line":692,"column":14}},"692":{"start":{"line":693,"column":0},"end":{"line":693,"column":19}},"693":{"start":{"line":694,"column":0},"end":{"line":694,"column":19}},"694":{"start":{"line":695,"column":0},"end":{"line":695,"column":25}},"695":{"start":{"line":696,"column":0},"end":{"line":696,"column":35}},"696":{"start":{"line":697,"column":0},"end":{"line":697,"column":44}},"697":{"start":{"line":698,"column":0},"end":{"line":698,"column":21}},"698":{"start":{"line":699,"column":0},"end":{"line":699,"column":23}},"699":{"start":{"line":700,"column":0},"end":{"line":700,"column":19}},"700":{"start":{"line":701,"column":0},"end":{"line":701,"column":19}},"701":{"start":{"line":702,"column":0},"end":{"line":702,"column":37}},"702":{"start":{"line":703,"column":0},"end":{"line":703,"column":36}},"703":{"start":{"line":704,"column":0},"end":{"line":704,"column":49}},"704":{"start":{"line":705,"column":0},"end":{"line":705,"column":19}},"705":{"start":{"line":706,"column":0},"end":{"line":706,"column":37}},"706":{"start":{"line":707,"column":0},"end":{"line":707,"column":5}},"708":{"start":{"line":709,"column":0},"end":{"line":709,"column":19}},"710":{"start":{"line":711,"column":0},"end":{"line":711,"column":26}},"711":{"start":{"line":712,"column":0},"end":{"line":712,"column":39}},"713":{"start":{"line":714,"column":0},"end":{"line":714,"column":49}},"714":{"start":{"line":715,"column":0},"end":{"line":715,"column":29}},"715":{"start":{"line":716,"column":0},"end":{"line":716,"column":13}},"716":{"start":{"line":717,"column":0},"end":{"line":717,"column":5}},"718":{"start":{"line":719,"column":0},"end":{"line":719,"column":27}},"722":{"start":{"line":723,"column":0},"end":{"line":723,"column":51}},"723":{"start":{"line":724,"column":0},"end":{"line":724,"column":23}},"724":{"start":{"line":725,"column":0},"end":{"line":725,"column":47}},"725":{"start":{"line":726,"column":0},"end":{"line":726,"column":5}},"726":{"start":{"line":727,"column":0},"end":{"line":727,"column":73}},"728":{"start":{"line":729,"column":0},"end":{"line":729,"column":9}},"729":{"start":{"line":730,"column":0},"end":{"line":730,"column":53}},"731":{"start":{"line":732,"column":0},"end":{"line":732,"column":67}},"732":{"start":{"line":733,"column":0},"end":{"line":733,"column":20}},"733":{"start":{"line":734,"column":0},"end":{"line":734,"column":65}},"736":{"start":{"line":737,"column":0},"end":{"line":737,"column":55}},"737":{"start":{"line":738,"column":0},"end":{"line":738,"column":22}},"738":{"start":{"line":739,"column":0},"end":{"line":739,"column":73}},"739":{"start":{"line":740,"column":0},"end":{"line":740,"column":15}},"740":{"start":{"line":741,"column":0},"end":{"line":741,"column":7}},"742":{"start":{"line":743,"column":0},"end":{"line":743,"column":52}},"744":{"start":{"line":745,"column":0},"end":{"line":745,"column":60}},"745":{"start":{"line":746,"column":0},"end":{"line":746,"column":27}},"746":{"start":{"line":747,"column":0},"end":{"line":747,"column":62}},"747":{"start":{"line":748,"column":0},"end":{"line":748,"column":15}},"748":{"start":{"line":749,"column":0},"end":{"line":749,"column":7}},"750":{"start":{"line":751,"column":0},"end":{"line":751,"column":81}},"751":{"start":{"line":752,"column":0},"end":{"line":752,"column":78}},"752":{"start":{"line":753,"column":0},"end":{"line":753,"column":28}},"753":{"start":{"line":754,"column":0},"end":{"line":754,"column":11}},"754":{"start":{"line":755,"column":0},"end":{"line":755,"column":14}},"755":{"start":{"line":756,"column":0},"end":{"line":756,"column":80}},"756":{"start":{"line":757,"column":0},"end":{"line":757,"column":28}},"757":{"start":{"line":758,"column":0},"end":{"line":758,"column":11}},"758":{"start":{"line":759,"column":0},"end":{"line":759,"column":7}},"759":{"start":{"line":760,"column":0},"end":{"line":760,"column":21}},"760":{"start":{"line":761,"column":0},"end":{"line":761,"column":78}},"761":{"start":{"line":762,"column":0},"end":{"line":762,"column":5}},"762":{"start":{"line":763,"column":0},"end":{"line":763,"column":6}},"763":{"start":{"line":764,"column":0},"end":{"line":764,"column":22}},"764":{"start":{"line":765,"column":0},"end":{"line":765,"column":20}},"765":{"start":{"line":766,"column":0},"end":{"line":766,"column":37}},"766":{"start":{"line":767,"column":0},"end":{"line":767,"column":26}},"767":{"start":{"line":768,"column":0},"end":{"line":768,"column":26}},"768":{"start":{"line":769,"column":0},"end":{"line":769,"column":18}},"769":{"start":{"line":770,"column":0},"end":{"line":770,"column":30}},"770":{"start":{"line":771,"column":0},"end":{"line":771,"column":19}},"771":{"start":{"line":772,"column":0},"end":{"line":772,"column":32}},"772":{"start":{"line":773,"column":0},"end":{"line":773,"column":28}},"773":{"start":{"line":774,"column":0},"end":{"line":774,"column":23}},"774":{"start":{"line":775,"column":0},"end":{"line":775,"column":5}},"776":{"start":{"line":777,"column":0},"end":{"line":777,"column":55}},"777":{"start":{"line":778,"column":0},"end":{"line":778,"column":50}},"778":{"start":{"line":779,"column":0},"end":{"line":779,"column":42}},"779":{"start":{"line":780,"column":0},"end":{"line":780,"column":57}},"780":{"start":{"line":781,"column":0},"end":{"line":781,"column":13}},"781":{"start":{"line":782,"column":0},"end":{"line":782,"column":5}},"783":{"start":{"line":784,"column":0},"end":{"line":784,"column":37}},"784":{"start":{"line":785,"column":0},"end":{"line":785,"column":91}},"785":{"start":{"line":786,"column":0},"end":{"line":786,"column":6}},"786":{"start":{"line":787,"column":0},"end":{"line":787,"column":21}},"787":{"start":{"line":788,"column":0},"end":{"line":788,"column":13}},"788":{"start":{"line":789,"column":0},"end":{"line":789,"column":5}},"790":{"start":{"line":791,"column":0},"end":{"line":791,"column":33}},"791":{"start":{"line":792,"column":0},"end":{"line":792,"column":9}},"792":{"start":{"line":793,"column":0},"end":{"line":793,"column":24}},"793":{"start":{"line":794,"column":0},"end":{"line":794,"column":31}},"794":{"start":{"line":795,"column":0},"end":{"line":795,"column":7}},"795":{"start":{"line":796,"column":0},"end":{"line":796,"column":56}},"796":{"start":{"line":797,"column":0},"end":{"line":797,"column":38}},"797":{"start":{"line":798,"column":0},"end":{"line":798,"column":21}},"798":{"start":{"line":799,"column":0},"end":{"line":799,"column":62}},"799":{"start":{"line":800,"column":0},"end":{"line":800,"column":15}},"800":{"start":{"line":801,"column":0},"end":{"line":801,"column":36}},"801":{"start":{"line":802,"column":0},"end":{"line":802,"column":5}},"802":{"start":{"line":803,"column":0},"end":{"line":803,"column":6}},"803":{"start":{"line":804,"column":0},"end":{"line":804,"column":22}},"804":{"start":{"line":805,"column":0},"end":{"line":805,"column":16}},"805":{"start":{"line":806,"column":0},"end":{"line":806,"column":24}},"806":{"start":{"line":807,"column":0},"end":{"line":807,"column":19}},"807":{"start":{"line":808,"column":0},"end":{"line":808,"column":17}},"808":{"start":{"line":809,"column":0},"end":{"line":809,"column":27}},"809":{"start":{"line":810,"column":0},"end":{"line":810,"column":19}},"810":{"start":{"line":811,"column":0},"end":{"line":811,"column":5}},"812":{"start":{"line":813,"column":0},"end":{"line":813,"column":10}},"813":{"start":{"line":814,"column":0},"end":{"line":814,"column":59}},"814":{"start":{"line":815,"column":0},"end":{"line":815,"column":36}},"815":{"start":{"line":816,"column":0},"end":{"line":816,"column":48}},"816":{"start":{"line":817,"column":0},"end":{"line":817,"column":12}},"818":{"start":{"line":819,"column":0},"end":{"line":819,"column":66}},"819":{"start":{"line":820,"column":0},"end":{"line":820,"column":43}},"820":{"start":{"line":821,"column":0},"end":{"line":821,"column":54}},"821":{"start":{"line":822,"column":0},"end":{"line":822,"column":14}},"822":{"start":{"line":823,"column":0},"end":{"line":823,"column":61}},"823":{"start":{"line":824,"column":0},"end":{"line":824,"column":17}},"824":{"start":{"line":825,"column":0},"end":{"line":825,"column":25}},"825":{"start":{"line":826,"column":0},"end":{"line":826,"column":51}},"826":{"start":{"line":827,"column":0},"end":{"line":827,"column":39}},"827":{"start":{"line":828,"column":0},"end":{"line":828,"column":29}},"828":{"start":{"line":829,"column":0},"end":{"line":829,"column":42}},"829":{"start":{"line":830,"column":0},"end":{"line":830,"column":50}},"830":{"start":{"line":831,"column":0},"end":{"line":831,"column":42}},"832":{"start":{"line":833,"column":0},"end":{"line":833,"column":42}},"833":{"start":{"line":834,"column":0},"end":{"line":834,"column":19}},"834":{"start":{"line":835,"column":0},"end":{"line":835,"column":17}},"835":{"start":{"line":836,"column":0},"end":{"line":836,"column":25}},"836":{"start":{"line":837,"column":0},"end":{"line":837,"column":82}},"837":{"start":{"line":838,"column":0},"end":{"line":838,"column":42}},"838":{"start":{"line":839,"column":0},"end":{"line":839,"column":28}},"839":{"start":{"line":840,"column":0},"end":{"line":840,"column":40}},"840":{"start":{"line":841,"column":0},"end":{"line":841,"column":23}},"841":{"start":{"line":842,"column":0},"end":{"line":842,"column":15}},"842":{"start":{"line":843,"column":0},"end":{"line":843,"column":47}},"843":{"start":{"line":844,"column":0},"end":{"line":844,"column":14}},"844":{"start":{"line":845,"column":0},"end":{"line":845,"column":32}},"845":{"start":{"line":846,"column":0},"end":{"line":846,"column":40}},"846":{"start":{"line":847,"column":0},"end":{"line":847,"column":42}},"848":{"start":{"line":849,"column":0},"end":{"line":849,"column":84}},"849":{"start":{"line":850,"column":0},"end":{"line":850,"column":68}},"850":{"start":{"line":851,"column":0},"end":{"line":851,"column":19}},"851":{"start":{"line":852,"column":0},"end":{"line":852,"column":39}},"852":{"start":{"line":853,"column":0},"end":{"line":853,"column":19}},"854":{"start":{"line":855,"column":0},"end":{"line":855,"column":28}},"855":{"start":{"line":856,"column":0},"end":{"line":856,"column":68}},"856":{"start":{"line":857,"column":0},"end":{"line":857,"column":36}},"857":{"start":{"line":858,"column":0},"end":{"line":858,"column":32}},"858":{"start":{"line":859,"column":0},"end":{"line":859,"column":31}},"859":{"start":{"line":860,"column":0},"end":{"line":860,"column":38}},"860":{"start":{"line":861,"column":0},"end":{"line":861,"column":59}},"861":{"start":{"line":862,"column":0},"end":{"line":862,"column":53}},"862":{"start":{"line":863,"column":0},"end":{"line":863,"column":34}},"863":{"start":{"line":864,"column":0},"end":{"line":864,"column":47}},"864":{"start":{"line":865,"column":0},"end":{"line":865,"column":43}},"865":{"start":{"line":866,"column":0},"end":{"line":866,"column":20}},"866":{"start":{"line":867,"column":0},"end":{"line":867,"column":48}},"868":{"start":{"line":869,"column":0},"end":{"line":869,"column":29}},"869":{"start":{"line":870,"column":0},"end":{"line":870,"column":34}},"870":{"start":{"line":871,"column":0},"end":{"line":871,"column":17}},"871":{"start":{"line":872,"column":0},"end":{"line":872,"column":69}},"872":{"start":{"line":873,"column":0},"end":{"line":873,"column":30}},"873":{"start":{"line":874,"column":0},"end":{"line":874,"column":32}},"875":{"start":{"line":876,"column":0},"end":{"line":876,"column":41}},"876":{"start":{"line":877,"column":0},"end":{"line":877,"column":18}},"877":{"start":{"line":878,"column":0},"end":{"line":878,"column":46}},"878":{"start":{"line":879,"column":0},"end":{"line":879,"column":15}},"880":{"start":{"line":881,"column":0},"end":{"line":881,"column":32}},"881":{"start":{"line":882,"column":0},"end":{"line":882,"column":30}},"882":{"start":{"line":883,"column":0},"end":{"line":883,"column":39}},"883":{"start":{"line":884,"column":0},"end":{"line":884,"column":46}},"884":{"start":{"line":885,"column":0},"end":{"line":885,"column":15}},"886":{"start":{"line":887,"column":0},"end":{"line":887,"column":32}},"887":{"start":{"line":888,"column":0},"end":{"line":888,"column":29}},"889":{"start":{"line":890,"column":0},"end":{"line":890,"column":14}},"890":{"start":{"line":891,"column":0},"end":{"line":891,"column":16}},"892":{"start":{"line":893,"column":0},"end":{"line":893,"column":66}},"893":{"start":{"line":894,"column":0},"end":{"line":894,"column":43}},"894":{"start":{"line":895,"column":0},"end":{"line":895,"column":50}},"895":{"start":{"line":896,"column":0},"end":{"line":896,"column":61}},"896":{"start":{"line":897,"column":0},"end":{"line":897,"column":49}},"897":{"start":{"line":898,"column":0},"end":{"line":898,"column":27}},"898":{"start":{"line":899,"column":0},"end":{"line":899,"column":29}},"899":{"start":{"line":900,"column":0},"end":{"line":900,"column":89}},"900":{"start":{"line":901,"column":0},"end":{"line":901,"column":37}},"901":{"start":{"line":902,"column":0},"end":{"line":902,"column":37}},"902":{"start":{"line":903,"column":0},"end":{"line":903,"column":18}},"903":{"start":{"line":904,"column":0},"end":{"line":904,"column":16}},"904":{"start":{"line":905,"column":0},"end":{"line":905,"column":53}},"905":{"start":{"line":906,"column":0},"end":{"line":906,"column":19}},"906":{"start":{"line":907,"column":0},"end":{"line":907,"column":27}},"907":{"start":{"line":908,"column":0},"end":{"line":908,"column":52}},"908":{"start":{"line":909,"column":0},"end":{"line":909,"column":44}},"909":{"start":{"line":910,"column":0},"end":{"line":910,"column":61}},"910":{"start":{"line":911,"column":0},"end":{"line":911,"column":69}},"911":{"start":{"line":912,"column":0},"end":{"line":912,"column":40}},"912":{"start":{"line":913,"column":0},"end":{"line":913,"column":21}},"913":{"start":{"line":914,"column":0},"end":{"line":914,"column":35}},"914":{"start":{"line":915,"column":0},"end":{"line":915,"column":51}},"915":{"start":{"line":916,"column":0},"end":{"line":916,"column":33}},"916":{"start":{"line":917,"column":0},"end":{"line":917,"column":42}},"917":{"start":{"line":918,"column":0},"end":{"line":918,"column":31}},"918":{"start":{"line":919,"column":0},"end":{"line":919,"column":34}},"919":{"start":{"line":920,"column":0},"end":{"line":920,"column":35}},"921":{"start":{"line":922,"column":0},"end":{"line":922,"column":30}},"922":{"start":{"line":923,"column":0},"end":{"line":923,"column":59}},"923":{"start":{"line":924,"column":0},"end":{"line":924,"column":25}},"924":{"start":{"line":925,"column":0},"end":{"line":925,"column":17}},"925":{"start":{"line":926,"column":0},"end":{"line":926,"column":34}},"926":{"start":{"line":927,"column":0},"end":{"line":927,"column":40}},"927":{"start":{"line":928,"column":0},"end":{"line":928,"column":25}},"928":{"start":{"line":929,"column":0},"end":{"line":929,"column":17}},"929":{"start":{"line":930,"column":0},"end":{"line":930,"column":53}},"930":{"start":{"line":931,"column":0},"end":{"line":931,"column":16}},"932":{"start":{"line":933,"column":0},"end":{"line":933,"column":74}},"933":{"start":{"line":934,"column":0},"end":{"line":934,"column":21}},"934":{"start":{"line":935,"column":0},"end":{"line":935,"column":19}},"935":{"start":{"line":936,"column":0},"end":{"line":936,"column":27}},"936":{"start":{"line":937,"column":0},"end":{"line":937,"column":52}},"937":{"start":{"line":938,"column":0},"end":{"line":938,"column":44}},"938":{"start":{"line":939,"column":0},"end":{"line":939,"column":84}},"939":{"start":{"line":940,"column":0},"end":{"line":940,"column":41}},"940":{"start":{"line":941,"column":0},"end":{"line":941,"column":21}},"941":{"start":{"line":942,"column":0},"end":{"line":942,"column":35}},"942":{"start":{"line":943,"column":0},"end":{"line":943,"column":51}},"943":{"start":{"line":944,"column":0},"end":{"line":944,"column":33}},"944":{"start":{"line":945,"column":0},"end":{"line":945,"column":53}},"945":{"start":{"line":946,"column":0},"end":{"line":946,"column":61}},"947":{"start":{"line":948,"column":0},"end":{"line":948,"column":30}},"948":{"start":{"line":949,"column":0},"end":{"line":949,"column":43}},"949":{"start":{"line":950,"column":0},"end":{"line":950,"column":16}},"951":{"start":{"line":952,"column":0},"end":{"line":952,"column":71}},"952":{"start":{"line":953,"column":0},"end":{"line":953,"column":21}},"953":{"start":{"line":954,"column":0},"end":{"line":954,"column":16}},"954":{"start":{"line":955,"column":0},"end":{"line":955,"column":14}},"955":{"start":{"line":956,"column":0},"end":{"line":956,"column":41}},"956":{"start":{"line":957,"column":0},"end":{"line":957,"column":24}},"957":{"start":{"line":958,"column":0},"end":{"line":958,"column":64}},"958":{"start":{"line":959,"column":0},"end":{"line":959,"column":25}},"959":{"start":{"line":960,"column":0},"end":{"line":960,"column":18}},"960":{"start":{"line":961,"column":0},"end":{"line":961,"column":19}},"961":{"start":{"line":962,"column":0},"end":{"line":962,"column":34}},"962":{"start":{"line":963,"column":0},"end":{"line":963,"column":41}},"964":{"start":{"line":965,"column":0},"end":{"line":965,"column":18}},"965":{"start":{"line":966,"column":0},"end":{"line":966,"column":30}},"966":{"start":{"line":967,"column":0},"end":{"line":967,"column":40}},"967":{"start":{"line":968,"column":0},"end":{"line":968,"column":56}},"968":{"start":{"line":969,"column":0},"end":{"line":969,"column":69}},"969":{"start":{"line":970,"column":0},"end":{"line":970,"column":91}},"970":{"start":{"line":971,"column":0},"end":{"line":971,"column":67}},"971":{"start":{"line":972,"column":0},"end":{"line":972,"column":34}},"972":{"start":{"line":973,"column":0},"end":{"line":973,"column":46}},"973":{"start":{"line":974,"column":0},"end":{"line":974,"column":36}},"974":{"start":{"line":975,"column":0},"end":{"line":975,"column":43}},"975":{"start":{"line":976,"column":0},"end":{"line":976,"column":30}},"976":{"start":{"line":977,"column":0},"end":{"line":977,"column":19}},"977":{"start":{"line":978,"column":0},"end":{"line":978,"column":68}},"978":{"start":{"line":979,"column":0},"end":{"line":979,"column":67}},"979":{"start":{"line":980,"column":0},"end":{"line":980,"column":75}},"981":{"start":{"line":982,"column":0},"end":{"line":982,"column":24}},"982":{"start":{"line":983,"column":0},"end":{"line":983,"column":108}},"983":{"start":{"line":984,"column":0},"end":{"line":984,"column":52}},"984":{"start":{"line":985,"column":0},"end":{"line":985,"column":68}},"985":{"start":{"line":986,"column":0},"end":{"line":986,"column":40}},"986":{"start":{"line":987,"column":0},"end":{"line":987,"column":54}},"987":{"start":{"line":988,"column":0},"end":{"line":988,"column":41}},"988":{"start":{"line":989,"column":0},"end":{"line":989,"column":91}},"990":{"start":{"line":991,"column":0},"end":{"line":991,"column":48}},"992":{"start":{"line":993,"column":0},"end":{"line":993,"column":29}},"993":{"start":{"line":994,"column":0},"end":{"line":994,"column":76}},"994":{"start":{"line":995,"column":0},"end":{"line":995,"column":40}},"995":{"start":{"line":996,"column":0},"end":{"line":996,"column":58}},"996":{"start":{"line":997,"column":0},"end":{"line":997,"column":65}},"997":{"start":{"line":998,"column":0},"end":{"line":998,"column":31}},"998":{"start":{"line":999,"column":0},"end":{"line":999,"column":31}},"999":{"start":{"line":1000,"column":0},"end":{"line":1000,"column":26}},"1000":{"start":{"line":1001,"column":0},"end":{"line":1001,"column":52}},"1001":{"start":{"line":1002,"column":0},"end":{"line":1002,"column":52}},"1002":{"start":{"line":1003,"column":0},"end":{"line":1003,"column":58}},"1003":{"start":{"line":1004,"column":0},"end":{"line":1004,"column":67}},"1004":{"start":{"line":1005,"column":0},"end":{"line":1005,"column":36}},"1005":{"start":{"line":1006,"column":0},"end":{"line":1006,"column":37}},"1006":{"start":{"line":1007,"column":0},"end":{"line":1007,"column":69}},"1007":{"start":{"line":1008,"column":0},"end":{"line":1008,"column":40}},"1008":{"start":{"line":1009,"column":0},"end":{"line":1009,"column":28}},"1009":{"start":{"line":1010,"column":0},"end":{"line":1010,"column":77}},"1010":{"start":{"line":1011,"column":0},"end":{"line":1011,"column":34}},"1011":{"start":{"line":1012,"column":0},"end":{"line":1012,"column":33}},"1012":{"start":{"line":1013,"column":0},"end":{"line":1013,"column":60}},"1013":{"start":{"line":1014,"column":0},"end":{"line":1014,"column":68}},"1014":{"start":{"line":1015,"column":0},"end":{"line":1015,"column":54}},"1016":{"start":{"line":1017,"column":0},"end":{"line":1017,"column":77}},"1017":{"start":{"line":1018,"column":0},"end":{"line":1018,"column":72}},"1018":{"start":{"line":1019,"column":0},"end":{"line":1019,"column":37}},"1019":{"start":{"line":1020,"column":0},"end":{"line":1020,"column":85}},"1020":{"start":{"line":1021,"column":0},"end":{"line":1021,"column":35}},"1022":{"start":{"line":1023,"column":0},"end":{"line":1023,"column":27}},"1023":{"start":{"line":1024,"column":0},"end":{"line":1024,"column":28}},"1024":{"start":{"line":1025,"column":0},"end":{"line":1025,"column":29}},"1025":{"start":{"line":1026,"column":0},"end":{"line":1026,"column":23}},"1027":{"start":{"line":1028,"column":0},"end":{"line":1028,"column":17}},"1028":{"start":{"line":1029,"column":0},"end":{"line":1029,"column":17}},"1030":{"start":{"line":1031,"column":0},"end":{"line":1031,"column":41}},"1032":{"start":{"line":1033,"column":0},"end":{"line":1033,"column":18}},"1034":{"start":{"line":1035,"column":0},"end":{"line":1035,"column":14}},"1035":{"start":{"line":1036,"column":0},"end":{"line":1036,"column":16}},"1037":{"start":{"line":1038,"column":0},"end":{"line":1038,"column":25}},"1038":{"start":{"line":1039,"column":0},"end":{"line":1039,"column":28}},"1039":{"start":{"line":1040,"column":0},"end":{"line":1040,"column":31}},"1040":{"start":{"line":1041,"column":0},"end":{"line":1041,"column":47}},"1041":{"start":{"line":1042,"column":0},"end":{"line":1042,"column":48}},"1042":{"start":{"line":1043,"column":0},"end":{"line":1043,"column":51}},"1043":{"start":{"line":1044,"column":0},"end":{"line":1044,"column":55}},"1044":{"start":{"line":1045,"column":0},"end":{"line":1045,"column":49}},"1045":{"start":{"line":1046,"column":0},"end":{"line":1046,"column":10}},"1047":{"start":{"line":1048,"column":0},"end":{"line":1048,"column":10}},"1049":{"start":{"line":1050,"column":0},"end":{"line":1050,"column":1}}},"s":{"0":1,"1":1,"2":1,"3":1,"4":1,"5":1,"6":1,"7":1,"8":1,"10":1,"11":1,"15":1,"16":1,"31":1,"44":1,"45":1,"97":1,"98":1,"99":1,"100":1,"101":1,"102":1,"104":1,"105":1,"106":1,"107":1,"108":1,"109":1,"110":1,"111":1,"112":1,"113":1,"114":1,"115":1,"116":1,"117":1,"133":1,"134":1,"135":1,"136":1,"141":28,"142":28,"143":28,"144":28,"145":28,"146":28,"147":28,"148":0,"149":0,"150":0,"151":0,"152":28,"153":28,"154":0,"155":0,"156":28,"157":28,"159":45,"160":45,"161":45,"162":1,"163":1,"164":45,"165":15,"166":15,"167":29,"168":29,"170":348,"171":348,"172":348,"173":348,"174":348,"175":348,"176":348,"177":348,"178":14,"179":14,"180":348,"181":59,"182":59,"183":348,"184":106,"185":106,"186":169,"187":169,"189":112,"190":112,"191":112,"192":112,"193":112,"194":112,"195":112,"196":173,"197":173,"198":112,"199":112,"200":0,"201":0,"202":0,"203":0,"205":112,"207":212,"208":212,"209":212,"210":212,"211":212,"212":212,"213":104,"214":104,"215":212,"216":4,"217":4,"218":212,"219":59,"220":59,"221":45,"222":45,"224":230,"225":230,"226":230,"227":230,"228":230,"229":230,"230":230,"236":230,"237":230,"238":18,"239":18,"241":212,"242":230,"244":230,"245":4,"246":0,"247":4,"248":4,"250":208,"251":208,"253":4,"254":4,"255":4,"256":4,"257":4,"258":4,"259":4,"260":4,"267":4,"268":4,"269":4,"270":1,"271":0,"272":0,"273":1,"274":1,"275":1,"276":4,"277":4,"278":4,"280":4,"281":3,"282":1,"283":1,"284":1,"285":1,"286":1,"287":4,"288":3,"289":1,"291":4,"292":4,"293":4,"294":4,"295":4,"297":4,"298":4,"300":4,"301":4,"302":4,"303":4,"304":3,"305":3,"306":3,"307":3,"308":3,"309":3,"310":3,"311":3,"312":3,"313":3,"314":3,"315":3,"316":3,"317":3,"319":0,"321":3,"322":3,"323":3,"324":3,"325":3,"326":3,"327":1,"328":1,"329":1,"330":3,"331":3,"333":3,"334":3,"335":3,"337":1,"340":4,"341":5,"342":5,"343":5,"344":5,"345":5,"346":5,"347":5,"348":5,"349":5,"350":5,"351":5,"352":1,"353":1,"354":1,"355":5,"357":5,"358":5,"359":5,"360":5,"362":4,"363":4,"364":4,"365":4,"367":4,"368":4,"369":4,"371":4,"373":1,"374":240,"375":240,"376":240,"377":240,"378":240,"379":240,"380":240,"381":240,"382":240,"399":240,"400":240,"401":240,"402":240,"403":240,"404":240,"405":240,"406":240,"407":240,"408":240,"409":240,"410":240,"411":240,"412":240,"413":240,"414":240,"415":240,"416":240,"417":240,"418":240,"420":240,"421":240,"422":65,"423":65,"424":0,"425":0,"426":65,"427":65,"428":65,"429":65,"430":64,"431":64,"432":64,"433":64,"435":65,"436":240,"437":240,"439":240,"440":240,"441":33,"442":31,"443":31,"444":33,"445":33,"446":0,"447":0,"448":33,"449":33,"452":0,"453":0,"454":2,"455":2,"456":33,"457":33,"458":33,"459":2,"460":2,"461":2,"462":33,"463":240,"464":240,"466":240,"467":240,"468":240,"469":240,"470":240,"472":240,"473":32,"474":32,"475":32,"476":32,"477":0,"478":0,"479":32,"480":32,"481":32,"482":0,"483":32,"484":32,"485":32,"486":32,"487":240,"489":240,"490":32,"491":32,"492":3,"493":3,"494":3,"495":3,"496":3,"497":3,"498":29,"499":29,"500":29,"501":0,"502":0,"503":29,"504":29,"505":29,"506":0,"507":29,"508":29,"509":29,"510":29,"511":240,"513":240,"514":240,"515":182,"516":0,"517":0,"518":182,"519":182,"520":182,"521":182,"522":182,"523":0,"524":182,"525":182,"526":182,"527":182,"528":240,"529":240,"531":240,"532":32,"533":32,"534":3,"535":3,"536":3,"537":3,"538":3,"540":29,"541":181,"542":0,"543":0,"544":181,"545":181,"547":29,"548":29,"549":29,"550":29,"551":29,"552":29,"553":240,"555":240,"556":66,"557":28,"558":45,"559":45,"560":45,"561":45,"562":45,"563":45,"564":28,"566":28,"567":28,"568":28,"569":28,"570":28,"571":66,"572":240,"574":240,"575":240,"576":1,"577":0,"578":0,"579":1,"580":1,"581":1,"582":1,"583":1,"584":0,"585":1,"586":1,"587":240,"588":240,"590":240,"591":1,"592":0,"593":0,"594":1,"595":1,"596":1,"597":1,"598":1,"599":0,"600":1,"601":240,"603":240,"604":240,"605":132,"606":108,"607":240,"609":240,"610":240,"612":240,"614":240,"615":240,"616":240,"617":240,"618":240,"620":240,"621":32,"622":29,"623":29,"624":3,"625":240,"627":240,"628":91,"629":64,"630":64,"631":91,"632":0,"633":0,"634":240,"636":240,"637":61,"638":61,"639":36,"640":36,"641":36,"642":36,"643":36,"645":61,"646":61,"647":176,"648":176,"649":176,"650":176,"651":176,"652":176,"653":176,"654":0,"655":0,"656":176,"657":176,"658":0,"659":0,"660":0,"661":0,"662":0,"663":0,"664":176,"666":61,"667":61,"668":61,"669":25,"670":25,"671":25,"672":240,"673":240,"674":240,"675":240,"676":240,"677":240,"679":240,"680":32,"681":32,"682":32,"683":32,"684":31,"685":32,"686":240,"688":240,"689":240,"690":240,"691":240,"692":240,"693":240,"694":240,"695":240,"696":240,"697":240,"698":240,"699":240,"700":240,"701":240,"702":240,"703":240,"704":240,"705":240,"706":240,"708":240,"710":57,"711":240,"713":240,"714":1,"715":0,"716":0,"718":1,"722":1,"723":1,"724":1,"725":1,"726":1,"728":1,"729":1,"731":1,"732":1,"733":1,"736":1,"737":1,"738":0,"739":0,"740":0,"742":1,"744":1,"745":1,"746":0,"747":0,"748":0,"750":1,"751":1,"752":1,"753":1,"754":1,"755":0,"756":0,"757":0,"758":0,"759":1,"760":0,"761":0,"762":240,"763":240,"764":240,"765":240,"766":240,"767":240,"768":240,"769":240,"770":240,"771":240,"772":240,"773":240,"774":240,"776":240,"777":1,"778":1,"779":1,"780":0,"781":0,"783":1,"784":1,"785":1,"786":1,"787":0,"788":0,"790":1,"791":1,"792":1,"793":0,"794":0,"795":1,"796":1,"797":1,"798":0,"799":1,"800":1,"801":1,"802":240,"803":240,"804":240,"805":240,"806":240,"807":240,"808":240,"809":240,"810":240,"812":240,"813":240,"814":240,"815":240,"816":240,"818":240,"819":240,"820":240,"821":240,"822":240,"823":240,"824":240,"825":240,"826":240,"827":240,"828":240,"829":240,"830":240,"832":240,"833":240,"834":240,"835":240,"836":240,"837":240,"838":240,"839":27,"840":0,"841":0,"842":27,"843":27,"844":240,"845":240,"846":240,"848":240,"849":240,"850":240,"851":240,"852":240,"854":240,"855":30,"856":30,"857":26,"858":26,"859":26,"860":26,"861":26,"862":26,"863":25,"864":25,"865":25,"866":26,"868":26,"869":26,"870":30,"871":30,"872":30,"873":30,"875":0,"876":0,"877":30,"878":30,"880":30,"881":30,"882":30,"883":30,"884":30,"886":30,"887":30,"889":240,"890":240,"892":240,"893":240,"894":240,"895":240,"896":240,"897":240,"898":132,"899":19,"900":113,"901":108,"902":240,"903":240,"904":240,"905":240,"906":240,"907":240,"908":240,"909":240,"910":240,"911":240,"912":240,"913":240,"914":9,"915":231,"916":99,"917":132,"918":41,"919":91,"921":240,"922":40,"923":0,"924":0,"925":40,"926":18,"927":18,"928":18,"929":22,"930":40,"932":240,"933":240,"934":240,"935":240,"936":240,"937":240,"938":240,"939":240,"940":240,"941":240,"942":9,"943":231,"944":99,"945":132,"947":240,"948":1,"949":1,"951":240,"952":240,"953":240,"954":240,"955":240,"956":240,"957":1,"958":1,"959":1,"960":239,"961":240,"962":9,"964":9,"965":231,"966":132,"967":132,"968":230,"969":230,"970":230,"971":230,"972":230,"973":230,"974":230,"975":230,"976":230,"977":230,"978":230,"979":230,"981":230,"982":230,"983":230,"984":230,"985":230,"986":6,"987":224,"988":103,"990":121,"992":230,"993":230,"994":230,"995":18,"996":18,"997":18,"998":212,"999":230,"1000":230,"1001":122,"1002":122,"1003":348,"1004":348,"1005":348,"1006":348,"1007":348,"1008":348,"1009":348,"1010":348,"1011":348,"1012":348,"1013":348,"1014":348,"1016":348,"1017":348,"1018":348,"1019":348,"1020":348,"1022":122,"1023":122,"1024":108,"1025":230,"1027":132,"1028":132,"1030":99,"1032":99,"1034":240,"1035":240,"1037":240,"1038":4,"1039":4,"1040":4,"1041":4,"1042":4,"1043":4,"1044":4,"1045":4,"1047":240,"1049":240},"branchMap":{"0":{"type":"branch","line":142,"loc":{"start":{"line":142,"column":0},"end":{"line":158,"column":1}},"locations":[{"start":{"line":142,"column":0},"end":{"line":158,"column":1}}]},"1":{"type":"branch","line":143,"loc":{"start":{"line":143,"column":33},"end":{"line":143,"column":41}},"locations":[{"start":{"line":143,"column":33},"end":{"line":143,"column":41}}]},"2":{"type":"branch","line":144,"loc":{"start":{"line":144,"column":31},"end":{"line":144,"column":39}},"locations":[{"start":{"line":144,"column":31},"end":{"line":144,"column":39}}]},"3":{"type":"branch","line":145,"loc":{"start":{"line":145,"column":27},"end":{"line":145,"column":35}},"locations":[{"start":{"line":145,"column":27},"end":{"line":145,"column":35}}]},"4":{"type":"branch","line":148,"loc":{"start":{"line":148,"column":2},"end":{"line":153,"column":61}},"locations":[{"start":{"line":148,"column":2},"end":{"line":153,"column":61}}]},"5":{"type":"branch","line":153,"loc":{"start":{"line":153,"column":53},"end":{"line":153,"column":66}},"locations":[{"start":{"line":153,"column":53},"end":{"line":153,"column":66}}]},"6":{"type":"branch","line":154,"loc":{"start":{"line":154,"column":6},"end":{"line":154,"column":23}},"locations":[{"start":{"line":154,"column":6},"end":{"line":154,"column":23}}]},"7":{"type":"branch","line":154,"loc":{"start":{"line":154,"column":23},"end":{"line":157,"column":28}},"locations":[{"start":{"line":154,"column":23},"end":{"line":157,"column":28}}]},"8":{"type":"branch","line":157,"loc":{"start":{"line":157,"column":22},"end":{"line":157,"column":44}},"locations":[{"start":{"line":157,"column":22},"end":{"line":157,"column":44}}]},"9":{"type":"branch","line":160,"loc":{"start":{"line":160,"column":0},"end":{"line":169,"column":1}},"locations":[{"start":{"line":160,"column":0},"end":{"line":169,"column":1}}]},"10":{"type":"branch","line":162,"loc":{"start":{"line":162,"column":34},"end":{"line":164,"column":3}},"locations":[{"start":{"line":162,"column":34},"end":{"line":164,"column":3}}]},"11":{"type":"branch","line":164,"loc":{"start":{"line":164,"column":2},"end":{"line":165,"column":36}},"locations":[{"start":{"line":164,"column":2},"end":{"line":165,"column":36}}]},"12":{"type":"branch","line":165,"loc":{"start":{"line":165,"column":36},"end":{"line":167,"column":3}},"locations":[{"start":{"line":165,"column":36},"end":{"line":167,"column":3}}]},"13":{"type":"branch","line":167,"loc":{"start":{"line":167,"column":2},"end":{"line":169,"column":1}},"locations":[{"start":{"line":167,"column":2},"end":{"line":169,"column":1}}]},"14":{"type":"branch","line":171,"loc":{"start":{"line":171,"column":0},"end":{"line":188,"column":1}},"locations":[{"start":{"line":171,"column":0},"end":{"line":188,"column":1}}]},"15":{"type":"branch","line":178,"loc":{"start":{"line":178,"column":6},"end":{"line":178,"column":30}},"locations":[{"start":{"line":178,"column":6},"end":{"line":178,"column":30}}]},"16":{"type":"branch","line":178,"loc":{"start":{"line":178,"column":30},"end":{"line":178,"column":73}},"locations":[{"start":{"line":178,"column":30},"end":{"line":178,"column":73}}]},"17":{"type":"branch","line":178,"loc":{"start":{"line":178,"column":73},"end":{"line":180,"column":3}},"locations":[{"start":{"line":178,"column":73},"end":{"line":180,"column":3}}]},"18":{"type":"branch","line":180,"loc":{"start":{"line":180,"column":2},"end":{"line":181,"column":42}},"locations":[{"start":{"line":180,"column":2},"end":{"line":181,"column":42}}]},"19":{"type":"branch","line":181,"loc":{"start":{"line":181,"column":42},"end":{"line":183,"column":3}},"locations":[{"start":{"line":181,"column":42},"end":{"line":183,"column":3}}]},"20":{"type":"branch","line":183,"loc":{"start":{"line":183,"column":2},"end":{"line":184,"column":40}},"locations":[{"start":{"line":183,"column":2},"end":{"line":184,"column":40}}]},"21":{"type":"branch","line":184,"loc":{"start":{"line":184,"column":40},"end":{"line":186,"column":3}},"locations":[{"start":{"line":184,"column":40},"end":{"line":186,"column":3}}]},"22":{"type":"branch","line":186,"loc":{"start":{"line":186,"column":2},"end":{"line":188,"column":1}},"locations":[{"start":{"line":186,"column":2},"end":{"line":188,"column":1}}]},"23":{"type":"branch","line":190,"loc":{"start":{"line":190,"column":0},"end":{"line":206,"column":1}},"locations":[{"start":{"line":190,"column":0},"end":{"line":206,"column":1}}]},"24":{"type":"branch","line":200,"loc":{"start":{"line":200,"column":2},"end":{"line":204,"column":80}},"locations":[{"start":{"line":200,"column":2},"end":{"line":204,"column":80}}]},"25":{"type":"branch","line":196,"loc":{"start":{"line":196,"column":6},"end":{"line":198,"column":20}},"locations":[{"start":{"line":196,"column":6},"end":{"line":198,"column":20}}]},"26":{"type":"branch","line":197,"loc":{"start":{"line":197,"column":35},"end":{"line":197,"column":51}},"locations":[{"start":{"line":197,"column":35},"end":{"line":197,"column":51}}]},"27":{"type":"branch","line":208,"loc":{"start":{"line":208,"column":0},"end":{"line":223,"column":1}},"locations":[{"start":{"line":208,"column":0},"end":{"line":223,"column":1}}]},"28":{"type":"branch","line":213,"loc":{"start":{"line":213,"column":34},"end":{"line":215,"column":3}},"locations":[{"start":{"line":213,"column":34},"end":{"line":215,"column":3}}]},"29":{"type":"branch","line":215,"loc":{"start":{"line":215,"column":2},"end":{"line":216,"column":57}},"locations":[{"start":{"line":215,"column":2},"end":{"line":216,"column":57}}]},"30":{"type":"branch","line":216,"loc":{"start":{"line":216,"column":57},"end":{"line":218,"column":3}},"locations":[{"start":{"line":216,"column":57},"end":{"line":218,"column":3}}]},"31":{"type":"branch","line":218,"loc":{"start":{"line":218,"column":2},"end":{"line":219,"column":85}},"locations":[{"start":{"line":218,"column":2},"end":{"line":219,"column":85}}]},"32":{"type":"branch","line":219,"loc":{"start":{"line":219,"column":85},"end":{"line":221,"column":3}},"locations":[{"start":{"line":219,"column":85},"end":{"line":221,"column":3}}]},"33":{"type":"branch","line":221,"loc":{"start":{"line":221,"column":2},"end":{"line":223,"column":1}},"locations":[{"start":{"line":221,"column":2},"end":{"line":223,"column":1}}]},"34":{"type":"branch","line":219,"loc":{"start":{"line":219,"column":25},"end":{"line":219,"column":82}},"locations":[{"start":{"line":219,"column":25},"end":{"line":219,"column":82}}]},"35":{"type":"branch","line":225,"loc":{"start":{"line":225,"column":0},"end":{"line":252,"column":1}},"locations":[{"start":{"line":225,"column":0},"end":{"line":252,"column":1}}]},"36":{"type":"branch","line":238,"loc":{"start":{"line":238,"column":6},"end":{"line":238,"column":30}},"locations":[{"start":{"line":238,"column":6},"end":{"line":238,"column":30}}]},"37":{"type":"branch","line":238,"loc":{"start":{"line":238,"column":38},"end":{"line":240,"column":3}},"locations":[{"start":{"line":238,"column":38},"end":{"line":240,"column":3}}]},"38":{"type":"branch","line":240,"loc":{"start":{"line":240,"column":2},"end":{"line":243,"column":47}},"locations":[{"start":{"line":240,"column":2},"end":{"line":243,"column":47}}]},"39":{"type":"branch","line":243,"loc":{"start":{"line":243,"column":25},"end":{"line":243,"column":62}},"locations":[{"start":{"line":243,"column":25},"end":{"line":243,"column":62}}]},"40":{"type":"branch","line":245,"loc":{"start":{"line":245,"column":6},"end":{"line":245,"column":54}},"locations":[{"start":{"line":245,"column":6},"end":{"line":245,"column":54}}]},"41":{"type":"branch","line":245,"loc":{"start":{"line":245,"column":54},"end":{"line":249,"column":3}},"locations":[{"start":{"line":245,"column":54},"end":{"line":249,"column":3}}]},"42":{"type":"branch","line":246,"loc":{"start":{"line":246,"column":59},"end":{"line":247,"column":19}},"locations":[{"start":{"line":246,"column":59},"end":{"line":247,"column":19}}]},"43":{"type":"branch","line":249,"loc":{"start":{"line":249,"column":2},"end":{"line":252,"column":1}},"locations":[{"start":{"line":249,"column":2},"end":{"line":252,"column":1}}]},"44":{"type":"branch","line":254,"loc":{"start":{"line":254,"column":0},"end":{"line":372,"column":1}},"locations":[{"start":{"line":254,"column":0},"end":{"line":372,"column":1}}]},"45":{"type":"branch","line":281,"loc":{"start":{"line":281,"column":20},"end":{"line":286,"column":7}},"locations":[{"start":{"line":281,"column":20},"end":{"line":286,"column":7}}]},"46":{"type":"branch","line":282,"loc":{"start":{"line":282,"column":74},"end":{"line":286,"column":7}},"locations":[{"start":{"line":282,"column":74},"end":{"line":286,"column":7}}]},"47":{"type":"branch","line":286,"loc":{"start":{"line":286,"column":6},"end":{"line":287,"column":11}},"locations":[{"start":{"line":286,"column":6},"end":{"line":287,"column":11}}]},"48":{"type":"branch","line":288,"loc":{"start":{"line":288,"column":17},"end":{"line":289,"column":52}},"locations":[{"start":{"line":288,"column":17},"end":{"line":289,"column":52}}]},"49":{"type":"branch","line":289,"loc":{"start":{"line":289,"column":51},"end":{"line":290,"column":16}},"locations":[{"start":{"line":289,"column":51},"end":{"line":290,"column":16}}]},"50":{"type":"branch","line":304,"loc":{"start":{"line":304,"column":9},"end":{"line":336,"column":16}},"locations":[{"start":{"line":304,"column":9},"end":{"line":336,"column":16}}]},"51":{"type":"branch","line":309,"loc":{"start":{"line":309,"column":68},"end":{"line":309,"column":77}},"locations":[{"start":{"line":309,"column":68},"end":{"line":309,"column":77}}]},"52":{"type":"branch","line":336,"loc":{"start":{"line":336,"column":10},"end":{"line":338,"column":76}},"locations":[{"start":{"line":336,"column":10},"end":{"line":338,"column":76}}]},"53":{"type":"branch","line":269,"loc":{"start":{"line":269,"column":12},"end":{"line":279,"column":5}},"locations":[{"start":{"line":269,"column":12},"end":{"line":279,"column":5}}]},"54":{"type":"branch","line":270,"loc":{"start":{"line":270,"column":26},"end":{"line":276,"column":6}},"locations":[{"start":{"line":270,"column":26},"end":{"line":276,"column":6}}]},"55":{"type":"branch","line":271,"loc":{"start":{"line":271,"column":34},"end":{"line":273,"column":7}},"locations":[{"start":{"line":271,"column":34},"end":{"line":273,"column":7}}]},"56":{"type":"branch","line":278,"loc":{"start":{"line":278,"column":11},"end":{"line":278,"column":70}},"locations":[{"start":{"line":278,"column":11},"end":{"line":278,"column":70}}]},"57":{"type":"branch","line":282,"loc":{"start":{"line":282,"column":21},"end":{"line":282,"column":74}},"locations":[{"start":{"line":282,"column":21},"end":{"line":282,"column":74}}]},"58":{"type":"branch","line":289,"loc":{"start":{"line":289,"column":23},"end":{"line":289,"column":51}},"locations":[{"start":{"line":289,"column":23},"end":{"line":289,"column":51}}]},"59":{"type":"branch","line":327,"loc":{"start":{"line":327,"column":25},"end":{"line":330,"column":18}},"locations":[{"start":{"line":327,"column":25},"end":{"line":330,"column":18}}]},"60":{"type":"branch","line":341,"loc":{"start":{"line":341,"column":20},"end":{"line":363,"column":9}},"locations":[{"start":{"line":341,"column":20},"end":{"line":363,"column":9}}]},"61":{"type":"branch","line":342,"loc":{"start":{"line":342,"column":30},"end":{"line":342,"column":51}},"locations":[{"start":{"line":342,"column":30},"end":{"line":342,"column":51}}]},"62":{"type":"branch","line":342,"loc":{"start":{"line":342,"column":42},"end":{"line":342,"column":61}},"locations":[{"start":{"line":342,"column":42},"end":{"line":342,"column":61}}]},"63":{"type":"branch","line":352,"loc":{"start":{"line":352,"column":27},"end":{"line":355,"column":20}},"locations":[{"start":{"line":352,"column":27},"end":{"line":355,"column":20}}]},"64":{"type":"branch","line":374,"loc":{"start":{"line":374,"column":7},"end":{"line":1050,"column":1}},"locations":[{"start":{"line":374,"column":7},"end":{"line":1050,"column":1}}]},"65":{"type":"branch","line":401,"loc":{"start":{"line":401,"column":17},"end":{"line":401,"column":64}},"locations":[{"start":{"line":401,"column":17},"end":{"line":401,"column":64}}]},"66":{"type":"branch","line":402,"loc":{"start":{"line":402,"column":19},"end":{"line":402,"column":58}},"locations":[{"start":{"line":402,"column":19},"end":{"line":402,"column":58}}]},"67":{"type":"branch","line":408,"loc":{"start":{"line":408,"column":33},"end":{"line":408,"column":69}},"locations":[{"start":{"line":408,"column":33},"end":{"line":408,"column":69}}]},"68":{"type":"branch","line":419,"loc":{"start":{"line":419,"column":37},"end":{"line":419,"column":61}},"locations":[{"start":{"line":419,"column":37},"end":{"line":419,"column":61}}]},"69":{"type":"branch","line":605,"loc":{"start":{"line":605,"column":23},"end":{"line":606,"column":56}},"locations":[{"start":{"line":605,"column":23},"end":{"line":606,"column":56}}]},"70":{"type":"branch","line":606,"loc":{"start":{"line":606,"column":47},"end":{"line":606,"column":56}},"locations":[{"start":{"line":606,"column":47},"end":{"line":606,"column":56}}]},"71":{"type":"branch","line":606,"loc":{"start":{"line":606,"column":52},"end":{"line":607,"column":11}},"locations":[{"start":{"line":606,"column":52},"end":{"line":607,"column":11}}]},"72":{"type":"branch","line":675,"loc":{"start":{"line":675,"column":4},"end":{"line":675,"column":43}},"locations":[{"start":{"line":675,"column":4},"end":{"line":675,"column":43}}]},"73":{"type":"branch","line":837,"loc":{"start":{"line":837,"column":49},"end":{"line":837,"column":77}},"locations":[{"start":{"line":837,"column":49},"end":{"line":837,"column":77}}]},"74":{"type":"branch","line":837,"loc":{"start":{"line":837,"column":64},"end":{"line":837,"column":79}},"locations":[{"start":{"line":837,"column":64},"end":{"line":837,"c
[...]
,"column":5}},"locations":[{"start":{"line":556,"column":37},"end":{"line":573,"column":5}}]},"149":{"type":"branch","line":557,"loc":{"start":{"line":557,"column":30},"end":{"line":572,"column":5}},"locations":[{"start":{"line":557,"column":30},"end":{"line":572,"column":5}}]},"150":{"type":"branch","line":558,"loc":{"start":{"line":558,"column":52},"end":{"line":565,"column":7}},"locations":[{"start":{"line":558,"column":52},"end":{"line":565,"column":7}}]},"151":{"type":"branch","line":576,"loc":{"start":{"line":576,"column":4},"end":{"line":587,"column":6}},"locations":[{"start":{"line":576,"column":4},"end":{"line":587,"column":6}}]},"152":{"type":"branch","line":577,"loc":{"start":{"line":577,"column":30},"end":{"line":579,"column":7}},"locations":[{"start":{"line":577,"column":30},"end":{"line":579,"column":7}}]},"153":{"type":"branch","line":581,"loc":{"start":{"line":581,"column":14},"end":{"line":583,"column":9}},"locations":[{"start":{"line":581,"column":14},"end":{"line":583,"column":9}}]},"154":{"type":"branch","line":591,"loc":{"start":{"line":591,"column":46},"end":{"line":602,"column":5}},"locations":[{"start":{"line":591,"column":46},"end":{"line":602,"column":5}}]},"155":{"type":"branch","line":592,"loc":{"start":{"line":592,"column":28},"end":{"line":594,"column":5}},"locations":[{"start":{"line":592,"column":28},"end":{"line":594,"column":5}}]},"156":{"type":"branch","line":596,"loc":{"start":{"line":596,"column":12},"end":{"line":598,"column":7}},"locations":[{"start":{"line":596,"column":12},"end":{"line":598,"column":7}}]},"157":{"type":"branch","line":606,"loc":{"start":{"line":606,"column":17},"end":{"line":606,"column":47}},"locations":[{"start":{"line":606,"column":17},"end":{"line":606,"column":47}}]},"158":{"type":"branch","line":621,"loc":{"start":{"line":621,"column":12},"end":{"line":626,"column":5}},"locations":[{"start":{"line":621,"column":12},"end":{"line":626,"column":5}}]},"159":{"type":"branch","line":622,"loc":{"start":{"line":622,"column":28},"end":{"line":624,"column":5}},"locations":[{"start":{"line":622,"column":28},"end":{"line":624,"column":5}}]},"160":{"type":"branch","line":624,"loc":{"start":{"line":624,"column":4},"end":{"line":625,"column":27}},"locations":[{"start":{"line":624,"column":4},"end":{"line":625,"column":27}}]},"161":{"type":"branch","line":628,"loc":{"start":{"line":628,"column":12},"end":{"line":635,"column":5}},"locations":[{"start":{"line":628,"column":12},"end":{"line":635,"column":5}}]},"162":{"type":"branch","line":629,"loc":{"start":{"line":629,"column":25},"end":{"line":631,"column":5}},"locations":[{"start":{"line":629,"column":25},"end":{"line":631,"column":5}}]},"163":{"type":"branch","line":631,"loc":{"start":{"line":631,"column":4},"end":{"line":632,"column":59}},"locations":[{"start":{"line":631,"column":4},"end":{"line":632,"column":59}}]},"164":{"type":"branch","line":632,"loc":{"start":{"line":632,"column":59},"end":{"line":634,"column":5}},"locations":[{"start":{"line":632,"column":59},"end":{"line":634,"column":5}}]},"165":{"type":"branch","line":632,"loc":{"start":{"line":632,"column":20},"end":{"line":632,"column":56}},"locations":[{"start":{"line":632,"column":20},"end":{"line":632,"column":56}}]},"166":{"type":"branch","line":637,"loc":{"start":{"line":637,"column":12},"end":{"line":673,"column":5}},"locations":[{"start":{"line":637,"column":12},"end":{"line":673,"column":5}}]},"167":{"type":"branch","line":639,"loc":{"start":{"line":639,"column":9},"end":{"line":639,"column":47}},"locations":[{"start":{"line":639,"column":9},"end":{"line":639,"column":47}}]},"168":{"type":"branch","line":639,"loc":{"start":{"line":639,"column":47},"end":{"line":644,"column":5}},"locations":[{"start":{"line":639,"column":47},"end":{"line":644,"column":5}}]},"169":{"type":"branch","line":644,"loc":{"start":{"line":644,"column":4},"end":{"line":646,"column":51}},"locations":[{"start":{"line":644,"column":4},"end":{"line":646,"column":51}}]},"170":{"type":"branch","line":646,"loc":{"start":{"line":646,"column":32},"end":{"line":646,"column":74}},"locations":[{"start":{"line":646,"column":32},"end":{"line":646,"column":74}}]},"171":{"type":"branch","line":646,"loc":{"start":{"line":646,"column":51},"end":{"line":646,"column":79}},"locations":[{"start":{"line":646,"column":51},"end":{"line":646,"column":79}}]},"172":{"type":"branch","line":641,"loc":{"start":{"line":641,"column":13},"end":{"line":643,"column":8}},"locations":[{"start":{"line":641,"column":13},"end":{"line":643,"column":8}}]},"173":{"type":"branch","line":647,"loc":{"start":{"line":647,"column":29},"end":{"line":665,"column":6}},"locations":[{"start":{"line":647,"column":29},"end":{"line":665,"column":6}}]},"174":{"type":"branch","line":654,"loc":{"start":{"line":654,"column":23},"end":{"line":656,"column":9}},"locations":[{"start":{"line":654,"column":23},"end":{"line":656,"column":9}}]},"175":{"type":"branch","line":658,"loc":{"start":{"line":658,"column":6},"end":{"line":664,"column":7}},"locations":[{"start":{"line":658,"column":6},"end":{"line":664,"column":7}}]},"176":{"type":"branch","line":669,"loc":{"start":{"line":669,"column":11},"end":{"line":672,"column":6}},"locations":[{"start":{"line":669,"column":11},"end":{"line":672,"column":6}}]},"177":{"type":"branch","line":680,"loc":{"start":{"line":680,"column":32},"end":{"line":687,"column":5}},"locations":[{"start":{"line":680,"column":32},"end":{"line":687,"column":5}}]},"178":{"type":"branch","line":684,"loc":{"start":{"line":684,"column":26},"end":{"line":685,"column":11}},"locations":[{"start":{"line":684,"column":26},"end":{"line":685,"column":11}}]},"179":{"type":"branch","line":709,"loc":{"start":{"line":709,"column":12},"end":{"line":712,"column":5}},"locations":[{"start":{"line":709,"column":12},"end":{"line":712,"column":5}}]},"180":{"type":"branch","line":714,"loc":{"start":{"line":714,"column":36},"end":{"line":763,"column":5}},"locations":[{"start":{"line":714,"column":36},"end":{"line":763,"column":5}}]},"181":{"type":"branch","line":715,"loc":{"start":{"line":715,"column":28},"end":{"line":717,"column":5}},"locations":[{"start":{"line":715,"column":28},"end":{"line":717,"column":5}}]},"182":{"type":"branch","line":734,"loc":{"start":{"line":734,"column":27},"end":{"line":734,"column":57}},"locations":[{"start":{"line":734,"column":27},"end":{"line":734,"column":57}}]},"183":{"type":"branch","line":734,"loc":{"start":{"line":734,"column":47},"end":{"line":734,"column":65}},"locations":[{"start":{"line":734,"column":47},"end":{"line":734,"column":65}}]},"184":{"type":"branch","line":737,"loc":{"start":{"line":737,"column":38},"end":{"line":737,"column":46}},"locations":[{"start":{"line":737,"column":38},"end":{"line":737,"column":46}}]},"185":{"type":"branch","line":738,"loc":{"start":{"line":738,"column":21},"end":{"line":741,"column":7}},"locations":[{"start":{"line":738,"column":21},"end":{"line":741,"column":7}}]},"186":{"type":"branch","line":746,"loc":{"start":{"line":746,"column":26},"end":{"line":749,"column":7}},"locations":[{"start":{"line":746,"column":26},"end":{"line":749,"column":7}}]},"187":{"type":"branch","line":755,"loc":{"start":{"line":755,"column":6},"end":{"line":759,"column":7}},"locations":[{"start":{"line":755,"column":6},"end":{"line":759,"column":7}}]},"188":{"type":"branch","line":760,"loc":{"start":{"line":760,"column":4},"end":{"line":762,"column":5}},"locations":[{"start":{"line":760,"column":4},"end":{"line":762,"column":5}}]},"189":{"type":"branch","line":777,"loc":{"start":{"line":777,"column":42},"end":{"line":803,"column":5}},"locations":[{"start":{"line":777,"column":42},"end":{"line":803,"column":5}}]},"190":{"type":"branch","line":780,"loc":{"start":{"line":780,"column":56},"end":{"line":782,"column":5}},"locations":[{"start":{"line":780,"column":56},"end":{"line":782,"column":5}}]},"191":{"type":"branch","line":787,"loc":{"start":{"line":787,"column":20},"end":{"line":789,"column":5}},"locations":[{"start":{"line":787,"column":20},"end":{"line":789,"column":5}}]},"192":{"type":"branch","line":793,"loc":{"start":{"line":793,"column":23},"end":{"line":795,"column":7}},"locations":[{"start":{"line":793,"column":23},"end":{"line":795,"column":7}}]},"193":{"type":"branch","line":798,"loc":{"start":{"line":798,"column":4},"end":{"line":800,"column":6}},"locations":[{"start":{"line":798,"column":4},"end":{"line":800,"column":6}}]},"194":{"type":"branch","line":830,"loc":{"start":{"line":830,"column":21},"end":{"line":830,"column":50}},"locations":[{"start":{"line":830,"column":21},"end":{"line":830,"column":50}}]},"195":{"type":"branch","line":839,"loc":{"start":{"line":839,"column":21},"end":{"line":844,"column":14}},"locations":[{"start":{"line":839,"column":21},"end":{"line":844,"column":14}}]},"196":{"type":"branch","line":840,"loc":{"start":{"line":840,"column":39},"end":{"line":842,"column":15}},"locations":[{"start":{"line":840,"column":39},"end":{"line":842,"column":15}}]},"197":{"type":"branch","line":843,"loc":{"start":{"line":843,"column":30},"end":{"line":843,"column":45}},"locations":[{"start":{"line":843,"column":30},"end":{"line":843,"column":45}}]},"198":{"type":"branch","line":857,"loc":{"start":{"line":857,"column":25},"end":{"line":870,"column":34}},"locations":[{"start":{"line":857,"column":25},"end":{"line":870,"column":34}}]},"199":{"type":"branch","line":863,"loc":{"start":{"line":863,"column":27},"end":{"line":866,"column":20}},"locations":[{"start":{"line":863,"column":27},"end":{"line":866,"column":20}}]},"200":{"type":"branch","line":922,"loc":{"start":{"line":922,"column":23},"end":{"line":931,"column":16}},"locations":[{"start":{"line":922,"column":23},"end":{"line":931,"column":16}}]},"201":{"type":"branch","line":923,"loc":{"start":{"line":923,"column":58},"end":{"line":925,"column":17}},"locations":[{"start":{"line":923,"column":58},"end":{"line":925,"column":17}}]},"202":{"type":"branch","line":926,"loc":{"start":{"line":926,"column":33},"end":{"line":929,"column":17}},"locations":[{"start":{"line":926,"column":33},"end":{"line":929,"column":17}}]},"203":{"type":"branch","line":929,"loc":{"start":{"line":929,"column":16},"end":{"line":930,"column":53}},"locations":[{"start":{"line":929,"column":16},"end":{"line":930,"column":53}}]},"204":{"type":"branch","line":948,"loc":{"start":{"line":948,"column":23},"end":{"line":950,"column":16}},"locations":[{"start":{"line":948,"column":23},"end":{"line":950,"column":16}}]},"205":{"type":"branch","line":968,"loc":{"start":{"line":968,"column":38},"end":{"line":1028,"column":15}},"locations":[{"start":{"line":968,"column":38},"end":{"line":1028,"column":15}}]},"206":{"type":"branch","line":969,"loc":{"start":{"line":969,"column":37},"end":{"line":969,"column":61}},"locations":[{"start":{"line":969,"column":37},"end":{"line":969,"column":61}}]},"207":{"type":"branch","line":970,"loc":{"start":{"line":970,"column":83},"end":{"line":970,"column":91}},"locations":[{"start":{"line":970,"column":83},"end":{"line":970,"column":91}}]},"208":{"type":"branch","line":980,"loc":{"start":{"line":980,"column":38},"end":{"line":980,"column":75}},"locations":[{"start":{"line":980,"column":38},"end":{"line":980,"column":75}}]},"209":{"type":"branch","line":986,"loc":{"start":{"line":986,"column":25},"end":{"line":987,"column":54}},"locations":[{"start":{"line":986,"column":25},"end":{"line":987,"column":54}}]},"210":{"type":"branch","line":987,"loc":{"start":{"line":987,"column":52},"end":{"line":991,"column":48}},"locations":[{"start":{"line":987,"column":52},"end":{"line":991,"column":48}}]},"211":{"type":"branch","line":988,"loc":{"start":{"line":988,"column":28},"end":{"line":989,"column":91}},"locations":[{"start":{"line":988,"column":28},"end":{"line":989,"column":91}}]},"212":{"type":"branch","line":989,"loc":{"start":{"line":989,"column":89},"end":{"line":991,"column":48}},"locations":[{"start":{"line":989,"column":89},"end":{"line":991,"column":48}}]},"213":{"type":"branch","line":995,"loc":{"start":{"line":995,"column":23},"end":{"line":998,"column":31}},"locations":[{"start":{"line":995,"column":23},"end":{"line":998,"column":31}}]},"214":{"type":"branch","line":998,"loc":{"start":{"line":998,"column":24},"end":{"line":999,"column":31}},"locations":[{"start":{"line":998,"column":24},"end":{"line":999,"column":31}}]},"215":{"type":"branch","line":1001,"loc":{"start":{"line":1001,"column":47},"end":{"line":1024,"column":28}},"locations":[{"start":{"line":1001,"column":47},"end":{"line":1024,"column":28}}]},"216":{"type":"branch","line":1024,"loc":{"start":{"line":1024,"column":22},"end":{"line":1025,"column":29}},"locations":[{"start":{"line":1024,"column":22},"end":{"line":1025,"column":29}}]},"217":{"type":"branch","line":1003,"loc":{"start":{"line":1003,"column":46},"end":{"line":1023,"column":25}},"locations":[{"start":{"line":1003,"column":46},"end":{"line":1023,"column":25}}]},"218":{"type":"branch","line":1007,"loc":{"start":{"line":1007,"column":54},"end":{"line":1007,"column":69}},"locations":[{"start":{"line":1007,"column":54},"end":{"line":1007,"column":69}}]},"219":{"type":"branch","line":1045,"loc":{"start":{"line":1045,"column":19},"end":{"line":1045,"column":49}},"locations":[{"start":{"line":1045,"column":19},"end":{"line":1045,"column":49}}]}},"b":{"0":[28],"1":[0],"2":[0],"3":[0],"4":[0],"5":[0],"6":[0],"7":[0],"8":[0],"9":[45],"10":[1],"11":[44],"12":[15],"13":[29],"14":[348],"15":[84],"16":[40],"17":[14],"18":[334],"19":[59],"20":[275],"21":[106],"22":[169],"23":[112],"24":[0],"25":[173],"26":[0],"27":[212],"28":[104],"29":[108],"30":[4],"31":[104],"32":[59],"33":[45],"34":[248],"35":[230],"36":[34],"37":[18],"38":[212],"39":[104],"40":[16],"41":[4],"42":[0],"43":[208],"44":[4],"45":[3],"46":[1],"47":[1],"48":[3],"49":[1],"50":[3],"51":[0],"52":[1],"53":[4],"54":[1],"55":[0],"56":[4],"57":[4],"58":[5],"59":[1],"60":[5],"61":[3],"62":[2],"63":[1],"64":[240],"65":[0],"66":[0],"67":[93],"68":[231],"69":[132],"70":[0],"71":[108],"72":[9],"73":[30],"74":[210],"75":[132],"76":[108],"77":[132],"78":[108],"79":[30],"80":[132],"81":[19],"82":[113],"83":[108],"84":[231],"85":[41],"86":[199],"87":[9],"88":[231],"89":[99],"90":[132],"91":[41],"92":[91],"93":[41],"94":[199],"95":[231],"96":[132],"97":[9],"98":[231],"99":[99],"100":[132],"101":[1],"102":[239],"103":[1],"104":[239],"105":[9],"106":[231],"107":[132],"108":[99],"109":[4],"110":[65],"111":[0],"112":[64],"113":[64],"114":[3],"115":[2],"116":[0],"117":[33],"118":[31],"119":[2],"120":[0],"121":[0],"122":[2],"123":[0],"124":[0],"125":[2],"126":[2],"127":[32],"128":[32],"129":[0],"130":[32],"131":[32],"132":[3],"133":[29],"134":[3],"135":[29],"136":[0],"137":[29],"138":[182],"139":[0],"140":[0],"141":[32],"142":[3],"143":[29],"144":[3],"145":[181],"146":[0],"147":[29],"148":[66],"149":[28],"150":[45],"151":[1],"152":[0],"153":[1],"154":[1],"155":[0],"156":[1],"157":[132],"158":[32],"159":[29],"160":[3],"161":[91],"162":[64],"163":[27],"164":[0],"165":[27],"166":[61],"167":[58],"168":[36],"169":[25],"170":[0],"171":[25],"172":[36],"173":[176],"174":[0],"175":[0],"176":[25],"177":[32],"178":[31],"179":[57],"180":[1],"181":[0],"182":[0],"183":[0],"184":[0],"185":[0],"186":[0],"187":[0],"188":[0],"189":[1],"190":[0],"191":[0],"192":[0],"193":[0],"194":[4],"195":[27],"196":[0],"197":[27],"198":[26],"199":[25],"200":[40],"201":[0],"202":[18],"203":[22],"204":[1],"205":[230],"206":[34],"207":[108],"208":[18],"209":[6],"210":[224],"211":[103],"212":[121],"213":[18],"214":[212],"215":[122],"216":[108],"217":[348],"218":[0],"219":[3]},"fnMap":{"0":{"name":"formatPlanLabel","decl":{"start":{"line":142,"column":0},"end":{"line":158,"column":1}},"loc":{"start":{"line":142,"column":0},"end":{"line":158,"column":1}},"line":142},"1":{"name":"mapForgeItemStatus","decl":{"start":{"line":160,"column":0},"end":{"line":169,"column":1}},"loc":{"start":{"line":160,"column":0},"end":{"line":169,"column":1}},"line":160},"2":{"name":"mapForgePhaseChipState","decl":{"start":{"line":171,"column":0},"end":{"line":188,"column":1}},"loc":{"start":{"line":171,"column":0},"end":{"line":188,"column":1}},"line":171},"3":{"name":"allTaskPhasesCompleted","decl":{"start":{"line":190,"column":0},"end":{"line":206,"column":1}},"loc":{"start":{"line":190,"column":0},"end":{"line":206,"column":1}},"line":190},"4":{"name":"deriveStatusFromTaskPhases","decl":{"start":{"line":208,"column":0},"end":{"line":223,"column":1}},"loc":{"start":{"line":208,"column":0},"end":{"line":223,"column":1}},"line":208},"5":{"name":"resolveForgeTaskRowStatus","decl":{"start":{"line":225,"column":0},"end":{"line":252,"column":1}},"loc":{"start":{"line":225,"column":0},"end":{"line":252,"column":1}},"line":225},"6":{"name":"ForgeTemplatesModal","decl":{"start":{"line":254,"column":0},"end":{"line":372,"column":1}},"loc":{"start":{"line":254,"column":0},"end":{"line":372,"column":1}},"line":254},"7":{"name":"handleKeyDown","decl":{"start":{"line":270,"column":26},"end":{"line":276,"column":6}},"loc":{"start":{"line":270,"column":26},"end":{"line":276,"column":6}},"line":270},"8":{"name":"onClick","decl":{"start":{"line":318,"column":25},"end":{"line":320,"column":18}},"loc":{"start":{"line":318,"column":25},"end":{"line":320,"column":18}},"line":318},"9":{"name":"onClick","decl":{"start":{"line":327,"column":25},"end":{"line":330,"column":18}},"loc":{"start":{"line":327,"column":25},"end":{"line":330,"column":18}},"line":327},"10":{"name":"onClick","decl":{"start":{"line":352,"column":27},"end":{"line":355,"column":20}},"loc":{"start":{"line":352,"column":27},"end":{"line":355,"column":20}},"line":352},"11":{"name":"Forge","decl":{"start":{"line":374,"column":7},"end":{"line":1050,"column":1}},"loc":{"start":{"line":374,"column":7},"end":{"line":1050,"column":1}},"line":374},"12":{"name":"loadPlans","decl":{"start":{"line":541,"column":22},"end":{"line":546,"column":6}},"loc":{"start":{"line":541,"column":22},"end":{"line":546,"column":6}},"line":541},"13":{"name":"onClose","decl":{"start":{"line":618,"column":13},"end":{"line":618,"column":42}},"loc":{"start":{"line":618,"column":13},"end":{"line":618,"column":42}},"line":618},"14":{"name":"installedTemplateId","decl":{"start":{"line":641,"column":13},"end":{"line":643,"column":8}},"loc":{"start":{"line":641,"column":13},"end":{"line":643,"column":8}},"line":641},"15":{"name":"refreshPhaseView","decl":{"start":{"line":647,"column":29},"end":{"line":665,"column":6}},"loc":{"start":{"line":647,"column":29},"end":{"line":665,"column":6}},"line":647},"16":{"name":"onClick","decl":{"start":{"line":830,"column":21},"end":{"line":830,"column":50}},"loc":{"start":{"line":830,"column":21},"end":{"line":830,"column":50}},"line":830},"17":{"name":"onClick","decl":{"start":{"line":839,"column":21},"end":{"line":844,"column":14}},"loc":{"start":{"line":839,"column":21},"end":{"line":844,"column":14}},"line":839},"18":{"name":"onClick","decl":{"start":{"line":863,"column":27},"end":{"line":866,"column":20}},"loc":{"start":{"line":863,"column":27},"end":{"line":866,"column":20}},"line":863},"19":{"name":"onClick","decl":{"start":{"line":874,"column":25},"end":{"line":877,"column":18}},"loc":{"start":{"line":874,"column":25},"end":{"line":877,"column":18}},"line":874},"20":{"name":"onClick","decl":{"start":{"line":922,"column":23},"end":{"line":931,"column":16}},"loc":{"start":{"line":922,"column":23},"end":{"line":931,"column":16}},"line":922},"21":{"name":"onClick","decl":{"start":{"line":948,"column":23},"end":{"line":950,"column":16}},"loc":{"start":{"line":948,"column":23},"end":{"line":950,"column":16}},"line":948},"22":{"name":"onClose","decl":{"start":{"line":1045,"column":19},"end":{"line":1045,"column":49}},"loc":{"start":{"line":1045,"column":19},"end":{"line":1045,"column":49}},"line":1045}},"f":{"0":28,"1":45,"2":348,"3":112,"4":212,"5":230,"6":4,"7":1,"8":0,"9":1,"10":1,"11":240,"12":181,"13":0,"14":36,"15":176,"16":4,"17":27,"18":25,"19":0,"20":40,"21":1,"22":3}}
}
