{"/Users/lstern/projects/forge/src/features/forge/components/Forge.tsx": {"path":"/Users/lstern/projects/forge/src/features/forge/components/Forge.tsx","all":false,"statementMap":{"0":{"start":{"line":1,"column":0},"end":{"line":1,"column":70}},"1":{"start":{"line":2,"column":0},"end":{"line":2,"column":67}},"2":{"start":{"line":3,"column":0},"end":{"line":3,"column":56}},"3":{"start":{"line":4,"column":0},"end":{"line":4,"column":56}},"4":{"start":{"line":5,"column":0},"end":{"line":5,"column":63}},"5":{"start":{"line":6,"column":0},"end":{"line":6,"column":73}},"6":{"start":{"line":7,"column":0},"end":{"line":7,"column":54}},"7":{"start":{"line":8,"column":0},"end":{"line":8,"column":52}},"8":{"start":{"line":9,"column":0},"end":{"line":9,"column":74}},"10":{"start":{"line":11,"column":0},"end":{"line":11,"column":77}},"11":{"start":{"line":12,"column":0},"end":{"line":12,"column":8}},"15":{"start":{"line":16,"column":0},"end":{"line":16,"column":72}},"16":{"start":{"line":17,"column":0},"end":{"line":17,"column":8}},"31":{"start":{"line":32,"column":0},"end":{"line":32,"column":8}},"44":{"start":{"line":45,"column":0},"end":{"line":45,"column":63}},"45":{"start":{"line":46,"column":0},"end":{"line":46,"column":70}},"97":{"start":{"line":98,"column":0},"end":{"line":98,"column":59}},"98":{"start":{"line":99,"column":0},"end":{"line":99,"column":50}},"99":{"start":{"line":100,"column":0},"end":{"line":100,"column":50}},"100":{"start":{"line":101,"column":0},"end":{"line":101,"column":40}},"101":{"start":{"line":102,"column":0},"end":{"line":102,"column":44}},"102":{"start":{"line":103,"column":0},"end":{"line":103,"column":2}},"104":{"start":{"line":105,"column":0},"end":{"line":105,"column":51}},"105":{"start":{"line":106,"column":0},"end":{"line":106,"column":28}},"106":{"start":{"line":107,"column":0},"end":{"line":107,"column":36}},"107":{"start":{"line":108,"column":0},"end":{"line":108,"column":36}},"108":{"start":{"line":109,"column":0},"end":{"line":109,"column":42}},"109":{"start":{"line":110,"column":0},"end":{"line":110,"column":54}},"110":{"start":{"line":111,"column":0},"end":{"line":111,"column":46}},"111":{"start":{"line":112,"column":0},"end":{"line":112,"column":38}},"112":{"start":{"line":113,"column":0},"end":{"line":113,"column":38}},"113":{"start":{"line":114,"column":0},"end":{"line":114,"column":16}},"114":{"start":{"line":115,"column":0},"end":{"line":115,"column":19}},"115":{"start":{"line":116,"column":0},"end":{"line":116,"column":14}},"116":{"start":{"line":117,"column":0},"end":{"line":117,"column":18}},"117":{"start":{"line":118,"column":0},"end":{"line":118,"column":2}},"133":{"start":{"line":134,"column":0},"end":{"line":134,"column":42}},"134":{"start":{"line":135,"column":0},"end":{"line":135,"column":13}},"135":{"start":{"line":136,"column":0},"end":{"line":136,"column":30}},"136":{"start":{"line":137,"column":0},"end":{"line":137,"column":2}},"140":{"start":{"line":141,"column":0},"end":{"line":141,"column":60}},"141":{"start":{"line":142,"column":0},"end":{"line":142,"column":41}},"142":{"start":{"line":143,"column":0},"end":{"line":143,"column":39}},"143":{"start":{"line":144,"column":0},"end":{"line":144,"column":35}},"144":{"start":{"line":145,"column":0},"end":{"line":145,"column":20}},"145":{"start":{"line":146,"column":0},"end":{"line":146,"column":30}},"146":{"start":{"line":147,"column":0},"end":{"line":147,"column":3}},"147":{"start":{"line":148,"column":0},"end":{"line":148,"column":14}},"148":{"start":{"line":149,"column":0},"end":{"line":149,"column":17}},"149":{"start":{"line":150,"column":0},"end":{"line":150,"column":3}},"150":{"start":{"line":151,"column":0},"end":{"line":151,"column":19}},"151":{"start":{"line":152,"column":0},"end":{"line":152,"column":66}},"152":{"start":{"line":153,"column":0},"end":{"line":153,"column":24}},"153":{"start":{"line":154,"column":0},"end":{"line":154,"column":34}},"154":{"start":{"line":155,"column":0},"end":{"line":155,"column":3}},"155":{"start":{"line":156,"column":0},"end":{"line":156,"column":44}},"156":{"start":{"line":157,"column":0},"end":{"line":157,"column":1}},"158":{"start":{"line":159,"column":0},"end":{"line":159,"column":62}},"159":{"start":{"line":160,"column":0},"end":{"line":160,"column":49}},"160":{"start":{"line":161,"column":0},"end":{"line":161,"column":35}},"161":{"start":{"line":162,"column":0},"end":{"line":162,"column":23}},"162":{"start":{"line":163,"column":0},"end":{"line":163,"column":3}},"163":{"start":{"line":164,"column":0},"end":{"line":164,"column":37}},"164":{"start":{"line":165,"column":0},"end":{"line":165,"column":24}},"165":{"start":{"line":166,"column":0},"end":{"line":166,"column":3}},"166":{"start":{"line":167,"column":0},"end":{"line":167,"column":19}},"167":{"start":{"line":168,"column":0},"end":{"line":168,"column":1}},"169":{"start":{"line":170,"column":0},"end":{"line":170,"column":32}},"170":{"start":{"line":171,"column":0},"end":{"line":171,"column":17}},"171":{"start":{"line":172,"column":0},"end":{"line":172,"column":18}},"172":{"start":{"line":173,"column":0},"end":{"line":173,"column":36}},"173":{"start":{"line":174,"column":0},"end":{"line":174,"column":58}},"174":{"start":{"line":175,"column":0},"end":{"line":175,"column":24}},"175":{"start":{"line":176,"column":0},"end":{"line":176,"column":60}},"176":{"start":{"line":177,"column":0},"end":{"line":177,"column":74}},"177":{"start":{"line":178,"column":0},"end":{"line":178,"column":24}},"178":{"start":{"line":179,"column":0},"end":{"line":179,"column":3}},"179":{"start":{"line":180,"column":0},"end":{"line":180,"column":43}},"180":{"start":{"line":181,"column":0},"end":{"line":181,"column":24}},"181":{"start":{"line":182,"column":0},"end":{"line":182,"column":3}},"182":{"start":{"line":183,"column":0},"end":{"line":183,"column":41}},"183":{"start":{"line":184,"column":0},"end":{"line":184,"column":25}},"184":{"start":{"line":185,"column":0},"end":{"line":185,"column":3}},"185":{"start":{"line":186,"column":0},"end":{"line":186,"column":22}},"186":{"start":{"line":187,"column":0},"end":{"line":187,"column":1}},"188":{"start":{"line":189,"column":0},"end":{"line":189,"column":30}},"189":{"start":{"line":190,"column":0},"end":{"line":190,"column":12}},"190":{"start":{"line":191,"column":0},"end":{"line":191,"column":20}},"191":{"start":{"line":192,"column":0},"end":{"line":192,"column":12}},"192":{"start":{"line":193,"column":0},"end":{"line":193,"column":20}},"193":{"start":{"line":194,"column":0},"end":{"line":194,"column":22}},"194":{"start":{"line":195,"column":0},"end":{"line":195,"column":10}},"195":{"start":{"line":196,"column":0},"end":{"line":196,"column":4}},"202":{"start":{"line":203,"column":0},"end":{"line":203,"column":4}},"203":{"start":{"line":204,"column":0},"end":{"line":204,"column":19}},"204":{"start":{"line":205,"column":0},"end":{"line":205,"column":53}},"205":{"start":{"line":206,"column":0},"end":{"line":206,"column":35}},"206":{"start":{"line":207,"column":0},"end":{"line":207,"column":15}},"207":{"start":{"line":208,"column":0},"end":{"line":208,"column":7}},"208":{"start":{"line":209,"column":0},"end":{"line":209,"column":29}},"209":{"start":{"line":210,"column":0},"end":{"line":210,"column":16}},"210":{"start":{"line":211,"column":0},"end":{"line":211,"column":6}},"211":{"start":{"line":212,"column":0},"end":{"line":212,"column":54}},"212":{"start":{"line":213,"column":0},"end":{"line":213,"column":70}},"213":{"start":{"line":214,"column":0},"end":{"line":214,"column":16}},"215":{"start":{"line":216,"column":0},"end":{"line":216,"column":37}},"216":{"start":{"line":217,"column":0},"end":{"line":217,"column":80}},"217":{"start":{"line":218,"column":0},"end":{"line":218,"column":50}},"218":{"start":{"line":219,"column":0},"end":{"line":219,"column":53}},"219":{"start":{"line":220,"column":0},"end":{"line":220,"column":60}},"220":{"start":{"line":221,"column":0},"end":{"line":221,"column":7}},"221":{"start":{"line":222,"column":0},"end":{"line":222,"column":11}},"222":{"start":{"line":223,"column":0},"end":{"line":223,"column":26}},"223":{"start":{"line":224,"column":0},"end":{"line":224,"column":52}},"224":{"start":{"line":225,"column":0},"end":{"line":225,"column":16}},"226":{"start":{"line":227,"column":0},"end":{"line":227,"column":10}},"227":{"start":{"line":228,"column":0},"end":{"line":228,"column":15}},"228":{"start":{"line":229,"column":0},"end":{"line":229,"column":39}},"229":{"start":{"line":230,"column":0},"end":{"line":230,"column":31}},"230":{"start":{"line":231,"column":0},"end":{"line":231,"column":33}},"232":{"start":{"line":233,"column":0},"end":{"line":233,"column":75}},"233":{"start":{"line":234,"column":0},"end":{"line":234,"column":66}},"235":{"start":{"line":236,"column":0},"end":{"line":236,"column":12}},"236":{"start":{"line":237,"column":0},"end":{"line":237,"column":42}},"237":{"start":{"line":238,"column":0},"end":{"line":238,"column":56}},"238":{"start":{"line":239,"column":0},"end":{"line":239,"column":22}},"239":{"start":{"line":240,"column":0},"end":{"line":240,"column":62}},"240":{"start":{"line":241,"column":0},"end":{"line":241,"column":49}},"241":{"start":{"line":242,"column":0},"end":{"line":242,"column":74}},"242":{"start":{"line":243,"column":0},"end":{"line":243,"column":51}},"243":{"start":{"line":244,"column":0},"end":{"line":244,"column":77}},"244":{"start":{"line":245,"column":0},"end":{"line":245,"column":20}},"245":{"start":{"line":246,"column":0},"end":{"line":246,"column":18}},"246":{"start":{"line":247,"column":0},"end":{"line":247,"column":52}},"247":{"start":{"line":248,"column":0},"end":{"line":248,"column":21}},"248":{"start":{"line":249,"column":0},"end":{"line":249,"column":29}},"249":{"start":{"line":250,"column":0},"end":{"line":250,"column":53}},"250":{"start":{"line":251,"column":0},"end":{"line":251,"column":42}},"251":{"start":{"line":252,"column":0},"end":{"line":252,"column":37}},"252":{"start":{"line":253,"column":0},"end":{"line":253,"column":32}},"254":{"start":{"line":255,"column":0},"end":{"line":255,"column":18}},"256":{"start":{"line":257,"column":0},"end":{"line":257,"column":38}},"257":{"start":{"line":258,"column":0},"end":{"line":258,"column":23}},"258":{"start":{"line":259,"column":0},"end":{"line":259,"column":21}},"259":{"start":{"line":260,"column":0},"end":{"line":260,"column":29}},"260":{"start":{"line":261,"column":0},"end":{"line":261,"column":55}},"261":{"start":{"line":262,"column":0},"end":{"line":262,"column":32}},"262":{"start":{"line":263,"column":0},"end":{"line":263,"column":40}},"263":{"start":{"line":264,"column":0},"end":{"line":264,"column":28}},"264":{"start":{"line":265,"column":0},"end":{"line":265,"column":18}},"265":{"start":{"line":266,"column":0},"end":{"line":266,"column":37}},"266":{"start":{"line":267,"column":0},"end":{"line":267,"column":15}},"268":{"start":{"line":269,"column":0},"end":{"line":269,"column":23}},"269":{"start":{"line":270,"column":0},"end":{"line":270,"column":18}},"270":{"start":{"line":271,"column":0},"end":{"line":271,"column":16}},"272":{"start":{"line":273,"column":0},"end":{"line":273,"column":76}},"275":{"start":{"line":276,"column":0},"end":{"line":276,"column":35}},"276":{"start":{"line":277,"column":0},"end":{"line":277,"column":61}},"277":{"start":{"line":278,"column":0},"end":{"line":278,"column":18}},"278":{"start":{"line":279,"column":0},"end":{"line":279,"column":82}},"279":{"start":{"line":280,"column":0},"end":{"line":280,"column":51}},"280":{"start":{"line":281,"column":0},"end":{"line":281,"column":75}},"281":{"start":{"line":282,"column":0},"end":{"line":282,"column":20}},"282":{"start":{"line":283,"column":0},"end":{"line":283,"column":54}},"283":{"start":{"line":284,"column":0},"end":{"line":284,"column":23}},"284":{"start":{"line":285,"column":0},"end":{"line":285,"column":31}},"285":{"start":{"line":286,"column":0},"end":{"line":286,"column":57}},"286":{"start":{"line":287,"column":0},"end":{"line":287,"column":34}},"287":{"start":{"line":288,"column":0},"end":{"line":288,"column":51}},"288":{"start":{"line":289,"column":0},"end":{"line":289,"column":30}},"289":{"start":{"line":290,"column":0},"end":{"line":290,"column":20}},"290":{"start":{"line":291,"column":0},"end":{"line":291,"column":39}},"292":{"start":{"line":293,"column":0},"end":{"line":293,"column":31}},"293":{"start":{"line":294,"column":0},"end":{"line":294,"column":25}},"294":{"start":{"line":295,"column":0},"end":{"line":295,"column":20}},"295":{"start":{"line":296,"column":0},"end":{"line":296,"column":18}},"297":{"start":{"line":298,"column":0},"end":{"line":298,"column":11}},"298":{"start":{"line":299,"column":0},"end":{"line":299,"column":12}},"299":{"start":{"line":300,"column":0},"end":{"line":300,"column":64}},"300":{"start":{"line":301,"column":0},"end":{"line":301,"column":82}},"302":{"start":{"line":303,"column":0},"end":{"line":303,"column":17}},"303":{"start":{"line":304,"column":0},"end":{"line":304,"column":12}},"304":{"start":{"line":305,"column":0},"end":{"line":305,"column":17}},"306":{"start":{"line":307,"column":0},"end":{"line":307,"column":1}},"308":{"start":{"line":309,"column":0},"end":{"line":309,"column":23}},"309":{"start":{"line":310,"column":0},"end":{"line":310,"column":20}},"310":{"start":{"line":311,"column":0},"end":{"line":311,"column":25}},"311":{"start":{"line":312,"column":0},"end":{"line":312,"column":26}},"312":{"start":{"line":313,"column":0},"end":{"line":313,"column":18}},"313":{"start":{"line":314,"column":0},"end":{"line":314,"column":14}},"314":{"start":{"line":315,"column":0},"end":{"line":315,"column":17}},"315":{"start":{"line":316,"column":0},"end":{"line":316,"column":26}},"316":{"start":{"line":317,"column":0},"end":{"line":317,"column":28}},"317":{"start":{"line":318,"column":0},"end":{"line":318,"column":4}},"334":{"start":{"line":335,"column":0},"end":{"line":335,"column":4}},"335":{"start":{"line":336,"column":0},"end":{"line":336,"column":64}},"336":{"start":{"line":337,"column":0},"end":{"line":337,"column":58}},"337":{"start":{"line":338,"column":0},"end":{"line":338,"column":59}},"338":{"start":{"line":339,"column":0},"end":{"line":339,"column":59}},"339":{"start":{"line":340,"column":0},"end":{"line":340,"column":49}},"340":{"start":{"line":341,"column":0},"end":{"line":341,"column":53}},"341":{"start":{"line":342,"column":0},"end":{"line":342,"column":39}},"342":{"start":{"line":343,"column":0},"end":{"line":343,"column":69}},"343":{"start":{"line":344,"column":0},"end":{"line":344,"column":47}},"344":{"start":{"line":345,"column":0},"end":{"line":345,"column":53}},"345":{"start":{"line":346,"column":0},"end":{"line":346,"column":65}},"346":{"start":{"line":347,"column":0},"end":{"line":347,"column":57}},"347":{"start":{"line":348,"column":0},"end":{"line":348,"column":49}},"348":{"start":{"line":349,"column":0},"end":{"line":349,"column":49}},"349":{"start":{"line":350,"column":0},"end":{"line":350,"column":51}},"350":{"start":{"line":351,"column":0},"end":{"line":351,"column":58}},"351":{"start":{"line":352,"column":0},"end":{"line":352,"column":50}},"352":{"start":{"line":353,"column":0},"end":{"line":353,"column":63}},"353":{"start":{"line":354,"column":0},"end":{"line":354,"column":64}},"355":{"start":{"line":356,"column":0},"end":{"line":356,"column":44}},"356":{"start":{"line":357,"column":0},"end":{"line":357,"column":25}},"357":{"start":{"line":358,"column":0},"end":{"line":358,"column":53}},"358":{"start":{"line":359,"column":0},"end":{"line":359,"column":24}},"359":{"start":{"line":360,"column":0},"end":{"line":360,"column":20}},"360":{"start":{"line":361,"column":0},"end":{"line":361,"column":7}},"361":{"start":{"line":362,"column":0},"end":{"line":362,"column":14}},"362":{"start":{"line":363,"column":0},"end":{"line":363,"column":32}},"363":{"start":{"line":364,"column":0},"end":{"line":364,"column":64}},"364":{"start":{"line":365,"column":0},"end":{"line":365,"column":12}},"365":{"start":{"line":366,"column":0},"end":{"line":366,"column":32}},"366":{"start":{"line":367,"column":0},"end":{"line":367,"column":79}},"367":{"start":{"line":368,"column":0},"end":{"line":368,"column":12}},"368":{"start":{"line":369,"column":0},"end":{"line":369,"column":12}},"370":{"start":{"line":371,"column":0},"end":{"line":371,"column":6}},"371":{"start":{"line":372,"column":0},"end":{"line":372,"column":25}},"372":{"start":{"line":373,"column":0},"end":{"line":373,"column":4}},"374":{"start":{"line":375,"column":0},"end":{"line":375,"column":55}},"375":{"start":{"line":376,"column":0},"end":{"line":376,"column":47}},"376":{"start":{"line":377,"column":0},"end":{"line":377,"column":18}},"377":{"start":{"line":378,"column":0},"end":{"line":378,"column":20}},"378":{"start":{"line":379,"column":0},"end":{"line":379,"column":7}},"379":{"start":{"line":380,"column":0},"end":{"line":380,"column":45}},"380":{"start":{"line":381,"column":0},"end":{"line":381,"column":23}},"381":{"start":{"line":382,"column":0},"end":{"line":382,"column":20}},"382":{"start":{"line":383,"column":0},"end":{"line":383,"column":7}},"383":{"start":{"line":384,"column":0},"end":{"line":384,"column":51}},"384":{"start":{"line":385,"column":0},"end":{"line":385,"column":24}},"387":{"start":{"line":388,"column":0},"end":{"line":388,"column":20}},"388":{"start":{"line":389,"column":0},"end":{"line":389,"column":7}},"389":{"start":{"line":390,"column":0},"end":{"line":390,"column":49}},"390":{"start":{"line":391,"column":0},"end":{"line":391,"column":67}},"391":{"start":{"line":392,"column":0},"end":{"line":392,"column":26}},"392":{"start":{"line":393,"column":0},"end":{"line":393,"column":8}},"393":{"start":{"line":394,"column":0},"end":{"line":394,"column":42}},"394":{"start":{"line":395,"column":0},"end":{"line":395,"column":57}},"395":{"start":{"line":396,"column":0},"end":{"line":396,"column":7}},"396":{"start":{"line":397,"column":0},"end":{"line":397,"column":43}},"397":{"start":{"line":398,"column":0},"end":{"line":398,"column":6}},"398":{"start":{"line":399,"column":0},"end":{"line":399,"column":7}},"399":{"start":{"line":400,"column":0},"end":{"line":400,"column":4}},"401":{"start":{"line":402,"column":0},"end":{"line":402,"column":77}},"402":{"start":{"line":403,"column":0},"end":{"line":403,"column":93}},"403":{"start":{"line":404,"column":0},"end":{"line":404,"column":81}},"404":{"start":{"line":405,"column":0},"end":{"line":405,"column":72}},"405":{"start":{"line":406,"column":0},"end":{"line":406,"column":41}},"407":{"start":{"line":408,"column":0},"end":{"line":408,"column":19}},"408":{"start":{"line":409,"column":0},"end":{"line":409,"column":26}},"409":{"start":{"line":410,"column":0},"end":{"line":410,"column":31}},"410":{"start":{"line":411,"column":0},"end":{"line":411,"column":24}},"411":{"start":{"line":412,"column":0},"end":{"line":412,"column":24}},"412":{"start":{"line":413,"column":0},"end":{"line":413,"column":17}},"413":{"start":{"line":414,"column":0},"end":{"line":414,"column":9}},"414":{"start":{"line":415,"column":0},"end":{"line":415,"column":28}},"415":{"start":{"line":416,"column":0},"end":{"line":416,"column":8}},"416":{"start":{"line":417,"column":0},"end":{"line":417,"column":25}},"417":{"start":{"line":418,"column":0},"end":{"line":418,"column":67}},"418":{"start":{"line":419,"column":0},"end":{"line":419,"column":9}},"419":{"start":{"line":420,"column":0},"end":{"line":420,"column":18}},"420":{"start":{"line":421,"column":0},"end":{"line":421,"column":23}},"421":{"start":{"line":422,"column":0},"end":{"line":422,"column":6}},"422":{"start":{"line":423,"column":0},"end":{"line":423,"column":29}},"424":{"start":{"line":425,"column":0},"end":{"line":425,"column":19}},"425":{"start":{"line":426,"column":0},"end":{"line":426,"column":26}},"426":{"start":{"line":427,"column":0},"end":{"line":427,"column":29}},"427":{"start":{"line":428,"column":0},"end":{"line":428,"column":33}},"428":{"start":{"line":429,"column":0},"end":{"line":429,"column":28}},"429":{"start":{"line":430,"column":0},"end":{"line":430,"column":20}},"430":{"start":{"line":431,"column":0},"end":{"line":431,"column":25}},"431":{"start":{"line":432,"column":0},"end":{"line":432,"column":8}},"432":{"start":{"line":433,"column":0},"end":{"line":433,"column":5}},"433":{"start":{"line":434,"column":0},"end":{"line":434,"column":48}},"434":{"start":{"line":435,"column":0},"end":{"line":435,"column":28}},"435":{"start":{"line":436,"column":0},"end":{"line":436,"column":24}},"436":{"start":{"line":437,"column":0},"end":{"line":437,"column":17}},"437":{"start":{"line":438,"column":0},"end":{"line":438,"column":9}},"438":{"start":{"line":439,"column":0},"end":{"line":439,"column":40}},"439":{"start":{"line":440,"column":0},"end":{"line":440,"column":8}},"440":{"start":{"line":441,"column":0},"end":{"line":441,"column":25}},"441":{"start":{"line":442,"column":0},"end":{"line":442,"column":76}},"442":{"start":{"line":443,"column":0},"end":{"line":443,"column":9}},"443":{"start":{"line":444,"column":0},"end":{"line":444,"column":18}},"444":{"start":{"line":445,"column":0},"end":{"line":445,"column":23}},"445":{"start":{"line":446,"column":0},"end":{"line":446,"column":6}},"446":{"start":{"line":447,"column":0},"end":{"line":447,"column":48}},"448":{"start":{"line":449,"column":0},"end":{"line":449,"column":35}},"449":{"start":{"line":450,"column":0},"end":{"line":450,"column":36}},"450":{"start":{"line":451,"column":0},"end":{"line":451,"column":37}},"451":{"start":{"line":452,"column":0},"end":{"line":452,"column":15}},"452":{"start":{"line":453,"column":0},"end":{"line":453,"column":7}},"453":{"start":{"line":454,"column":0},"end":{"line":454,"column":38}},"454":{"start":{"line":455,"column":0},"end":{"line":455,"column":11}},"455":{"start":{"line":456,"column":0},"end":{"line":456,"column":50}},"456":{"start":{"line":457,"column":0},"end":{"line":457,"column":32}},"457":{"start":{"line":458,"column":0},"end":{"line":458,"column":23}},"458":{"start":{"line":459,"column":0},"end":{"line":459,"column":63}},"459":{"start":{"line":460,"column":0},"end":{"line":460,"column":17}},"460":{"start":{"line":461,"column":0},"end":{"line":461,"column":41}},"461":{"start":{"line":462,"column":0},"end":{"line":462,"column":7}},"462":{"start":{"line":463,"column":0},"end":{"line":463,"column":6}},"463":{"start":{"line":464,"column":0},"end":{"line":464,"column":16}},"464":{"start":{"line":465,"column":0},"end":{"line":465,"column":4}},"466":{"start":{"line":467,"column":0},"end":{"line":467,"column":19}},"467":{"start":{"line":468,"column":0},"end":{"line":468,"column":26}},"468":{"start":{"line":469,"column":0},"end":{"line":469,"column":29}},"469":{"start":{"line":470,"column":0},"end":{"line":470,"column":28}},"470":{"start":{"line":471,"column":0},"end":{"line":471,"column":20}},"471":{"start":{"line":472,"column":0},"end":{"line":472,"column":25}},"472":{"start":{"line":473,"column":0},"end":{"line":473,"column":8}},"473":{"start":{"line":474,"column":0},"end":{"line":474,"column":5}},"475":{"start":{"line":476,"column":0},"end":{"line":476,"column":35}},"476":{"start":{"line":477,"column":0},"end":{"line":477,"column":22}},"477":{"start":{"line":478,"column":0},"end":{"line":478,"column":15}},"478":{"start":{"line":479,"column":0},"end":{"line":479,"column":7}},"479":{"start":{"line":480,"column":0},"end":{"line":480,"column":44}},"480":{"start":{"line":481,"column":0},"end":{"line":481,"column":6}},"482":{"start":{"line":483,"column":0},"end":{"line":483,"column":21}},"483":{"start":{"line":484,"column":0},"end":{"line":484,"column":57}},"484":{"start":{"line":485,"column":0},"end":{"line":485,"column":18}},"485":{"start":{"line":486,"column":0},"end":{"line":486,"column":23}},"486":{"start":{"line":487,"column":0},"end":{"line":487,"column":37}},"487":{"start":{"line":488,"column":0},"end":{"line":488,"column":6}},"488":{"start":{"line":489,"column":0},"end":{"line":489,"column":40}},"490":{"start":{"line":491,"column":0},"end":{"line":491,"column":44}},"491":{"start":{"line":492,"column":0},"end":{"line":492,"column":41}},"492":{"start":{"line":493,"column":0},"end":{"line":493,"column":63}},"493":{"start":{"line":494,"column":0},"end":{"line":494,"column":55}},"494":{"start":{"line":495,"column":0},"end":{"line":495,"column":16}},"495":{"start":{"line":496,"column":0},"end":{"line":496,"column":22}},"496":{"start":{"line":497,"column":0},"end":{"line":497,"column":27}},"497":{"start":{"line":498,"column":0},"end":{"line":498,"column":17}},"498":{"start":{"line":499,"column":0},"end":{"line":499,"column":10}},"499":{"start":{"line":500,"column":0},"end":{"line":500,"column":9}},"501":{"start":{"line":502,"column":0},"end":{"line":502,"column":14}},"502":{"start":{"line":503,"column":0},"end":{"line":503,"column":20}},"503":{"start":{"line":504,"column":0},"end":{"line":504,"column":36}},"504":{"start":{"line":505,"column":0},"end":{"line":505,"column":14}},"505":{"start":{"line":506,"column":0},"end":{"line":506,"column":8}},"506":{"start":{"line":507,"column":0},"end":{"line":507,"column":7}},"507":{"start":{"line":508,"column":0},"end":{"line":508,"column":23}},"509":{"start":{"line":510,"column":0},"end":{"line":510,"column":44}},"510":{"start":{"line":511,"column":0},"end":{"line":511,"column":29}},"511":{"start":{"line":512,"column":0},"end":{"line":512,"column":31}},"512":{"start":{"line":513,"column":0},"end":{"line":513,"column":15}},"513":{"start":{"line":514,"column":0},"end":{"line":514,"column":7}},"514":{"start":{"line":515,"column":0},"end":{"line":515,"column":57}},"515":{"start":{"line":516,"column":0},"end":{"line":516,"column":25}},"516":{"start":{"line":517,"column":0},"end":{"line":517,"column":37}},"517":{"start":{"line":518,"column":0},"end":{"line":518,"column":10}},"518":{"start":{"line":519,"column":0},"end":{"line":519,"column":27}},"519":{"start":{"line":520,"column":0},"end":{"line":520,"column":71}},"520":{"start":{"line":521,"column":0},"end":{"line":521,"column":11}},"521":{"start":{"line":522,"column":0},"end":{"line":522,"column":6}},"522":{"start":{"line":523,"column":0},"end":{"line":523,"column":41}},"523":{"start":{"line":524,"column":0},"end":{"line":524,"column":4}},"525":{"start":{"line":526,"column":0},"end":{"line":526,"column":53}},"526":{"start":{"line":527,"column":0},"end":{"line":527,"column":29}},"527":{"start":{"line":528,"column":0},"end":{"line":528,"column":13}},"528":{"start":{"line":529,"column":0},"end":{"line":529,"column":5}},"529":{"start":{"line":530,"column":0},"end":{"line":530,"column":45}},"530":{"start":{"line":531,"column":0},"end":{"line":531,"column":19}},"531":{"start":{"line":532,"column":0},"end":{"line":532,"column":35}},"532":{"start":{"line":533,"column":0},"end":{"line":533,"column":8}},"533":{"start":{"line":534,"column":0},"end":{"line":534,"column":25}},"534":{"start":{"line":535,"column":0},"end":{"line":535,"column":71}},"535":{"start":{"line":536,"column":0},"end":{"line":536,"column":9}},"536":{"start":{"line":537,"column":0},"end":{"line":537,"column":45}},"538":{"start":{"line":539,"column":0},"end":{"line":539,"column":76}},"539":{"start":{"line":540,"column":0},"end":{"line":540,"column":37}},"540":{"start":{"line":541,"column":0},"end":{"line":541,"column":56}},"541":{"start":{"line":542,"column":0},"end":{"line":542,"column":11}},"542":{"start":{"line":543,"column":0},"end":{"line":543,"column":79}},"544":{"start":{"line":545,"column":0},"end":{"line":545,"column":58}},"545":{"start":{"line":546,"column":0},"end":{"line":546,"column":58}},"547":{"start":{"line":548,"column":0},"end":{"line":548,"column":60}},"549":{"start":{"line":550,"column":0},"end":{"line":550,"column":22}},"550":{"start":{"line":551,"column":0},"end":{"line":551,"column":25}},"551":{"start":{"line":552,"column":0},"end":{"line":552,"column":30}},"552":{"start":{"line":553,"column":0},"end":{"line":553,"column":42}},"553":{"start":{"line":554,"column":0},"end":{"line":554,"column":5}},"555":{"start":{"line":556,"column":0},"end":{"line":556,"column":19}},"556":{"start":{"line":557,"column":0},"end":{"line":557,"column":29}},"557":{"start":{"line":558,"column":0},"end":{"line":558,"column":13}},"558":{"start":{"line":559,"column":0},"end":{"line":559,"column":5}},"559":{"start":{"line":560,"column":0},"end":{"line":560,"column":27}},"560":{"start":{"line":561,"column":0},"end":{"line":561,"column":27}},"562":{"start":{"line":563,"column":0},"end":{"line":563,"column":19}},"563":{"start":{"line":564,"column":0},"end":{"line":564,"column":26}},"564":{"start":{"line":565,"column":0},"end":{"line":565,"column":13}},"565":{"start":{"line":566,"column":0},"end":{"line":566,"column":5}},"566":{"start":{"line":567,"column":0},"end":{"line":567,"column":60}},"567":{"start":{"line":568,"column":0},"end":{"line":568,"column":30}},"568":{"start":{"line":569,"column":0},"end":{"line":569,"column":5}},"569":{"start":{"line":570,"column":0},"end":{"line":570,"column":30}},"571":{"start":{"line":572,"column":0},"end":{"line":572,"column":19}},"572":{"start":{"line":573,"column":0},"end":{"line":573,"column":26}},"573":{"start":{"line":574,"column":0},"end":{"line":574,"column":48}},"574":{"start":{"line":575,"column":0},"end":{"line":575,"column":37}},"575":{"start":{"line":576,"column":0},"end":{"line":576,"column":20}},"576":{"start":{"line":577,"column":0},"end":{"line":577,"column":25}},"577":{"start":{"line":578,"column":0},"end":{"line":578,"column":8}},"578":{"start":{"line":579,"column":0},"end":{"line":579,"column":5}},"580":{"start":{"line":581,"column":0},"end":{"line":581,"column":79}},"581":{"start":{"line":582,"column":0},"end":{"line":582,"column":42}},"582":{"start":{"line":583,"column":0},"end":{"line":583,"column":11}},"583":{"start":{"line":584,"column":0},"end":{"line":584,"column":41}},"584":{"start":{"line":585,"column":0},"end":{"line":585,"column":28}},"585":{"start":{"line":586,"column":0},"end":{"line":586,"column":25}},"586":{"start":{"line":587,"column":0},"end":{"line":587,"column":30}},"587":{"start":{"line":588,"column":0},"end":{"line":588,"column":10}},"588":{"start":{"line":589,"column":0},"end":{"line":589,"column":24}},"589":{"start":{"line":590,"column":0},"end":{"line":590,"column":17}},"590":{"start":{"line":591,"column":0},"end":{"line":591,"column":9}},"591":{"start":{"line":592,"column":0},"end":{"line":592,"column":27}},"592":{"start":{"line":593,"column":0},"end":{"line":593,"column":23}},"593":{"start":{"line":594,"column":0},"end":{"line":594,"column":24}},"594":{"start":{"line":595,"column":0},"end":{"line":595,"column":17}},"595":{"start":{"line":596,"column":0},"end":{"line":596,"column":9}},"596":{"start":{"line":597,"column":0},"end":{"line":597,"column":68}},"597":{"start":{"line":598,"column":0},"end":{"line":598,"column":39}},"598":{"start":{"line":599,"column":0},"end":{"line":599,"column":7}},"599":{"start":{"line":600,"column":0},"end":{"line":600,"column":6}},"601":{"start":{"line":602,"column":0},"end":{"line":602,"column":28}},"602":{"start":{"line":603,"column":0},"end":{"line":603,"column":64}},"603":{"start":{"line":604,"column":0},"end":{"line":604,"column":18}},"604":{"start":{"line":605,"column":0},"end":{"line":605,"column":23}},"605":{"start":{"line":606,"column":0},"end":{"line":606,"column":37}},"606":{"start":{"line":607,"column":0},"end":{"line":607,"column":6}},"607":{"start":{"line":608,"column":0},"end":{"line":608,"column":6}},"608":{"start":{"line":609,"column":0},"end":{"line":609,"column":22}},"609":{"start":{"line":610,"column":0},"end":{"line":610,"column":43}},"610":{"start":{"line":611,"column":0},"end":{"line":611,"column":18}},"611":{"start":{"line":612,"column":0},"end":{"line":612,"column":19}},"612":{"start":{"line":613,"column":0},"end":{"line":613,"column":5}},"614":{"start":{"line":615,"column":0},"end":{"line":615,"column":39}},"615":{"start":{"line":616,"column":0},"end":{"line":616,"column":16}},"616":{"start":{"line":617,"column":0},"end":{"line":617,"column":41}},"617":{"start":{"line":618,"column":0},"end":{"line":618,"column":38}},"618":{"start":{"line":619,"column":0},"end":{"line":619,"column":30}},"619":{"start":{"line":620,"column":0},"end":{"line":620,"column":11}},"620":{"start":{"line":621,"column":0},"end":{"line":621,"column":50}},"621":{"start":{"line":622,"column":0},"end":{"line":622,"column":84}},"623":{"start":{"line":624,"column":0},"end":{"line":624,"column":9}},"624":{"start":{"line":625,"column":0},"end":{"line":625,"column":16}},"625":{"start":{"line":626,"column":0},"end":{"line":626,"column":16}},"626":{"start":{"line":627,"column":0},"end":{"line":627,"column":14}},"627":{"start":{"line":628,"column":0},"end":{"line":628,"column":19}},"628":{"start":{"line":629,"column":0},"end":{"line":629,"column":19}},"629":{"start":{"line":630,"column":0},"end":{"line":630,"column":25}},"630":{"start":{"line":631,"column":0},"end":{"line":631,"column":35}},"631":{"start":{"line":632,"column":0},"end":{"line":632,"column":44}},"632":{"start":{"line":633,"column":0},"end":{"line":633,"column":21}},"633":{"start":{"line":634,"column":0},"end":{"line":634,"column":23}},"634":{"start":{"line":635,"column":0},"end":{"line":635,"column":19}},"635":{"start":{"line":636,"column":0},"end":{"line":636,"column":19}},"636":{"start":{"line":637,"column":0},"end":{"line":637,"column":37}},"637":{"start":{"line":638,"column":0},"end":{"line":638,"column":36}},"638":{"start":{"line":639,"column":0},"end":{"line":639,"column":49}},"639":{"start":{"line":640,"column":0},"end":{"line":640,"column":19}},"640":{"start":{"line":641,"column":0},"end":{"line":641,"column":37}},"641":{"start":{"line":642,"column":0},"end":{"line":642,"column":5}},"643":{"start":{"line":644,"column":0},"end":{"line":644,"column":19}},"645":{"start":{"line":646,"column":0},"end":{"line":646,"column":26}},"646":{"start":{"line":647,"column":0},"end":{"line":647,"column":39}},"648":{"start":{"line":649,"column":0},"end":{"line":649,"column":49}},"649":{"start":{"line":650,"column":0},"end":{"line":650,"column":29}},"650":{"start":{"line":651,"column":0},"end":{"line":651,"column":13}},"651":{"start":{"line":652,"column":0},"end":{"line":652,"column":5}},"653":{"start":{"line":654,"column":0},"end":{"line":654,"column":27}},"657":{"start":{"line":658,"column":0},"end":{"line":658,"column":51}},"658":{"start":{"line":659,"column":0},"end":{"line":659,"column":23}},"659":{"start":{"line":660,"column":0},"end":{"line":660,"column":47}},"660":{"start":{"line":661,"column":0},"end":{"line":661,"column":5}},"661":{"start":{"line":662,"column":0},"end":{"line":662,"column":73}},"663":{"start":{"line":664,"column":0},"end":{"line":664,"column":9}},"664":{"start":{"line":665,"column":0},"end":{"line":665,"column":53}},"666":{"start":{"line":667,"column":0},"end":{"line":667,"column":67}},"667":{"start":{"line":668,"column":0},"end":{"line":668,"column":20}},"668":{"start":{"line":669,"column":0},"end":{"line":669,"column":65}},"671":{"start":{"line":672,"column":0},"end":{"line":672,"column":55}},"672":{"start":{"line":673,"column":0},"end":{"line":673,"column":22}},"673":{"start":{"line":674,"column":0},"end":{"line":674,"column":73}},"674":{"start":{"line":675,"column":0},"end":{"line":675,"column":15}},"675":{"start":{"line":676,"column":0},"end":{"line":676,"column":7}},"677":{"start":{"line":678,"column":0},"end":{"line":678,"column":52}},"679":{"start":{"line":680,"column":0},"end":{"line":680,"column":60}},"680":{"start":{"line":681,"column":0},"end":{"line":681,"column":27}},"681":{"start":{"line":682,"column":0},"end":{"line":682,"column":62}},"682":{"start":{"line":683,"column":0},"end":{"line":683,"column":15}},"683":{"start":{"line":684,"column":0},"end":{"line":684,"column":7}},"685":{"start":{"line":686,"column":0},"end":{"line":686,"column":81}},"686":{"start":{"line":687,"column":0},"end":{"line":687,"column":78}},"687":{"start":{"line":688,"column":0},"end":{"line":688,"column":28}},"688":{"start":{"line":689,"column":0},"end":{"line":689,"column":11}},"689":{"start":{"line":690,"column":0},"end":{"line":690,"column":14}},"690":{"start":{"line":691,"column":0},"end":{"line":691,"column":80}},"691":{"start":{"line":692,"column":0},"end":{"line":692,"column":28}},"692":{"start":{"line":693,"column":0},"end":{"line":693,"column":11}},"693":{"start":{"line":694,"column":0},"end":{"line":694,"column":7}},"694":{"start":{"line":695,"column":0},"end":{"line":695,"column":21}},"695":{"start":{"line":696,"column":0},"end":{"line":696,"column":78}},"696":{"start":{"line":697,"column":0},"end":{"line":697,"column":5}},"697":{"start":{"line":698,"column":0},"end":{"line":698,"column":6}},"698":{"start":{"line":699,"column":0},"end":{"line":699,"column":22}},"699":{"start":{"line":700,"column":0},"end":{"line":700,"column":20}},"700":{"start":{"line":701,"column":0},"end":{"line":701,"column":37}},"701":{"start":{"line":702,"column":0},"end":{"line":702,"column":26}},"702":{"start":{"line":703,"column":0},"end":{"line":703,"column":26}},"703":{"start":{"line":704,"column":0},"end":{"line":704,"column":18}},"704":{"start":{"line":705,"column":0},"end":{"line":705,"column":30}},"705":{"start":{"line":706,"column":0},"end":{"line":706,"column":19}},"706":{"start":{"line":707,"column":0},"end":{"line":707,"column":32}},"707":{"start":{"line":708,"column":0},"end":{"line":708,"column":28}},"708":{"start":{"line":709,"column":0},"end":{"line":709,"column":23}},"709":{"start":{"line":710,"column":0},"end":{"line":710,"column":5}},"711":{"start":{"line":712,"column":0},"end":{"line":712,"column":55}},"712":{"start":{"line":713,"column":0},"end":{"line":713,"column":50}},"713":{"start":{"line":714,"column":0},"end":{"line":714,"column":42}},"714":{"start":{"line":715,"column":0},"end":{"line":715,"column":57}},"715":{"start":{"line":716,"column":0},"end":{"line":716,"column":13}},"716":{"start":{"line":717,"column":0},"end":{"line":717,"column":5}},"718":{"start":{"line":719,"column":0},"end":{"line":719,"column":37}},"719":{"start":{"line":720,"column":0},"end":{"line":720,"column":91}},"720":{"start":{"line":721,"column":0},"end":{"line":721,"column":6}},"721":{"start":{"line":722,"column":0},"end":{"line":722,"column":21}},"722":{"start":{"line":723,"column":0},"end":{"line":723,"column":13}},"723":{"start":{"line":724,"column":0},"end":{"line":724,"column":5}},"725":{"start":{"line":726,"column":0},"end":{"line":726,"column":33}},"726":{"start":{"line":727,"column":0},"end":{"line":727,"column":9}},"727":{"start":{"line":728,"column":0},"end":{"line":728,"column":24}},"728":{"start":{"line":729,"column":0},"end":{"line":729,"column":31}},"729":{"start":{"line":730,"column":0},"end":{"line":730,"column":7}},"730":{"start":{"line":731,"column":0},"end":{"line":731,"column":56}},"731":{"start":{"line":732,"column":0},"end":{"line":732,"column":38}},"732":{"start":{"line":733,"column":0},"end":{"line":733,"column":21}},"733":{"start":{"line":734,"column":0},"end":{"line":734,"column":62}},"734":{"start":{"line":735,"column":0},"end":{"line":735,"column":15}},"735":{"start":{"line":736,"column":0},"end":{"line":736,"column":36}},"736":{"start":{"line":737,"column":0},"end":{"line":737,"column":5}},"737":{"start":{"line":738,"column":0},"end":{"line":738,"column":6}},"738":{"start":{"line":739,"column":0},"end":{"line":739,"column":22}},"739":{"start":{"line":740,"column":0},"end":{"line":740,"column":16}},"740":{"start":{"line":741,"column":0},"end":{"line":741,"column":24}},"741":{"start":{"line":742,"column":0},"end":{"line":742,"column":19}},"742":{"start":{"line":743,"column":0},"end":{"line":743,"column":17}},"743":{"start":{"line":744,"column":0},"end":{"line":744,"column":27}},"744":{"start":{"line":745,"column":0},"end":{"line":745,"column":19}},"745":{"start":{"line":746,"column":0},"end":{"line":746,"column":5}},"747":{"start":{"line":748,"column":0},"end":{"line":748,"column":10}},"748":{"start":{"line":749,"column":0},"end":{"line":749,"column":59}},"749":{"start":{"line":750,"column":0},"end":{"line":750,"column":36}},"750":{"start":{"line":751,"column":0},"end":{"line":751,"column":48}},"751":{"start":{"line":752,"column":0},"end":{"line":752,"column":12}},"753":{"start":{"line":754,"column":0},"end":{"line":754,"column":66}},"754":{"start":{"line":755,"column":0},"end":{"line":755,"column":43}},"755":{"start":{"line":756,"column":0},"end":{"line":756,"column":54}},"756":{"start":{"line":757,"column":0},"end":{"line":757,"column":14}},"757":{"start":{"line":758,"column":0},"end":{"line":758,"column":61}},"758":{"start":{"line":759,"column":0},"end":{"line":759,"column":17}},"759":{"start":{"line":760,"column":0},"end":{"line":760,"column":25}},"760":{"start":{"line":761,"column":0},"end":{"line":761,"column":51}},"761":{"start":{"line":762,"column":0},"end":{"line":762,"column":39}},"762":{"start":{"line":763,"column":0},"end":{"line":763,"column":29}},"763":{"start":{"line":764,"column":0},"end":{"line":764,"column":42}},"764":{"start":{"line":765,"column":0},"end":{"line":765,"column":50}},"765":{"start":{"line":766,"column":0},"end":{"line":766,"column":42}},"767":{"start":{"line":768,"column":0},"end":{"line":768,"column":42}},"768":{"start":{"line":769,"column":0},"end":{"line":769,"column":19}},"769":{"start":{"line":770,"column":0},"end":{"line":770,"column":17}},"770":{"start":{"line":771,"column":0},"end":{"line":771,"column":25}},"771":{"start":{"line":772,"column":0},"end":{"line":772,"column":82}},"772":{"start":{"line":773,"column":0},"end":{"line":773,"column":42}},"773":{"start":{"line":774,"column":0},"end":{"line":774,"column":28}},"774":{"start":{"line":775,"column":0},"end":{"line":775,"column":40}},"775":{"start":{"line":776,"column":0},"end":{"line":776,"column":23}},"776":{"start":{"line":777,"column":0},"end":{"line":777,"column":15}},"777":{"start":{"line":778,"column":0},"end":{"line":778,"column":47}},"778":{"start":{"line":779,"column":0},"end":{"line":779,"column":14}},"779":{"start":{"line":780,"column":0},"end":{"line":780,"column":32}},"780":{"start":{"line":781,"column":0},"end":{"line":781,"column":40}},"781":{"start":{"line":782,"column":0},"end":{"line":782,"column":42}},"783":{"start":{"line":784,"column":0},"end":{"line":784,"column":84}},"784":{"start":{"line":785,"column":0},"end":{"line":785,"column":68}},"785":{"start":{"line":786,"column":0},"end":{"line":786,"column":19}},"786":{"start":{"line":787,"column":0},"end":{"line":787,"column":39}},"787":{"start":{"line":788,"column":0},"end":{"line":788,"column":19}},"789":{"start":{"line":790,"column":0},"end":{"line":790,"column":28}},"790":{"start":{"line":791,"column":0},"end":{"line":791,"column":68}},"791":{"start":{"line":792,"column":0},"end":{"line":792,"column":36}},"792":{"start":{"line":793,"column":0},"end":{"line":793,"column":32}},"793":{"start":{"line":794,"column":0},"end":{"line":794,"column":31}},"794":{"start":{"line":795,"column":0},"end":{"line":795,"column":38}},"795":{"start":{"line":796,"column":0},"end":{"line":796,"column":59}},"796":{"start":{"line":797,"column":0},"end":{"line":797,"column":53}},"797":{"start":{"line":798,"column":0},"end":{"line":798,"column":34}},"798":{"start":{"line":799,"column":0},"end":{"line":799,"column":47}},"799":{"start":{"line":800,"column":0},"end":{"line":800,"column":43}},"800":{"start":{"line":801,"column":0},"end":{"line":801,"column":20}},"801":{"start":{"line":802,"column":0},"end":{"line":802,"column":48}},"803":{"start":{"line":804,"column":0},"end":{"line":804,"column":29}},"804":{"start":{"line":805,"column":0},"end":{"line":805,"column":34}},"805":{"start":{"line":806,"column":0},"end":{"line":806,"column":17}},"806":{"start":{"line":807,"column":0},"end":{"line":807,"column":69}},"807":{"start":{"line":808,"column":0},"end":{"line":808,"column":30}},"808":{"start":{"line":809,"column":0},"end":{"line":809,"column":32}},"810":{"start":{"line":811,"column":0},"end":{"line":811,"column":41}},"811":{"start":{"line":812,"column":0},"end":{"line":812,"column":18}},"812":{"start":{"line":813,"column":0},"end":{"line":813,"column":46}},"813":{"start":{"line":814,"column":0},"end":{"line":814,"column":15}},"815":{"start":{"line":816,"column":0},"end":{"line":816,"column":32}},"816":{"start":{"line":817,"column":0},"end":{"line":817,"column":30}},"817":{"start":{"line":818,"column":0},"end":{"line":818,"column":39}},"818":{"start":{"line":819,"column":0},"end":{"line":819,"column":46}},"819":{"start":{"line":820,"column":0},"end":{"line":820,"column":15}},"821":{"start":{"line":822,"column":0},"end":{"line":822,"column":32}},"822":{"start":{"line":823,"column":0},"end":{"line":823,"column":29}},"824":{"start":{"line":825,"column":0},"end":{"line":825,"column":14}},"825":{"start":{"line":826,"column":0},"end":{"line":826,"column":16}},"827":{"start":{"line":828,"column":0},"end":{"line":828,"column":66}},"828":{"start":{"line":829,"column":0},"end":{"line":829,"column":43}},"829":{"start":{"line":830,"column":0},"end":{"line":830,"column":50}},"830":{"start":{"line":831,"column":0},"end":{"line":831,"column":61}},"831":{"start":{"line":832,"column":0},"end":{"line":832,"column":49}},"832":{"start":{"line":833,"column":0},"end":{"line":833,"column":27}},"833":{"start":{"line":834,"column":0},"end":{"line":834,"column":29}},"834":{"start":{"line":835,"column":0},"end":{"line":835,"column":89}},"835":{"start":{"line":836,"column":0},"end":{"line":836,"column":37}},"836":{"start":{"line":837,"column":0},"end":{"line":837,"column":37}},"837":{"start":{"line":838,"column":0},"end":{"line":838,"column":18}},"838":{"start":{"line":839,"column":0},"end":{"line":839,"column":16}},"839":{"start":{"line":840,"column":0},"end":{"line":840,"column":53}},"840":{"start":{"line":841,"column":0},"end":{"line":841,"column":19}},"841":{"start":{"line":842,"column":0},"end":{"line":842,"column":27}},"842":{"start":{"line":843,"column":0},"end":{"line":843,"column":52}},"843":{"start":{"line":844,"column":0},"end":{"line":844,"column":44}},"844":{"start":{"line":845,"column":0},"end":{"line":845,"column":61}},"845":{"start":{"line":846,"column":0},"end":{"line":846,"column":69}},"846":{"start":{"line":847,"column":0},"end":{"line":847,"column":40}},"847":{"start":{"line":848,"column":0},"end":{"line":848,"column":21}},"848":{"start":{"line":849,"column":0},"end":{"line":849,"column":35}},"849":{"start":{"line":850,"column":0},"end":{"line":850,"column":51}},"850":{"start":{"line":851,"column":0},"end":{"line":851,"column":33}},"851":{"start":{"line":852,"column":0},"end":{"line":852,"column":42}},"852":{"start":{"line":853,"column":0},"end":{"line":853,"column":31}},"853":{"start":{"line":854,"column":0},"end":{"line":854,"column":34}},"854":{"start":{"line":855,"column":0},"end":{"line":855,"column":35}},"856":{"start":{"line":857,"column":0},"end":{"line":857,"column":30}},"857":{"start":{"line":858,"column":0},"end":{"line":858,"column":59}},"858":{"start":{"line":859,"column":0},"end":{"line":859,"column":25}},"859":{"start":{"line":860,"column":0},"end":{"line":860,"column":17}},"860":{"start":{"line":861,"column":0},"end":{"line":861,"column":34}},"861":{"start":{"line":862,"column":0},"end":{"line":862,"column":40}},"862":{"start":{"line":863,"column":0},"end":{"line":863,"column":25}},"863":{"start":{"line":864,"column":0},"end":{"line":864,"column":17}},"864":{"start":{"line":865,"column":0},"end":{"line":865,"column":53}},"865":{"start":{"line":866,"column":0},"end":{"line":866,"column":16}},"867":{"start":{"line":868,"column":0},"end":{"line":868,"column":74}},"868":{"start":{"line":869,"column":0},"end":{"line":869,"column":21}},"869":{"start":{"line":870,"column":0},"end":{"line":870,"column":19}},"870":{"start":{"line":871,"column":0},"end":{"line":871,"column":27}},"871":{"start":{"line":872,"column":0},"end":{"line":872,"column":52}},"872":{"start":{"line":873,"column":0},"end":{"line":873,"column":44}},"873":{"start":{"line":874,"column":0},"end":{"line":874,"column":84}},"874":{"start":{"line":875,"column":0},"end":{"line":875,"column":41}},"875":{"start":{"line":876,"column":0},"end":{"line":876,"column":21}},"876":{"start":{"line":877,"column":0},"end":{"line":877,"column":35}},"877":{"start":{"line":878,"column":0},"end":{"line":878,"column":51}},"878":{"start":{"line":879,"column":0},"end":{"line":879,"column":33}},"879":{"start":{"line":880,"column":0},"end":{"line":880,"column":53}},"880":{"start":{"line":881,"column":0},"end":{"line":881,"column":61}},"882":{"start":{"line":883,"column":0},"end":{"line":883,"column":30}},"883":{"start":{"line":884,"column":0},"end":{"line":884,"column":43}},"884":{"start":{"line":885,"column":0},"end":{"line":885,"column":16}},"886":{"start":{"line":887,"column":0},"end":{"line":887,"column":71}},"887":{"start":{"line":888,"column":0},"end":{"line":888,"column":21}},"888":{"start":{"line":889,"column":0},"end":{"line":889,"column":16}},"889":{"start":{"line":890,"column":0},"end":{"line":890,"column":14}},"890":{"start":{"line":891,"column":0},"end":{"line":891,"column":41}},"891":{"start":{"line":892,"column":0},"end":{"line":892,"column":24}},"892":{"start":{"line":893,"column":0},"end":{"line":893,"column":64}},"893":{"start":{"line":894,"column":0},"end":{"line":894,"column":25}},"894":{"start":{"line":895,"column":0},"end":{"line":895,"column":18}},"895":{"start":{"line":896,"column":0},"end":{"line":896,"column":19}},"896":{"start":{"line":897,"column":0},"end":{"line":897,"column":34}},"897":{"start":{"line":898,"column":0},"end":{"line":898,"column":41}},"899":{"start":{"line":900,"column":0},"end":{"line":900,"column":18}},"900":{"start":{"line":901,"column":0},"end":{"line":901,"column":30}},"901":{"start":{"line":902,"column":0},"end":{"line":902,"column":40}},"902":{"start":{"line":903,"column":0},"end":{"line":903,"column":56}},"903":{"start":{"line":904,"column":0},"end":{"line":904,"column":69}},"904":{"start":{"line":905,"column":0},"end":{"line":905,"column":69}},"905":{"start":{"line":906,"column":0},"end":{"line":906,"column":32}},"906":{"start":{"line":907,"column":0},"end":{"line":907,"column":32}},"907":{"start":{"line":908,"column":0},"end":{"line":908,"column":68}},"908":{"start":{"line":909,"column":0},"end":{"line":909,"column":67}},"909":{"start":{"line":910,"column":0},"end":{"line":910,"column":75}},"910":{"start":{"line":911,"column":0},"end":{"line":911,"column":91}},"912":{"start":{"line":913,"column":0},"end":{"line":913,"column":24}},"913":{"start":{"line":914,"column":0},"end":{"line":914,"column":108}},"914":{"start":{"line":915,"column":0},"end":{"line":915,"column":52}},"915":{"start":{"line":916,"column":0},"end":{"line":916,"column":68}},"916":{"start":{"line":917,"column":0},"end":{"line":917,"column":40}},"917":{"start":{"line":918,"column":0},"end":{"line":918,"column":54}},"918":{"start":{"line":919,"column":0},"end":{"line":919,"column":41}},"919":{"start":{"line":920,"column":0},"end":{"line":920,"column":91}},"921":{"start":{"line":922,"column":0},"end":{"line":922,"column":48}},"923":{"start":{"line":924,"column":0},"end":{"line":924,"column":29}},"924":{"start":{"line":925,"column":0},"end":{"line":925,"column":76}},"925":{"start":{"line":926,"column":0},"end":{"line":926,"column":40}},"926":{"start":{"line":927,"column":0},"end":{"line":927,"column":58}},"927":{"start":{"line":928,"column":0},"end":{"line":928,"column":65}},"928":{"start":{"line":929,"column":0},"end":{"line":929,"column":31}},"929":{"start":{"line":930,"column":0},"end":{"line":930,"column":31}},"930":{"start":{"line":931,"column":0},"end":{"line":931,"column":26}},"931":{"start":{"line":932,"column":0},"end":{"line":932,"column":52}},"932":{"start":{"line":933,"column":0},"end":{"line":933,"column":52}},"933":{"start":{"line":934,"column":0},"end":{"line":934,"column":58}},"934":{"start":{"line":935,"column":0},"end":{"line":935,"column":67}},"935":{"start":{"line":936,"column":0},"end":{"line":936,"column":36}},"936":{"start":{"line":937,"column":0},"end":{"line":937,"column":37}},"937":{"start":{"line":938,"column":0},"end":{"line":938,"column":69}},"938":{"start":{"line":939,"column":0},"end":{"line":939,"column":40}},"939":{"start":{"line":940,"column":0},"end":{"line":940,"column":28}},"940":{"start":{"line":941,"column":0},"end":{"line":941,"column":77}},"941":{"start":{"line":942,"column":0},"end":{"line":942,"column":34}},"942":{"start":{"line":943,"column":0},"end":{"line":943,"column":33}},"943":{"start":{"line":944,"column":0},"end":{"line":944,"column":60}},"944":{"start":{"line":945,"column":0},"end":{"line":945,"column":68}},"945":{"start":{"line":946,"column":0},"end":{"line":946,"column":54}},"947":{"start":{"line":948,"column":0},"end":{"line":948,"column":77}},"948":{"start":{"line":949,"column":0},"end":{"line":949,"column":72}},"949":{"start":{"line":950,"column":0},"end":{"line":950,"column":37}},"950":{"start":{"line":951,"column":0},"end":{"line":951,"column":85}},"951":{"start":{"line":952,"column":0},"end":{"line":952,"column":35}},"953":{"start":{"line":954,"column":0},"end":{"line":954,"column":27}},"954":{"start":{"line":955,"column":0},"end":{"line":955,"column":28}},"955":{"start":{"line":956,"column":0},"end":{"line":956,"column":29}},"956":{"start":{"line":957,"column":0},"end":{"line":957,"column":23}},"958":{"start":{"line":959,"column":0},"end":{"line":959,"column":17}},"959":{"start":{"line":960,"column":0},"end":{"line":960,"column":17}},"961":{"start":{"line":962,"column":0},"end":{"line":962,"column":41}},"963":{"start":{"line":964,"column":0},"end":{"line":964,"column":18}},"965":{"start":{"line":966,"column":0},"end":{"line":966,"column":14}},"966":{"start":{"line":967,"column":0},"end":{"line":967,"column":16}},"968":{"start":{"line":969,"column":0},"end":{"line":969,"column":25}},"969":{"start":{"line":970,"column":0},"end":{"line":970,"column":28}},"970":{"start":{"line":971,"column":0},"end":{"line":971,"column":31}},"971":{"start":{"line":972,"column":0},"end":{"line":972,"column":47}},"972":{"start":{"line":973,"column":0},"end":{"line":973,"column":48}},"973":{"start":{"line":974,"column":0},"end":{"line":974,"column":51}},"974":{"start":{"line":975,"column":0},"end":{"line":975,"column":55}},"975":{"start":{"line":976,"column":0},"end":{"line":976,"column":49}},"976":{"start":{"line":977,"column":0},"end":{"line":977,"column":10}},"978":{"start":{"line":979,"column":0},"end":{"line":979,"column":10}},"980":{"start":{"line":981,"column":0},"end":{"line":981,"column":1}}},"s":{"0":1,"1":1,"2":1,"3":1,"4":1,"5":1,"6":1,"7":1,"8":1,"10":1,"11":1,"15":1,"16":1,"31":1,"44":1,"45":1,"97":1,"98":1,"99":1,"100":1,"101":1,"102":1,"104":1,"105":1,"106":1,"107":1,"108":1,"109":1,"110":1,"111":1,"112":1,"113":1,"114":1,"115":1,"116":1,"117":1,"133":1,"134":1,"135":1,"136":1,"140":13,"141":13,"142":13,"143":13,"144":13,"145":13,"146":13,"147":0,"148":0,"149":0,"150":0,"151":13,"152":13,"153":0,"154":0,"155":13,"156":13,"158":15,"159":15,"160":15,"161":1,"162":1,"163":15,"164":0,"165":0,"166":14,"167":14,"169":12,"170":12,"171":12,"172":12,"173":12,"174":12,"175":12,"176":12,"177":0,"178":0,"179":12,"180":1,"181":1,"182":12,"183":6,"184":6,"185":5,"186":5,"188":4,"189":4,"190":4,"191":4,"192":4,"193":4,"194":4,"195":4,"202":4,"203":4,"204":4,"205":1,"206":0,"207":0,"208":1,"209":1,"210":1,"211":4,"212":4,"213":4,"215":4,"216":3,"217":1,"218":1,"219":1,"220":1,"221":1,"222":4,"223":3,"224":1,"226":4,"227":4,"228":4,"229":4,"230":4,"232":4,"233":4,"235":4,"236":4,"237":4,"238":4,"239":3,"240":3,"241":3,"242":3,"243":3,"244":3,"245":3,"246":3,"247":3,"248":3,"249":3,"250":3,"251":3,"252":3,"254":0,"256":3,"257":3,"258":3,"259":3,"260":3,"261":3,"262":1,"263":1,"264":1,"265":3,"266":3,"268":3,"269":3,"270":3,"272":1,"275":4,"276":5,"277":5,"278":5,"279":5,"280":5,"281":5,"282":5,"283":5,"284":5,"285":5,"286":5,"287":1,"288":1,"289":1,"290":5,"292":5,"293":5,"294":5,"295":5,"297":4,"298":4,"299":4,"300":4,"302":4,"303":4,"304":4,"306":4,"308":1,"309":104,"310":104,"311":104,"312":104,"313":104,"314":104,"315":104,"316":104,"317":104,"334":104,"335":104,"336":104,"337":104,"338":104,"339":104,"340":104,"341":104,"342":104,"343":104,"344":104,"345":104,"346":104,"347":104,"348":104,"349":104,"350":104,"351":104,"352":104,"353":104,"355":104,"356":104,"357":35,"358":35,"359":0,"360":0,"361":35,"362":35,"363":35,"364":35,"365":34,"366":34,"367":34,"368":34,"370":35,"371":104,"372":104,"374":104,"375":104,"376":18,"377":16,"378":16,"379":18,"380":18,"381":0,"382":0,"383":18,"384":18,"387":0,"388":0,"389":2,"390":2,"391":18,"392":18,"393":18,"394":2,"395":2,"396":2,"397":18,"398":104,"399":104,"401":104,"402":104,"403":104,"404":104,"405":104,"407":104,"408":17,"409":17,"410":17,"411":17,"412":0,"413":0,"414":17,"415":17,"416":17,"417":0,"418":17,"419":17,"420":17,"421":17,"422":104,"424":104,"425":17,"426":17,"427":3,"428":3,"429":3,"430":3,"431":3,"432":3,"433":14,"434":14,"435":14,"436":0,"437":0,"438":14,"439":14,"440":14,"441":0,"442":14,"443":14,"444":14,"445":14,"446":104,"448":104,"449":104,"450":167,"451":0,"452":0,"453":167,"454":167,"455":167,"456":167,"457":167,"458":0,"459":167,"460":167,"461":167,"462":167,"463":104,"464":104,"466":104,"467":17,"468":17,"469":3,"470":3,"471":3,"472":3,"473":3,"475":14,"476":166,"477":0,"478":0,"479":166,"480":166,"482":14,"483":14,"484":14,"485":14,"486":14,"487":14,"488":104,"490":104,"491":36,"492":13,"493":15,"494":15,"495":15,"496":15,"497":15,"498":15,"499":13,"501":13,"502":13,"503":13,"504":13,"505":13,"506":36,"507":104,"509":104,"510":104,"511":1,"512":0,"513":0,"514":1,"515":1,"516":1,"517":1,"518":1,"519":0,"520":1,"521":1,"522":104,"523":104,"525":104,"526":1,"527":0,"528":0,"529":1,"530":1,"531":1,"532":1,"533":1,"534":0,"535":1,"536":104,"538":104,"539":104,"540":42,"541":62,"542":104,"544":104,"545":104,"547":104,"549":104,"550":104,"551":104,"552":104,"553":104,"555":104,"556":17,"557":14,"558":14,"559":3,"560":104,"562":104,"563":46,"564":34,"565":34,"566":46,"567":0,"568":0,"569":104,"571":104,"572":31,"573":31,"574":21,"575":21,"576":21,"577":21,"578":21,"580":31,"581":31,"582":161,"583":161,"584":161,"585":161,"586":161,"587":161,"588":161,"589":0,"590":0,"591":161,"592":161,"593":0,"594":0,"595":0,"596":0,"597":0,"598":0,"599":161,"601":31,"602":31,"603":31,"604":10,"605":10,"606":10,"607":104,"608":104,"609":104,"610":104,"611":104,"612":104,"614":104,"615":17,"616":17,"617":17,"618":17,"619":16,"620":17,"621":104,"623":104,"624":104,"625":104,"626":104,"627":104,"628":104,"629":104,"630":104,"631":104,"632":104,"633":104,"634":104,"635":104,"636":104,"637":104,"638":104,"639":104,"640":104,"641":104,"643":104,"645":27,"646":104,"648":104,"649":1,"650":0,"651":0,"653":1,"657":1,"658":1,"659":1,"660":1,"661":1,"663":1,"664":1,"666":1,"667":1,"668":1,"671":1,"672":1,"673":0,"674":0,"675":0,"677":1,"679":1,"680":1,"681":0,"682":0,"683":0,"685":1,"686":1,"687":1,"688":1,"689":1,"690":0,"691":0,"692":0,"693":0,"694":1,"695":0,"696":0,"697":104,"698":104,"699":104,"700":104,"701":104,"702":104,"703":104,"704":104,"705":104,"706":104,"707":104,"708":104,"709":104,"711":104,"712":1,"713":1,"714":1,"715":0,"716":0,"718":1,"719":1,"720":1,"721":1,"722":0,"723":0,"725":1,"726":1,"727":1,"728":0,"729":0,"730":1,"731":1,"732":1,"733":0,"734":1,"735":1,"736":1,"737":104,"738":104,"739":104,"740":104,"741":104,"742":104,"743":104,"744":104,"745":104,"747":104,"748":104,"749":104,"750":104,"751":104,"753":104,"754":104,"755":104,"756":104,"757":104,"758":104,"759":104,"760":104,"761":104,"762":104,"763":104,"764":104,"765":104,"767":104,"768":104,"769":104,"770":104,"771":104,"772":104,"773":104,"774":12,"775":0,"776":0,"777":12,"778":12,"779":104,"780":104,"781":104,"783":104,"784":104,"785":104,"786":104,"787":104,"789":104,"790":15,"791":15,"792":11,"793":11,"794":11,"795":11,"796":11,"797":11,"798":10,"799":10,"800":10,"801":11,"803":11,"804":11,"805":15,"806":15,"807":15,"808":15,"810":0,"811":0,"812":15,"813":15,"815":15,"816":15,"817":15,"818":15,"819":15,"821":15,"822":15,"824":104,"825":104,"827":104,"828":104,"829":104,"830":104,"831":104,"832":104,"833":42,"834":4,"835":38,"836":62,"837":104,"838":104,"839":104,"840":104,"841":104,"842":104,"843":104,"844":104,"845":104,"846":104,"847":104,"848":104,"849":9,"850":95,"851":53,"852":42,"853":11,"854":31,"856":104,"857":10,"858":0,"859":0,"860":10,"861":3,"862":3,"863":3,"864":7,"865":10,"867":104,"868":104,"869":104,"870":104,"871":104,"872":104,"873":104,"874":104,"875":104,"876":104,"877":9,"878":95,"879":53,"880":42,"882":104,"883":1,"884":1,"886":104,"887":104,"888":104,"889":104,"890":104,"891":104,"892":1,"893":1,"894":1,"895":103,"896":104,"897":9,"899":9,"900":95,"901":42,"902":42,"903":50,"904":50,"905":4,"906":46,"907":50,"908":50,"909":50,"910":50,"912":50,"913":50,"914":50,"915":50,"916":50,"917":3,"918":47,"919":4,"921":43,"923":50,"924":50,"925":50,"926":4,"927":4,"928":4,"929":46,"930":50,"931":50,"932":2,"933":2,"934":12,"935":12,"936":12,"937":12,"938":12,"939":12,"940":12,"941":12,"942":12,"943":12,"944":12,"945":12,"947":12,"948":12,"949":12,"950":12,"951":12,"953":2,"954":2,"955":48,"956":50,"958":42,"959":42,"961":53,"963":53,"965":104,"966":104,"968":104,"969":4,"970":4,"971":4,"972":4,"973":4,"974":4,"975":4,"976":4,"978":104,"980":104},"branchMap":{"0":{"type":"branch","line":141,"loc":{"start":{"line":141,"column":0},"end":{"line":157,"column":1}},"locations":[{"start":{"line":141,"column":0},"end":{"line":157,"column":1}}]},"1":{"type":"branch","line":142,"loc":{"start":{"line":142,"column":33},"end":{"line":142,"column":41}},"locations":[{"start":{"line":142,"column":33},"end":{"line":142,"column":41}}]},"2":{"type":"branch","line":143,"loc":{"start":{"line":143,"column":31},"end":{"line":143,"column":39}},"locations":[{"start":{"line":143,"column":31},"end":{"line":143,"column":39}}]},"3":{"type":"branch","line":144,"loc":{"start":{"line":144,"column":27},"end":{"line":144,"column":35}},"locations":[{"start":{"line":144,"column":27},"end":{"line":144,"column":35}}]},"4":{"type":"branch","line":147,"loc":{"start":{"line":147,"column":2},"end":{"line":152,"column":61}},"locations":[{"start":{"line":147,"column":2},"end":{"line":152,"column":61}}]},"5":{"type":"branch","line":152,"loc":{"start":{"line":152,"column":53},"end":{"line":152,"column":66}},"locations":[{"start":{"line":152,"column":53},"end":{"line":152,"column":66}}]},"6":{"type":"branch","line":153,"loc":{"start":{"line":153,"column":6},"end":{"line":153,"column":23}},"locations":[{"start":{"line":153,"column":6},"end":{"line":153,"column":23}}]},"7":{"type":"branch","line":153,"loc":{"start":{"line":153,"column":23},"end":{"line":156,"column":28}},"locations":[{"start":{"line":153,"column":23},"end":{"line":156,"column":28}}]},"8":{"type":"branch","line":156,"loc":{"start":{"line":156,"column":22},"end":{"line":156,"column":44}},"locations":[{"start":{"line":156,"column":22},"end":{"line":156,"column":44}}]},"9":{"type":"branch","line":159,"loc":{"start":{"line":159,"column":0},"end":{"line":168,"column":1}},"locations":[{"start":{"line":159,"column":0},"end":{"line":168,"column":1}}]},"10":{"type":"branch","line":161,"loc":{"start":{"line":161,"column":34},"end":{"line":163,"column":3}},"locations":[{"start":{"line":161,"column":34},"end":{"line":163,"column":3}}]},"11":{"type":"branch","line":163,"loc":{"start":{"line":163,"column":2},"end":{"line":164,"column":36}},"locations":[{"start":{"line":163,"column":2},"end":{"line":164,"column":36}}]},"12":{"type":"branch","line":164,"loc":{"start":{"line":164,"column":36},"end":{"line":166,"column":3}},"locations":[{"start":{"line":164,"column":36},"end":{"line":166,"column":3}}]},"13":{"type":"branch","line":166,"loc":{"start":{"line":166,"column":2},"end":{"line":168,"column":1}},"locations":[{"start":{"line":166,"column":2},"end":{"line":168,"column":1}}]},"14":{"type":"branch","line":170,"loc":{"start":{"line":170,"column":0},"end":{"line":187,"column":1}},"locations":[{"start":{"line":170,"column":0},"end":{"line":187,"column":1}}]},"15":{"type":"branch","line":177,"loc":{"start":{"line":177,"column":6},"end":{"line":177,"column":30}},"locations":[{"start":{"line":177,"column":6},"end":{"line":177,"column":30}}]},"16":{"type":"branch","line":177,"loc":{"start":{"line":177,"column":30},"end":{"line":177,"column":73}},"locations":[{"start":{"line":177,"column":30},"end":{"line":177,"column":73}}]},"17":{"type":"branch","line":177,"loc":{"start":{"line":177,"column":73},"end":{"line":179,"column":3}},"locations":[{"start":{"line":177,"column":73},"end":{"line":179,"column":3}}]},"18":{"type":"branch","line":180,"loc":{"start":{"line":180,"column":42},"end":{"line":182,"column":3}},"locations":[{"start":{"line":180,"column":42},"end":{"line":182,"column":3}}]},"19":{"type":"branch","line":182,"loc":{"start":{"line":182,"column":2},"end":{"line":183,"column":40}},"locations":[{"start":{"line":182,"column":2},"end":{"line":183,"column":40}}]},"20":{"type":"branch","line":183,"loc":{"start":{"line":183,"column":40},"end":{"line":185,"column":3}},"locations":[{"start":{"line":183,"column":40},"end":{"line":185,"column":3}}]},"21":{"type":"branch","line":185,"loc":{"start":{"line":185,"column":2},"end":{"line":187,"column":1}},"locations":[{"start":{"line":185,"column":2},"end":{"line":187,"column":1}}]},"22":{"type":"branch","line":189,"loc":{"start":{"line":189,"column":0},"end":{"line":307,"column":1}},"locations":[{"start":{"line":189,"column":0},"end":{"line":307,"column":1}}]},"23":{"type":"branch","line":216,"loc":{"start":{"line":216,"column":20},"end":{"line":221,"column":7}},"locations":[{"start":{"line":216,"column":20},"end":{"line":221,"column":7}}]},"24":{"type":"branch","line":217,"loc":{"start":{"line":217,"column":74},"end":{"line":221,"column":7}},"locations":[{"start":{"line":217,"column":74},"end":{"line":221,"column":7}}]},"25":{"type":"branch","line":221,"loc":{"start":{"line":221,"column":6},"end":{"line":222,"column":11}},"locations":[{"start":{"line":221,"column":6},"end":{"line":222,"column":11}}]},"26":{"type":"branch","line":223,"loc":{"start":{"line":223,"column":17},"end":{"line":224,"column":52}},"locations":[{"start":{"line":223,"column":17},"end":{"line":224,"column":52}}]},"27":{"type":"branch","line":224,"loc":{"start":{"line":224,"column":51},"end":{"line":225,"column":16}},"locations":[{"start":{"line":224,"column":51},"end":{"line":225,"column":16}}]},"28":{"type":"branch","line":239,"loc":{"start":{"line":239,"column":9},"end":{"line":271,"column":16}},"locations":[{"start":{"line":239,"column":9},"end":{"line":271,"column":16}}]},"29":{"type":"branch","line":244,"loc":{"start":{"line":244,"column":68},"end":{"line":244,"column":77}},"locations":[{"start":{"line":244,"column":68},"end":{"line":244,"column":77}}]},"30":{"type":"branch","line":271,"loc":{"start":{"line":271,"column":10},"end":{"line":273,"column":76}},"locations":[{"start":{"line":271,"column":10},"end":{"line":273,"column":76}}]},"31":{"type":"branch","line":204,"loc":{"start":{"line":204,"column":12},"end":{"line":214,"column":5}},"locations":[{"start":{"line":204,"column":12},"end":{"line":214,"column":5}}]},"32":{"type":"branch","line":205,"loc":{"start":{"line":205,"column":26},"end":{"line":211,"column":6}},"locations":[{"start":{"line":205,"column":26},"end":{"line":211,"column":6}}]},"33":{"type":"branch","line":206,"loc":{"start":{"line":206,"column":34},"end":{"line":208,"column":7}},"locations":[{"start":{"line":206,"column":34},"end":{"line":208,"column":7}}]},"34":{"type":"branch","line":213,"loc":{"start":{"line":213,"column":11},"end":{"line":213,"column":70}},"locations":[{"start":{"line":213,"column":11},"end":{"line":213,"column":70}}]},"35":{"type":"branch","line":217,"loc":{"start":{"line":217,"column":21},"end":{"line":217,"column":74}},"locations":[{"start":{"line":217,"column":21},"end":{"line":217,"column":74}}]},"36":{"type":"branch","line":224,"loc":{"start":{"line":224,"column":23},"end":{"line":224,"column":51}},"locations":[{"start":{"line":224,"column":23},"end":{"line":224,"column":51}}]},"37":{"type":"branch","line":262,"loc":{"start":{"line":262,"column":25},"end":{"line":265,"column":18}},"locations":[{"start":{"line":262,"column":25},"end":{"line":265,"column":18}}]},"38":{"type":"branch","line":276,"loc":{"start":{"line":276,"column":20},"end":{"line":298,"column":9}},"locations":[{"start":{"line":276,"column":20},"end":{"line":298,"column":9}}]},"39":{"type":"branch","line":277,"loc":{"start":{"line":277,"column":30},"end":{"line":277,"column":51}},"locations":[{"start":{"line":277,"column":30},"end":{"line":277,"column":51}}]},"40":{"type":"branch","line":277,"loc":{"start":{"line":277,"column":42},"end":{"line":277,"column":61}},"locations":[{"start":{"line":277,"column":42},"end":{"line":277,"column":61}}]},"41":{"type":"branch","line":287,"loc":{"start":{"line":287,"column":27},"end":{"line":290,"column":20}},"locations":[{"start":{"line":287,"column":27},"end":{"line":290,"column":20}}]},"42":{"type":"branch","line":309,"loc":{"start":{"line":309,"column":7},"end":{"line":981,"column":1}},"locations":[{"start":{"line":309,"column":7},"end":{"line":981,"column":1}}]},"43":{"type":"branch","line":336,"loc":{"start":{"line":336,"column":17},"end":{"line":336,"column":64}},"locations":[{"start":{"line":336,"column":17},"end":{"line":336,"column":64}}]},"44":{"type":"branch","line":337,"loc":{"start":{"line":337,"column":19},"end":{"line":337,"column":58}},"locations":[{"start":{"line":337,"column":19},"end":{"line":337,"column":58}}]},"45":{"type":"branch","line":343,"loc":{"start":{"line":343,"column":33},"end":{"line":343,"column":69}},"locations":[{"start":{"line":343,"column":33},"end":{"line":343,"column":69}}]},"46":{"type":"branch","line":354,"loc":{"start":{"line":354,"column":37},"end":{"line":354,"column":61}},"locations":[{"start":{"line":354,"column":37},"end":{"line":354,"column":61}}]},"47":{"type":"branch","line":540,"loc":{"start":{"line":540,"column":23},"end":{"line":541,"column":56}},"locations":[{"start":{"line":540,"column":23},"end":{"line":541,"column":56}}]},"48":{"type":"branch","line":541,"loc":{"start":{"line":541,"column":47},"end":{"line":541,"column":56}},"locations":[{"start":{"line":541,"column":47},"end":{"line":541,"column":56}}]},"49":{"type":"branch","line":541,"loc":{"start":{"line":541,"column":52},"end":{"line":542,"column":11}},"locations":[{"start":{"line":541,"column":52},"end":{"line":542,"column":11}}]},"50":{"type":"branch","line":610,"loc":{"start":{"line":610,"column":4},"end":{"line":610,"column":43}},"locations":[{"start":{"line":610,"column":4},"end":{"line":610,"column":43}}]},"51":{"type":"branch","line":772,"loc":{"start":{"line":772,"column":49},"end":{"line":772,"column":77}},"locations":[{"start":{"line":772,"column":49},"end":{"line":772,"column":77}}]},"52":{"type":"branch","line":772,"loc":{"start":{"line":772,"column":64},"end":{"line":772,"column":79}},"locations":[{"start":{"line":772,"column":64},"end":{"line":772,"column":79}}]},"53":{"type":"branch","line":784,"loc":{"start":{"line":784,"column":29},"end":{"line":784,"column":64}},"locations":[{"start":{"line":784,"column":29},"end":{"line":784,"column":64}}]},"54":{"type":"branch","line":784,"loc":{"start":{"line":784,"column":44},"end":{"line":784,"column":84}},"locations":[{"start":{"line":784,"column":44},"end":{"line":784,"column":84}}]},"55":{"type":"branch","line":785,"loc":{"start":{"line":785,"column":15},"end":{"line":785,"column":50}},"locations":[{"start":{"line":785,"column":15},"end":{"line":785,"column":50}}]},"56":{"type":"branch","line":785,"loc":{"start":{"line":785,"column":43},"end":{"line":785,"column":68}},"locations":[{"start":{"line":785,"column":43},"end":{"line":785,"column":68}}]},"57":{"type":"branch","line":790,"loc":{"start":{"line":790,"column":11},"end":{"line":823,"column":29}},"locations":[{"start":{"line":790,"column":11},"end":{"line":823,"column":29}}]},"58":{"type":"branch","line":833,"loc":{"start":{"line":833,"column":15},"end":{"line":836,"column":37}},"locations":[{"start":{"line":833,"column":15},"end":{"line":836,"column":37}}]},"59":{"type":"branch","line":834,"loc":{"start":{"line":834,"column":18},"end":{"line":835,"column":89}},"locations":[{"start":{"line":834,"column":18},"end":{"line":835,"column":89}}]},"60":{"type":"branch","line":835,"loc":{"start":{"line":835,"column":87},"end":{"line":836,"column":37}},"locations":[{"start":{"line":835,"column":87},"end":{"line":836,"column":37}}]},"61":{"type":"branch","line":836,"loc":{"start":{"line":836,"column":33},"end":{"line":837,"column":37}},"locations":[{"start":{"line":836,"column":33},"end":{"line":837,"column":37}}]},"62":{"type":"branch","line":845,"loc":{"start":{"line":845,"column":25},"end":{"line":845,"column":61}},"locations":[{"start":{"line":845,"column":25},"end":{"line":845,"column":61}}]},"63":{"type":"branch","line":846,"loc":{"start":{"line":846,"column":26},"end":{"line":846,"column":55}},"locations":[{"start":{"line":846,"column":26},"end":{"line":846,"column":55}}]},"64":{"type":"branch","line":846,"loc":{"start":{"line":846,"column":40},"end":{"line":846,"column":69}},"locations":[{"start":{"line":846,"column":40},"end":{"line":846,"column":69}}]},"65":{"type":"branch","line":849,"loc":{"start":{"line":849,"column":17},"end":{"line":850,"column":51}},"locations":[{"start":{"line":849,"column":17},"end":{"line":850,"column":51}}]},"66":{"type":"branch","line":850,"loc":{"start":{"line":850,"column":20},"end":{"line":855,"column":35}},"locations":[{"start":{"line":850,"column":20},"end":{"line":855,"column":35}}]},"67":{"type":"branch","line":851,"loc":{"start":{"line":851,"column":21},"end":{"line":852,"column":42}},"locations":[{"start":{"line":851,"column":21},"end":{"line":852,"column":42}}]},"68":{"type":"branch","line":852,"loc":{"start":{"line":852,"column":20},"end":{"line":855,"column":35}},"locations":[{"start":{"line":852,"column":20},"end":{"line":855,"column":35}}]},"69":{"type":"branch","line":853,"loc":{"start":{"line":853,"column":20},"end":{"line":854,"column":34}},"locations":[{"start":{"line":853,"column":20},"end":{"line":854,"column":34}}]},"70":{"type":"branch","line":854,"loc":{"start":{"line":854,"column":22},"end":{"line":855,"column":35}},"locations":[{"start":{"line":854,"column":22},"end":{"line":855,"column":35}}]},"71":{"type":"branch","line":868,"loc":{"start":{"line":868,"column":15},"end":{"line":868,"column":53}},"locations":[{"start":{"line":868,"column":15},"end":{"line":868,"column":53}}]},"72":{"type":"branch","line":868,"loc":{"start":{"line":868,"column":48},"end":{"line":868,"column":74}},"locations":[{"start":{"line":868,"column":48},"end":{"line":868,"column":74}}]},"73":{"type":"branch","line":874,"loc":{"start":{"line":874,"column":25},"end":{"line":874,"column":64}},"locations":[{"start":{"line":874,"column":25},"end":{"line":874,"column":64}}]},"74":{"type":"branch","line":874,"loc":{"start":{"line":874,"column":48},"end":{"line":874,"column":84}},"locations":[{"start":{"line":874,"column":48},"end":{"line":874,"column":84}}]},"75":{"type":"branch","line":877,"loc":{"start":{"line":877,"column":17},"end":{"line":878,"column":51}},"locations":[{"start":{"line":877,"column":17},"end":{"line":878,"column":51}}]},"76":{"type":"branch","line":878,"loc":{"start":{"line":878,"column":20},"end":{"line":881,"column":61}},"locations":[{"start":{"line":878,"column":20},"end":{"line":881,"column":61}}]},"77":{"type":"branch","line":879,"loc":{"start":{"line":879,"column":21},"end":{"line":880,"column":53}},"locations":[{"start":{"line":879,"column":21},"end":{"line":880,"column":53}}]},"78":{"type":"branch","line":880,"loc":{"start":{"line":880,"column":20},"end":{"line":881,"column":61}},"locations":[{"start":{"line":880,"column":20},"end":{"line":881,"column":61}}]},"79":{"type":"branch","line":887,"loc":{"start":{"line":887,"column":15},"end":{"line":887,"column":54}},"locations":[{"start":{"line":887,"column":15},"end":{"line":887,"column":54}}]},"80":{"type":"branch","line":887,"loc":{"start":{"line":887,"column":37},"end":{"line":887,"column":71}},"locations":[{"start":{"line":887,"column":37},"end":{"line":887,"column":71}}]},"81":{"type":"branch","line":892,"loc":{"start":{"line":892,"column":11},"end":{"line":895,"column":18}},"locations":[{"start":{"line":892,"column":11},"end":{"line":895,"column":18}}]},"82":{"type":"branch","line":895,"loc":{"start":{"line":895,"column":12},"end":{"line":896,"column":19}},"locations":[{"start":{"line":895,"column":12},"end":{"line":896,"column":19}}]},"83":{"type":"branch","line":897,"loc":{"start":{"line":897,"column":12},"end":{"line":900,"column":18}},"locations":[{"start":{"line":897,"column":12},"end":{"line":900,"column":18}}]},"84":{"type":"branch","line":900,"loc":{"start":{"line":900,"column":12},"end":{"line":964,"column":18}},"locations":[{"start":{"line":900,"column":12},"end":{"line":964,"column":18}}]},"85":{"type":"branch","line":901,"loc":{"start":{"line":901,"column":14},"end":{"line":960,"column":17}},"locations":[{"start":{"line":901,"column":14},"end":{"line":960,"column":17}}]},"86":{"type":"branch","line":960,"loc":{"start":{"line":960,"column":12},"end":{"line":964,"column":18}},"locations":[{"start":{"line":960,"column":12},"end":{"line":964,"column":18}}]},"87":{"type":"branch","line":969,"loc":{"start":{"line":969,"column":7},"end":{"line":977,"column":10}},"locations":[{"start":{"line":969,"column":7},"end":{"line":977,"column":10}}]},"88":{"type":"branch","line":357,"loc":{"start":{"line":357,"column":4},"end":{"line":371,"column":6}},"locations":[{"start":{"line":357,"column":4},"end":{"line":371,"column":6}}]},"89":{"type":"branch","line":359,"loc":{"start":{"line":359,"column":23},"end":{"line":361,"column":7}},"locations":[{"start":{"line":359,"column":23},"end":{"line":361,"column":7}}]},"90":{"type":"branch","line":365,"loc":{"start":{"line":365,"column":8},"end":{"line":368,"column":12}},"locations":[{"start":{"line":365,"column":8},"end":{"line":368,"column":12}}]},"91":{"type":"branch","line":368,"loc":{"start":{"line":368,"column":8},"end":{"line":369,"column":12}},"locations":[{"start":{"line":368,"column":8},"end":{"line":369,"column":12}}]},"92":{"type":"branch","line":364,"loc":{"start":{"line":364,"column":10},"end":{"line":364,"column":64}},"locations":[{"start":{"line":364,"column":10},"end":{"line":364,"column":64}}]},"93":{"type":"branch","line":367,"loc":{"start":{"line":367,"column":10},"end":{"line":367,"column":79}},"locations":[{"start":{"line":367,"column":10},"end":{"line":367,"column":79}}]},"94":{"type":"branch","line":367,"loc":{"start":{"line":367,"column":26},"end":{"line":367,"column":43}},"locations":[{"start":{"line":367,"column":26},"end":{"line":367,"column":43}}]},"95":{"type":"branch","line":376,"loc":{"start":{"line":376,"column":4},"end":{"line":398,"column":6}},"locations":[{"start":{"line":376,"column":4},"end":{"line":398,"column":6}}]},"96":{"type":"branch","line":377,"loc":{"start":{"line":377,"column":17},"end":{"line":379,"column":7}},"locations":[{"start":{"line":377,"column":17},"end":{"line":379,"column":7}}]},"97":{"type":"branch","line":379,"loc":{"start":{"line":379,"column":6},"end":{"line":380,"column":37}},"locations":[{"start":{"line":379,"column":6},"end":{"line":380,"column":37}}]},"98":{"type":"branch","line":380,"loc":{"start":{"line":380,"column":29},"end":{"line":380,"column":45}},"locations":[{"start":{"line":380,"column":29},"end":{"line":380,"column":45}}]},"99":{"type":"branch","line":381,"loc":{"start":{"line":381,"column":22},"end":{"line":383,"column":7}},"locations":[{"start":{"line":381,"column":22},"end":{"line":383,"column":7}}]},"100":{"type":"branch","line":383,"loc":{"start":{"line":383,"column":6},"
[...]
":6}},"locations":[{"start":{"line":476,"column":22},"end":{"line":481,"column":6}}]},"124":{"type":"branch","line":477,"loc":{"start":{"line":477,"column":21},"end":{"line":479,"column":7}},"locations":[{"start":{"line":477,"column":21},"end":{"line":479,"column":7}}]},"125":{"type":"branch","line":485,"loc":{"start":{"line":485,"column":11},"end":{"line":488,"column":6}},"locations":[{"start":{"line":485,"column":11},"end":{"line":488,"column":6}}]},"126":{"type":"branch","line":491,"loc":{"start":{"line":491,"column":37},"end":{"line":508,"column":5}},"locations":[{"start":{"line":491,"column":37},"end":{"line":508,"column":5}}]},"127":{"type":"branch","line":492,"loc":{"start":{"line":492,"column":30},"end":{"line":507,"column":5}},"locations":[{"start":{"line":492,"column":30},"end":{"line":507,"column":5}}]},"128":{"type":"branch","line":493,"loc":{"start":{"line":493,"column":52},"end":{"line":500,"column":7}},"locations":[{"start":{"line":493,"column":52},"end":{"line":500,"column":7}}]},"129":{"type":"branch","line":511,"loc":{"start":{"line":511,"column":4},"end":{"line":522,"column":6}},"locations":[{"start":{"line":511,"column":4},"end":{"line":522,"column":6}}]},"130":{"type":"branch","line":512,"loc":{"start":{"line":512,"column":30},"end":{"line":514,"column":7}},"locations":[{"start":{"line":512,"column":30},"end":{"line":514,"column":7}}]},"131":{"type":"branch","line":516,"loc":{"start":{"line":516,"column":14},"end":{"line":518,"column":9}},"locations":[{"start":{"line":516,"column":14},"end":{"line":518,"column":9}}]},"132":{"type":"branch","line":526,"loc":{"start":{"line":526,"column":46},"end":{"line":537,"column":5}},"locations":[{"start":{"line":526,"column":46},"end":{"line":537,"column":5}}]},"133":{"type":"branch","line":527,"loc":{"start":{"line":527,"column":28},"end":{"line":529,"column":5}},"locations":[{"start":{"line":527,"column":28},"end":{"line":529,"column":5}}]},"134":{"type":"branch","line":531,"loc":{"start":{"line":531,"column":12},"end":{"line":533,"column":7}},"locations":[{"start":{"line":531,"column":12},"end":{"line":533,"column":7}}]},"135":{"type":"branch","line":541,"loc":{"start":{"line":541,"column":17},"end":{"line":541,"column":47}},"locations":[{"start":{"line":541,"column":17},"end":{"line":541,"column":47}}]},"136":{"type":"branch","line":556,"loc":{"start":{"line":556,"column":12},"end":{"line":561,"column":5}},"locations":[{"start":{"line":556,"column":12},"end":{"line":561,"column":5}}]},"137":{"type":"branch","line":557,"loc":{"start":{"line":557,"column":28},"end":{"line":559,"column":5}},"locations":[{"start":{"line":557,"column":28},"end":{"line":559,"column":5}}]},"138":{"type":"branch","line":559,"loc":{"start":{"line":559,"column":4},"end":{"line":560,"column":27}},"locations":[{"start":{"line":559,"column":4},"end":{"line":560,"column":27}}]},"139":{"type":"branch","line":563,"loc":{"start":{"line":563,"column":12},"end":{"line":570,"column":5}},"locations":[{"start":{"line":563,"column":12},"end":{"line":570,"column":5}}]},"140":{"type":"branch","line":564,"loc":{"start":{"line":564,"column":25},"end":{"line":566,"column":5}},"locations":[{"start":{"line":564,"column":25},"end":{"line":566,"column":5}}]},"141":{"type":"branch","line":566,"loc":{"start":{"line":566,"column":4},"end":{"line":567,"column":59}},"locations":[{"start":{"line":566,"column":4},"end":{"line":567,"column":59}}]},"142":{"type":"branch","line":567,"loc":{"start":{"line":567,"column":59},"end":{"line":569,"column":5}},"locations":[{"start":{"line":567,"column":59},"end":{"line":569,"column":5}}]},"143":{"type":"branch","line":567,"loc":{"start":{"line":567,"column":20},"end":{"line":567,"column":56}},"locations":[{"start":{"line":567,"column":20},"end":{"line":567,"column":56}}]},"144":{"type":"branch","line":572,"loc":{"start":{"line":572,"column":12},"end":{"line":608,"column":5}},"locations":[{"start":{"line":572,"column":12},"end":{"line":608,"column":5}}]},"145":{"type":"branch","line":574,"loc":{"start":{"line":574,"column":9},"end":{"line":574,"column":47}},"locations":[{"start":{"line":574,"column":9},"end":{"line":574,"column":47}}]},"146":{"type":"branch","line":574,"loc":{"start":{"line":574,"column":47},"end":{"line":579,"column":5}},"locations":[{"start":{"line":574,"column":47},"end":{"line":579,"column":5}}]},"147":{"type":"branch","line":579,"loc":{"start":{"line":579,"column":4},"end":{"line":581,"column":51}},"locations":[{"start":{"line":579,"column":4},"end":{"line":581,"column":51}}]},"148":{"type":"branch","line":581,"loc":{"start":{"line":581,"column":32},"end":{"line":581,"column":74}},"locations":[{"start":{"line":581,"column":32},"end":{"line":581,"column":74}}]},"149":{"type":"branch","line":581,"loc":{"start":{"line":581,"column":51},"end":{"line":581,"column":79}},"locations":[{"start":{"line":581,"column":51},"end":{"line":581,"column":79}}]},"150":{"type":"branch","line":576,"loc":{"start":{"line":576,"column":13},"end":{"line":578,"column":8}},"locations":[{"start":{"line":576,"column":13},"end":{"line":578,"column":8}}]},"151":{"type":"branch","line":582,"loc":{"start":{"line":582,"column":29},"end":{"line":600,"column":6}},"locations":[{"start":{"line":582,"column":29},"end":{"line":600,"column":6}}]},"152":{"type":"branch","line":589,"loc":{"start":{"line":589,"column":23},"end":{"line":591,"column":9}},"locations":[{"start":{"line":589,"column":23},"end":{"line":591,"column":9}}]},"153":{"type":"branch","line":593,"loc":{"start":{"line":593,"column":6},"end":{"line":599,"column":7}},"locations":[{"start":{"line":593,"column":6},"end":{"line":599,"column":7}}]},"154":{"type":"branch","line":604,"loc":{"start":{"line":604,"column":11},"end":{"line":607,"column":6}},"locations":[{"start":{"line":604,"column":11},"end":{"line":607,"column":6}}]},"155":{"type":"branch","line":615,"loc":{"start":{"line":615,"column":32},"end":{"line":622,"column":5}},"locations":[{"start":{"line":615,"column":32},"end":{"line":622,"column":5}}]},"156":{"type":"branch","line":619,"loc":{"start":{"line":619,"column":26},"end":{"line":620,"column":11}},"locations":[{"start":{"line":619,"column":26},"end":{"line":620,"column":11}}]},"157":{"type":"branch","line":644,"loc":{"start":{"line":644,"column":12},"end":{"line":647,"column":5}},"locations":[{"start":{"line":644,"column":12},"end":{"line":647,"column":5}}]},"158":{"type":"branch","line":649,"loc":{"start":{"line":649,"column":36},"end":{"line":698,"column":5}},"locations":[{"start":{"line":649,"column":36},"end":{"line":698,"column":5}}]},"159":{"type":"branch","line":650,"loc":{"start":{"line":650,"column":28},"end":{"line":652,"column":5}},"locations":[{"start":{"line":650,"column":28},"end":{"line":652,"column":5}}]},"160":{"type":"branch","line":669,"loc":{"start":{"line":669,"column":27},"end":{"line":669,"column":57}},"locations":[{"start":{"line":669,"column":27},"end":{"line":669,"column":57}}]},"161":{"type":"branch","line":669,"loc":{"start":{"line":669,"column":47},"end":{"line":669,"column":65}},"locations":[{"start":{"line":669,"column":47},"end":{"line":669,"column":65}}]},"162":{"type":"branch","line":672,"loc":{"start":{"line":672,"column":38},"end":{"line":672,"column":46}},"locations":[{"start":{"line":672,"column":38},"end":{"line":672,"column":46}}]},"163":{"type":"branch","line":673,"loc":{"start":{"line":673,"column":21},"end":{"line":676,"column":7}},"locations":[{"start":{"line":673,"column":21},"end":{"line":676,"column":7}}]},"164":{"type":"branch","line":681,"loc":{"start":{"line":681,"column":26},"end":{"line":684,"column":7}},"locations":[{"start":{"line":681,"column":26},"end":{"line":684,"column":7}}]},"165":{"type":"branch","line":690,"loc":{"start":{"line":690,"column":6},"end":{"line":694,"column":7}},"locations":[{"start":{"line":690,"column":6},"end":{"line":694,"column":7}}]},"166":{"type":"branch","line":695,"loc":{"start":{"line":695,"column":4},"end":{"line":697,"column":5}},"locations":[{"start":{"line":695,"column":4},"end":{"line":697,"column":5}}]},"167":{"type":"branch","line":712,"loc":{"start":{"line":712,"column":42},"end":{"line":738,"column":5}},"locations":[{"start":{"line":712,"column":42},"end":{"line":738,"column":5}}]},"168":{"type":"branch","line":715,"loc":{"start":{"line":715,"column":56},"end":{"line":717,"column":5}},"locations":[{"start":{"line":715,"column":56},"end":{"line":717,"column":5}}]},"169":{"type":"branch","line":722,"loc":{"start":{"line":722,"column":20},"end":{"line":724,"column":5}},"locations":[{"start":{"line":722,"column":20},"end":{"line":724,"column":5}}]},"170":{"type":"branch","line":728,"loc":{"start":{"line":728,"column":23},"end":{"line":730,"column":7}},"locations":[{"start":{"line":728,"column":23},"end":{"line":730,"column":7}}]},"171":{"type":"branch","line":733,"loc":{"start":{"line":733,"column":4},"end":{"line":735,"column":6}},"locations":[{"start":{"line":733,"column":4},"end":{"line":735,"column":6}}]},"172":{"type":"branch","line":765,"loc":{"start":{"line":765,"column":21},"end":{"line":765,"column":50}},"locations":[{"start":{"line":765,"column":21},"end":{"line":765,"column":50}}]},"173":{"type":"branch","line":774,"loc":{"start":{"line":774,"column":21},"end":{"line":779,"column":14}},"locations":[{"start":{"line":774,"column":21},"end":{"line":779,"column":14}}]},"174":{"type":"branch","line":775,"loc":{"start":{"line":775,"column":39},"end":{"line":777,"column":15}},"locations":[{"start":{"line":775,"column":39},"end":{"line":777,"column":15}}]},"175":{"type":"branch","line":778,"loc":{"start":{"line":778,"column":30},"end":{"line":778,"column":45}},"locations":[{"start":{"line":778,"column":30},"end":{"line":778,"column":45}}]},"176":{"type":"branch","line":792,"loc":{"start":{"line":792,"column":25},"end":{"line":805,"column":34}},"locations":[{"start":{"line":792,"column":25},"end":{"line":805,"column":34}}]},"177":{"type":"branch","line":798,"loc":{"start":{"line":798,"column":27},"end":{"line":801,"column":20}},"locations":[{"start":{"line":798,"column":27},"end":{"line":801,"column":20}}]},"178":{"type":"branch","line":857,"loc":{"start":{"line":857,"column":23},"end":{"line":866,"column":16}},"locations":[{"start":{"line":857,"column":23},"end":{"line":866,"column":16}}]},"179":{"type":"branch","line":858,"loc":{"start":{"line":858,"column":58},"end":{"line":860,"column":17}},"locations":[{"start":{"line":858,"column":58},"end":{"line":860,"column":17}}]},"180":{"type":"branch","line":861,"loc":{"start":{"line":861,"column":33},"end":{"line":864,"column":17}},"locations":[{"start":{"line":861,"column":33},"end":{"line":864,"column":17}}]},"181":{"type":"branch","line":864,"loc":{"start":{"line":864,"column":16},"end":{"line":865,"column":53}},"locations":[{"start":{"line":864,"column":16},"end":{"line":865,"column":53}}]},"182":{"type":"branch","line":883,"loc":{"start":{"line":883,"column":23},"end":{"line":885,"column":16}},"locations":[{"start":{"line":883,"column":23},"end":{"line":885,"column":16}}]},"183":{"type":"branch","line":903,"loc":{"start":{"line":903,"column":38},"end":{"line":959,"column":15}},"locations":[{"start":{"line":903,"column":38},"end":{"line":959,"column":15}}]},"184":{"type":"branch","line":904,"loc":{"start":{"line":904,"column":37},"end":{"line":904,"column":61}},"locations":[{"start":{"line":904,"column":37},"end":{"line":904,"column":61}}]},"185":{"type":"branch","line":905,"loc":{"start":{"line":905,"column":57},"end":{"line":906,"column":32}},"locations":[{"start":{"line":905,"column":57},"end":{"line":906,"column":32}}]},"186":{"type":"branch","line":906,"loc":{"start":{"line":906,"column":20},"end":{"line":907,"column":32}},"locations":[{"start":{"line":906,"column":20},"end":{"line":907,"column":32}}]},"187":{"type":"branch","line":910,"loc":{"start":{"line":910,"column":38},"end":{"line":910,"column":75}},"locations":[{"start":{"line":910,"column":38},"end":{"line":910,"column":75}}]},"188":{"type":"branch","line":911,"loc":{"start":{"line":911,"column":83},"end":{"line":911,"column":91}},"locations":[{"start":{"line":911,"column":83},"end":{"line":911,"column":91}}]},"189":{"type":"branch","line":917,"loc":{"start":{"line":917,"column":25},"end":{"line":918,"column":54}},"locations":[{"start":{"line":917,"column":25},"end":{"line":918,"column":54}}]},"190":{"type":"branch","line":918,"loc":{"start":{"line":918,"column":52},"end":{"line":922,"column":48}},"locations":[{"start":{"line":918,"column":52},"end":{"line":922,"column":48}}]},"191":{"type":"branch","line":919,"loc":{"start":{"line":919,"column":28},"end":{"line":920,"column":91}},"locations":[{"start":{"line":919,"column":28},"end":{"line":920,"column":91}}]},"192":{"type":"branch","line":920,"loc":{"start":{"line":920,"column":89},"end":{"line":922,"column":48}},"locations":[{"start":{"line":920,"column":89},"end":{"line":922,"column":48}}]},"193":{"type":"branch","line":926,"loc":{"start":{"line":926,"column":23},"end":{"line":929,"column":31}},"locations":[{"start":{"line":926,"column":23},"end":{"line":929,"column":31}}]},"194":{"type":"branch","line":929,"loc":{"start":{"line":929,"column":24},"end":{"line":930,"column":31}},"locations":[{"start":{"line":929,"column":24},"end":{"line":930,"column":31}}]},"195":{"type":"branch","line":932,"loc":{"start":{"line":932,"column":47},"end":{"line":955,"column":28}},"locations":[{"start":{"line":932,"column":47},"end":{"line":955,"column":28}}]},"196":{"type":"branch","line":955,"loc":{"start":{"line":955,"column":22},"end":{"line":956,"column":29}},"locations":[{"start":{"line":955,"column":22},"end":{"line":956,"column":29}}]},"197":{"type":"branch","line":934,"loc":{"start":{"line":934,"column":46},"end":{"line":954,"column":25}},"locations":[{"start":{"line":934,"column":46},"end":{"line":954,"column":25}}]},"198":{"type":"branch","line":938,"loc":{"start":{"line":938,"column":54},"end":{"line":938,"column":69}},"locations":[{"start":{"line":938,"column":54},"end":{"line":938,"column":69}}]},"199":{"type":"branch","line":976,"loc":{"start":{"line":976,"column":19},"end":{"line":976,"column":49}},"locations":[{"start":{"line":976,"column":19},"end":{"line":976,"column":49}}]}},"b":{"0":[13],"1":[0],"2":[0],"3":[0],"4":[0],"5":[0],"6":[0],"7":[0],"8":[0],"9":[15],"10":[1],"11":[14],"12":[0],"13":[14],"14":[12],"15":[0],"16":[0],"17":[0],"18":[1],"19":[11],"20":[6],"21":[5],"22":[4],"23":[3],"24":[1],"25":[1],"26":[3],"27":[1],"28":[3],"29":[0],"30":[1],"31":[4],"32":[1],"33":[0],"34":[4],"35":[4],"36":[5],"37":[1],"38":[5],"39":[3],"40":[2],"41":[1],"42":[104],"43":[0],"44":[0],"45":[92],"46":[95],"47":[42],"48":[0],"49":[62],"50":[9],"51":[15],"52":[89],"53":[42],"54":[62],"55":[42],"56":[62],"57":[15],"58":[42],"59":[4],"60":[38],"61":[62],"62":[95],"63":[11],"64":[93],"65":[9],"66":[95],"67":[53],"68":[42],"69":[11],"70":[31],"71":[11],"72":[93],"73":[95],"74":[42],"75":[9],"76":[95],"77":[53],"78":[42],"79":[1],"80":[103],"81":[1],"82":[103],"83":[9],"84":[95],"85":[42],"86":[53],"87":[4],"88":[35],"89":[0],"90":[34],"91":[34],"92":[3],"93":[2],"94":[0],"95":[18],"96":[16],"97":[2],"98":[0],"99":[0],"100":[2],"101":[0],"102":[0],"103":[2],"104":[2],"105":[17],"106":[17],"107":[0],"108":[17],"109":[17],"110":[3],"111":[14],"112":[3],"113":[14],"114":[0],"115":[14],"116":[167],"117":[0],"118":[0],"119":[17],"120":[3],"121":[14],"122":[3],"123":[166],"124":[0],"125":[14],"126":[36],"127":[13],"128":[15],"129":[1],"130":[0],"131":[1],"132":[1],"133":[0],"134":[1],"135":[42],"136":[17],"137":[14],"138":[3],"139":[46],"140":[34],"141":[12],"142":[0],"143":[12],"144":[31],"145":[28],"146":[21],"147":[10],"148":[0],"149":[10],"150":[21],"151":[161],"152":[0],"153":[0],"154":[10],"155":[17],"156":[16],"157":[27],"158":[1],"159":[0],"160":[0],"161":[0],"162":[0],"163":[0],"164":[0],"165":[0],"166":[0],"167":[1],"168":[0],"169":[0],"170":[0],"171":[0],"172":[4],"173":[12],"174":[0],"175":[12],"176":[11],"177":[10],"178":[10],"179":[0],"180":[3],"181":[7],"182":[1],"183":[50],"184":[4],"185":[4],"186":[46],"187":[4],"188":[48],"189":[3],"190":[47],"191":[4],"192":[43],"193":[4],"194":[46],"195":[2],"196":[48],"197":[12],"198":[0],"199":[3]},"fnMap":{"0":{"name":"formatPlanLabel","decl":{"start":{"line":141,"column":0},"end":{"line":157,"column":1}},"loc":{"start":{"line":141,"column":0},"end":{"line":157,"column":1}},"line":141},"1":{"name":"mapForgeItemStatus","decl":{"start":{"line":159,"column":0},"end":{"line":168,"column":1}},"loc":{"start":{"line":159,"column":0},"end":{"line":168,"column":1}},"line":159},"2":{"name":"mapForgePhaseChipState","decl":{"start":{"line":170,"column":0},"end":{"line":187,"column":1}},"loc":{"start":{"line":170,"column":0},"end":{"line":187,"column":1}},"line":170},"3":{"name":"ForgeTemplatesModal","decl":{"start":{"line":189,"column":0},"end":{"line":307,"column":1}},"loc":{"start":{"line":189,"column":0},"end":{"line":307,"column":1}},"line":189},"4":{"name":"handleKeyDown","decl":{"start":{"line":205,"column":26},"end":{"line":211,"column":6}},"loc":{"start":{"line":205,"column":26},"end":{"line":211,"column":6}},"line":205},"5":{"name":"onClick","decl":{"start":{"line":253,"column":25},"end":{"line":255,"column":18}},"loc":{"start":{"line":253,"column":25},"end":{"line":255,"column":18}},"line":253},"6":{"name":"onClick","decl":{"start":{"line":262,"column":25},"end":{"line":265,"column":18}},"loc":{"start":{"line":262,"column":25},"end":{"line":265,"column":18}},"line":262},"7":{"name":"onClick","decl":{"start":{"line":287,"column":27},"end":{"line":290,"column":20}},"loc":{"start":{"line":287,"column":27},"end":{"line":290,"column":20}},"line":287},"8":{"name":"Forge","decl":{"start":{"line":309,"column":7},"end":{"line":981,"column":1}},"loc":{"start":{"line":309,"column":7},"end":{"line":981,"column":1}},"line":309},"9":{"name":"loadPlans","decl":{"start":{"line":476,"column":22},"end":{"line":481,"column":6}},"loc":{"start":{"line":476,"column":22},"end":{"line":481,"column":6}},"line":476},"10":{"name":"onClose","decl":{"start":{"line":553,"column":13},"end":{"line":553,"column":42}},"loc":{"start":{"line":553,"column":13},"end":{"line":553,"column":42}},"line":553},"11":{"name":"installedTemplateId","decl":{"start":{"line":576,"column":13},"end":{"line":578,"column":8}},"loc":{"start":{"line":576,"column":13},"end":{"line":578,"column":8}},"line":576},"12":{"name":"refreshPhaseView","decl":{"start":{"line":582,"column":29},"end":{"line":600,"column":6}},"loc":{"start":{"line":582,"column":29},"end":{"line":600,"column":6}},"line":582},"13":{"name":"onClick","decl":{"start":{"line":765,"column":21},"end":{"line":765,"column":50}},"loc":{"start":{"line":765,"column":21},"end":{"line":765,"column":50}},"line":765},"14":{"name":"onClick","decl":{"start":{"line":774,"column":21},"end":{"line":779,"column":14}},"loc":{"start":{"line":774,"column":21},"end":{"line":779,"column":14}},"line":774},"15":{"name":"onClick","decl":{"start":{"line":798,"column":27},"end":{"line":801,"column":20}},"loc":{"start":{"line":798,"column":27},"end":{"line":801,"column":20}},"line":798},"16":{"name":"onClick","decl":{"start":{"line":809,"column":25},"end":{"line":812,"column":18}},"loc":{"start":{"line":809,"column":25},"end":{"line":812,"column":18}},"line":809},"17":{"name":"onClick","decl":{"start":{"line":857,"column":23},"end":{"line":866,"column":16}},"loc":{"start":{"line":857,"column":23},"end":{"line":866,"column":16}},"line":857},"18":{"name":"onClick","decl":{"start":{"line":883,"column":23},"end":{"line":885,"column":16}},"loc":{"start":{"line":883,"column":23},"end":{"line":885,"column":16}},"line":883},"19":{"name":"onClose","decl":{"start":{"line":976,"column":19},"end":{"line":976,"column":49}},"loc":{"start":{"line":976,"column":19},"end":{"line":976,"column":49}},"line":976}},"f":{"0":13,"1":15,"2":12,"3":4,"4":1,"5":0,"6":1,"7":1,"8":104,"9":166,"10":0,"11":21,"12":161,"13":4,"14":12,"15":10,"16":0,"17":10,"18":1,"19":3}}
}
